SOLUCION FINAL:
Num elevators = 50
Num floors = 50
Cost = 8113
------------------------------------------------------------------------------
Elevator ID          =               1               2               3
Direction            =               1               0              -1
Current Floor        =              12              30              24
Total Capacity       =              20              20              20
Current Capacity     =              17              20              18
Number of stops      =               7               0              20
Stops in floors      = [(In=38,Out=1,WaitTime=37), (In=13,Out=32,WaitTime=37), (In=39,Out=39,WaitTime=37), (In=44,Out=44,WaitTime=33), (In=45,Out=45,WaitTime=21), (In=47,Out=13,WaitTime=37), (In=9,Out=36,WaitTime=37)]              [] [(In=7,Out=7,WaitTime=12), (In=41,Out=5,WaitTime=17), (In=32,Out=25,WaitTime=17), (In=32,Out=3,WaitTime=17), (In=40,Out=29,WaitTime=17), (In=44,Out=32,WaitTime=17), (In=35,Out=18,WaitTime=17), (In=48,Out=11,WaitTime=17), (In=26,Out=16,WaitTime=17), (In=26,Out=26,WaitTime=18), (In=46,Out=31,WaitTime=17), (In=24,Out=46,WaitTime=17), (In=24,Out=32,WaitTime=17), (In=18,Out=17,WaitTime=17), (In=18,Out=47,WaitTime=17), (In=9,Out=31,WaitTime=17), (In=9,Out=8,WaitTime=17), (In=6,Out=11,WaitTime=17), (In=5,Out=19,WaitTime=17), (In=2,Out=15,WaitTime=17)]
Distance             =             151               6             130
------------------------------------------------------------------------------
Elevator ID          =               4               5               6
Direction            =              -1              -1              -1
Current Floor        =              21              33              46
Total Capacity       =              20              20              20
Current Capacity     =              13              18              16
Number of stops      =              19              14              15
Stops in floors      = [(In=18,Out=18,WaitTime=8), (In=8,Out=1,WaitTime=13), (In=5,Out=11,WaitTime=13), (In=33,Out=33,WaitTime=34), (In=30,Out=5,WaitTime=13), (In=35,Out=15,WaitTime=13), (In=36,Out=35,WaitTime=13), (In=39,Out=39,WaitTime=25), (In=4,Out=45,WaitTime=13), (In=40,Out=11,WaitTime=13), (In=40,Out=40,WaitTime=14), (In=40,Out=49,WaitTime=44), (In=41,Out=28,WaitTime=13), (In=42,Out=30,WaitTime=44), (In=5,Out=5,WaitTime=15), (In=43,Out=22,WaitTime=13), (In=44,Out=44,WaitTime=19), (In=12,Out=12,WaitTime=17), (In=48,Out=3,WaitTime=13)] [(In=31,Out=31,WaitTime=9), (In=34,Out=20,WaitTime=32), (In=29,Out=46,WaitTime=32), (In=30,Out=10,WaitTime=32), (In=23,Out=42,WaitTime=32), (In=31,Out=5,WaitTime=32), (In=33,Out=20,WaitTime=32), (In=28,Out=31,WaitTime=32), (In=30,Out=7,WaitTime=32), (In=17,Out=4,WaitTime=32), (In=9,Out=48,WaitTime=32), (In=7,Out=7,WaitTime=33), (In=49,Out=21,WaitTime=32), (In=3,Out=44,WaitTime=32)] [(In=26,Out=26,WaitTime=1), (In=40,Out=3,WaitTime=7), (In=40,Out=40,WaitTime=8), (In=39,Out=29,WaitTime=7), (In=39,Out=22,WaitTime=7), (In=36,Out=25,WaitTime=7), (In=21,Out=21,WaitTime=6), (In=17,Out=10,WaitTime=7), (In=15,Out=15,WaitTime=7), (In=13,Out=29,WaitTime=7), (In=13,Out=40,WaitTime=7), (In=12,Out=9,WaitTime=7), (In=12,Out=47,WaitTime=7), (In=4,Out=26,WaitTime=7), (In=2,Out=36,WaitTime=7)]
Distance             =             370             340             132
------------------------------------------------------------------------------
Elevator ID          =               7               8               9
Direction            =               1              -1               1
Current Floor        =              13              37              16
Total Capacity       =              20              20              20
Current Capacity     =              15              18              18
Number of stops      =              20              18              17
Stops in floors      = [(In=15,Out=15,WaitTime=9), (In=15,Out=15,WaitTime=11), (In=31,Out=31,WaitTime=16), (In=3,Out=19,WaitTime=22), (In=14,Out=37,WaitTime=22), (In=17,Out=18,WaitTime=22), (In=7,Out=49,WaitTime=22), (In=18,Out=20,WaitTime=22), (In=20,Out=8,WaitTime=22), (In=20,Out=5,WaitTime=43), (In=10,Out=10,WaitTime=34), (In=19,Out=19,WaitTime=24), (In=26,Out=25,WaitTime=22), (In=27,Out=30,WaitTime=22), (In=28,Out=47,WaitTime=22), (In=34,Out=39,WaitTime=22), (In=38,Out=35,WaitTime=22), (In=38,Out=2,WaitTime=22), (In=44,Out=43,WaitTime=22), (In=45,Out=24,WaitTime=22)] [(In=35,Out=35,WaitTime=6), (In=47,Out=38,WaitTime=21), (In=29,Out=40,WaitTime=21), (In=32,Out=8,WaitTime=21), (In=33,Out=45,WaitTime=21), (In=36,Out=48,WaitTime=21), (In=22,Out=22,WaitTime=22), (In=45,Out=44,WaitTime=21), (In=20,Out=18,WaitTime=21), (In=19,Out=28,WaitTime=21), (In=16,Out=48,WaitTime=21), (In=14,Out=2,WaitTime=21), (In=13,Out=4,WaitTime=21), (In=9,Out=25,WaitTime=21), (In=9,Out=43,WaitTime=21), (In=7,Out=39,WaitTime=21), (In=5,Out=12,WaitTime=21), (In=4,Out=40,WaitTime=21)] [(In=17,Out=17,WaitTime=4), (In=23,Out=16,WaitTime=19), (In=27,Out=29,WaitTime=19), (In=20,Out=48,WaitTime=19), (In=6,Out=13,WaitTime=19), (In=29,Out=35,WaitTime=19), (In=35,Out=5,WaitTime=19), (In=35,Out=36,WaitTime=19), (In=38,Out=31,WaitTime=19), (In=40,Out=13,WaitTime=19), (In=41,Out=41,WaitTime=20), (In=2,Out=28,WaitTime=19), (In=42,Out=27,WaitTime=19), (In=45,Out=13,WaitTime=19), (In=46,Out=33,WaitTime=19), (In=47,Out=29,WaitTime=19), (In=48,Out=10,WaitTime=19)]
Distance             =             328             297             281
------------------------------------------------------------------------------
Elevator ID          =              10              11              12
Direction            =              -1              -1              -1
Current Floor        =              25               8              15
Total Capacity       =              20              20              20
Current Capacity     =              15              20              18
Number of stops      =              16              22              17
Stops in floors      = [(In=23,Out=25,WaitTime=25), (In=22,Out=37,WaitTime=25), (In=31,Out=31,WaitTime=6), (In=45,Out=44,WaitTime=25), (In=17,Out=36,WaitTime=25), (In=17,Out=36,WaitTime=25), (In=13,Out=32,WaitTime=25), (In=12,Out=38,WaitTime=25), (In=9,Out=9,WaitTime=38), (In=32,Out=32,WaitTime=26), (In=36,Out=36,WaitTime=31), (In=7,Out=11,WaitTime=25), (In=6,Out=46,WaitTime=25), (In=3,Out=8,WaitTime=25), (In=1,Out=15,WaitTime=25), (In=46,Out=46,WaitTime=1)] [(In=6,Out=28,WaitTime=34), (In=11,Out=19,WaitTime=34), (In=4,Out=17,WaitTime=34), (In=13,Out=44,WaitTime=34), (In=16,Out=12,WaitTime=35), (In=7,Out=33,WaitTime=34), (In=17,Out=36,WaitTime=34), (In=18,Out=20,WaitTime=34), (In=20,Out=21,WaitTime=34), (In=25,Out=31,WaitTime=34), (In=32,Out=10,WaitTime=34), (In=33,Out=29,WaitTime=34), (In=35,Out=33,WaitTime=34), (In=35,Out=23,WaitTime=35), (In=35,Out=43,WaitTime=35), (In=43,Out=28,WaitTime=35), (In=44,Out=37,WaitTime=34), (In=48,Out=12,WaitTime=34), (In=48,Out=1,WaitTime=34), (In=49,Out=6,WaitTime=35), (In=49,Out=17,WaitTime=35), (In=49,Out=27,WaitTime=35)] [(In=14,Out=42,WaitTime=31), (In=31,Out=31,WaitTime=12), (In=35,Out=15,WaitTime=31), (In=11,Out=20,WaitTime=31), (In=37,Out=5,WaitTime=31), (In=39,Out=29,WaitTime=31), (In=39,Out=8,WaitTime=31), (In=41,Out=11,WaitTime=31), (In=42,Out=25,WaitTime=31), (In=42,Out=44,WaitTime=31), (In=13,Out=39,WaitTime=31), (In=43,Out=26,WaitTime=31), (In=43,Out=15,WaitTime=31), (In=17,Out=28,WaitTime=31), (In=47,Out=47,WaitTime=32), (In=3,Out=29,WaitTime=31), (In=49,Out=19,WaitTime=31)]
Distance             =             496             244             350
------------------------------------------------------------------------------
Elevator ID          =              13              14              15
Direction            =              -1              -1               1
Current Floor        =              31              41               5
Total Capacity       =              20              20              20
Current Capacity     =              19              20              18
Number of stops      =               2               8              18
Stops in floors      = [(In=20,Out=20,WaitTime=11), (In=16,Out=10,WaitTime=10)] [(In=39,Out=21,WaitTime=3), (In=38,Out=32,WaitTime=3), (In=31,Out=6,WaitTime=3), (In=22,Out=16,WaitTime=3), (In=19,Out=13,WaitTime=3), (In=14,Out=4,WaitTime=3), (In=7,Out=33,WaitTime=3), (In=48,Out=2,WaitTime=3)] [(In=44,Out=44,WaitTime=1), (In=2,Out=32,WaitTime=23), (In=14,Out=44,WaitTime=23), (In=5,Out=25,WaitTime=23), (In=26,Out=15,WaitTime=23), (In=13,Out=26,WaitTime=23), (In=27,Out=20,WaitTime=23), (In=28,Out=6,WaitTime=23), (In=33,Out=48,WaitTime=23), (In=23,Out=9,WaitTime=23), (In=36,Out=11,WaitTime=23), (In=39,Out=19,WaitTime=23), (In=5,Out=21,WaitTime=23), (In=41,Out=41,WaitTime=24), (In=20,Out=8,WaitTime=23), (In=45,Out=30,WaitTime=23), (In=11,Out=41,WaitTime=23), (In=49,Out=9,WaitTime=23)]
Distance             =              40              43             421
------------------------------------------------------------------------------
Elevator ID          =              16              17              18
Direction            =              -1              -1              -1
Current Floor        =              15              30              35
Total Capacity       =              20              20              20
Current Capacity     =              12              19              18
Number of stops      =              14               6              15
Stops in floors      = [(In=4,Out=38,WaitTime=42), (In=17,Out=17,WaitTime=19), (In=34,Out=3,WaitTime=50), (In=9,Out=40,WaitTime=42), (In=35,Out=35,WaitTime=38), (In=36,Out=7,WaitTime=42), (In=37,Out=37,WaitTime=26), (In=37,Out=37,WaitTime=41), (In=42,Out=39,WaitTime=42), (In=43,Out=19,WaitTime=42), (In=47,Out=47,WaitTime=23), (In=48,Out=48,WaitTime=34), (In=48,Out=48,WaitTime=40), (In=49,Out=49,WaitTime=28)] [(In=23,Out=5,WaitTime=9), (In=18,Out=46,WaitTime=9), (In=15,Out=15,WaitTime=10), (In=4,Out=1,WaitTime=9), (In=3,Out=15,WaitTime=9), (In=43,Out=6,WaitTime=9)] [(In=10,Out=10,WaitTime=8), (In=46,Out=17,WaitTime=18), (In=33,Out=44,WaitTime=18), (In=33,Out=16,WaitTime=18), (In=32,Out=34,WaitTime=18), (In=27,Out=39,WaitTime=18), (In=27,Out=4,WaitTime=18), (In=21,Out=2,WaitTime=18), (In=19,Out=29,WaitTime=18), (In=17,Out=39,WaitTime=18), (In=16,Out=16,WaitTime=19), (In=13,Out=38,WaitTime=18), (In=49,Out=20,WaitTime=18), (In=12,Out=49,WaitTime=18), (In=7,Out=18,WaitTime=18)]
Distance             =             357              38             182
------------------------------------------------------------------------------
Elevator ID          =              19              20              21
Direction            =               1              -1              -1
Current Floor        =              30              31              13
Total Capacity       =              20              20              20
Current Capacity     =              18              19              19
Number of stops      =              18               1              18
Stops in floors      = [(In=38,Out=38,WaitTime=14), (In=18,Out=38,WaitTime=24), (In=19,Out=11,WaitTime=24), (In=8,Out=2,WaitTime=24), (In=21,Out=1,WaitTime=24), (In=21,Out=1,WaitTime=24), (In=30,Out=45,WaitTime=24), (In=17,Out=39,WaitTime=24), (In=32,Out=47,WaitTime=24), (In=1,Out=6,WaitTime=24), (In=35,Out=24,WaitTime=24), (In=39,Out=19,WaitTime=24), (In=44,Out=44,WaitTime=25), (In=24,Out=8,WaitTime=24), (In=45,Out=21,WaitTime=24), (In=46,Out=48,WaitTime=24), (In=47,Out=15,WaitTime=24), (In=48,Out=43,WaitTime=24)] [(In=21,Out=21,WaitTime=11)] [(In=7,Out=20,WaitTime=27), (In=11,Out=27,WaitTime=27), (In=8,Out=42,WaitTime=27), (In=24,Out=44,WaitTime=27), (In=23,Out=20,WaitTime=27), (In=27,Out=15,WaitTime=27), (In=30,Out=15,WaitTime=50), (In=21,Out=43,WaitTime=27), (In=34,Out=34,WaitTime=28), (In=11,Out=23,WaitTime=27), (In=35,Out=49,WaitTime=27), (In=35,Out=4,WaitTime=27), (In=37,Out=35,WaitTime=27), (In=40,Out=10,WaitTime=27), (In=40,Out=28,WaitTime=27), (In=40,Out=7,WaitTime=27), (In=24,Out=44,WaitTime=27), (In=45,Out=17,WaitTime=27)]
Distance             =             205              39             388
------------------------------------------------------------------------------
Elevator ID          =              22              23              24
Direction            =               1               1              -1
Current Floor        =              35              37               5
Total Capacity       =              20              20              20
Current Capacity     =              19              20              18
Number of stops      =               4               7               2
Stops in floors      = [(In=41,Out=24,WaitTime=36), (In=23,Out=23,WaitTime=11), (In=42,Out=28,WaitTime=36), (In=42,Out=25,WaitTime=36)] [(In=38,Out=2,WaitTime=30), (In=7,Out=27,WaitTime=30), (In=40,Out=47,WaitTime=30), (In=2,Out=13,WaitTime=30), (In=41,Out=3,WaitTime=30), (In=41,Out=32,WaitTime=30), (In=2,Out=12,WaitTime=30)] [(In=3,Out=3,WaitTime=43), (In=36,Out=36,WaitTime=18)]
Distance             =             163             107              79
------------------------------------------------------------------------------
Elevator ID          =              25              26              27
Direction            =               0              -1              -1
Current Floor        =              31              32              46
Total Capacity       =              20              20              20
Current Capacity     =              20              13              17
Number of stops      =               0              10              16
Stops in floors      =              [] [(In=12,Out=12,WaitTime=12), (In=22,Out=22,WaitTime=10), (In=43,Out=42,WaitTime=40), (In=37,Out=37,WaitTime=13), (In=44,Out=25,WaitTime=40), (In=25,Out=25,WaitTime=17), (In=46,Out=27,WaitTime=40), (In=24,Out=24,WaitTime=21), (In=47,Out=47,WaitTime=41), (In=7,Out=7,WaitTime=30)] [(In=45,Out=45,WaitTime=1), (In=44,Out=8,WaitTime=2), (In=42,Out=24,WaitTime=2), (In=41,Out=47,WaitTime=2), (In=35,Out=25,WaitTime=2), (In=34,Out=34,WaitTime=2), (In=33,Out=40,WaitTime=2), (In=21,Out=48,WaitTime=2), (In=19,Out=47,WaitTime=2), (In=19,Out=49,WaitTime=2), (In=17,Out=13,WaitTime=2), (In=12,Out=19,WaitTime=2), (In=6,Out=24,WaitTime=2), (In=5,Out=49,WaitTime=2), (In=5,Out=5,WaitTime=3), (In=2,Out=29,WaitTime=2)]
Distance             =               2             333              63
------------------------------------------------------------------------------
Elevator ID          =              28              29              30
Direction            =               0               0              -1
Current Floor        =              25              36              46
Total Capacity       =              20              20              20
Current Capacity     =              20              20              18
Number of stops      =               0               0               7
Stops in floors      =              []              [] [(In=43,Out=6,WaitTime=1), (In=39,Out=20,WaitTime=1), (In=32,Out=32,WaitTime=1), (In=32,Out=34,WaitTime=1), (In=19,Out=19,WaitTime=2), (In=4,Out=10,WaitTime=1), (In=48,Out=17,WaitTime=1)]
Distance             =               0               0              46
------------------------------------------------------------------------------
Elevator ID          =              31              32              33
Direction            =              -1               0               1
Current Floor        =              12              13              18
Total Capacity       =              20              20              20
Current Capacity     =              19              20              18
Number of stops      =              19               0               8
Stops in floors      = [(In=11,Out=45,WaitTime=29), (In=11,Out=8,WaitTime=29), (In=3,Out=22,WaitTime=29), (In=17,Out=33,WaitTime=29), (In=6,Out=46,WaitTime=29), (In=23,Out=23,WaitTime=31), (In=4,Out=48,WaitTime=29), (In=26,Out=8,WaitTime=29), (In=27,Out=49,WaitTime=29), (In=32,Out=41,WaitTime=29), (In=36,Out=4,WaitTime=29), (In=37,Out=32,WaitTime=29), (In=40,Out=37,WaitTime=29), (In=43,Out=13,WaitTime=29), (In=44,Out=18,WaitTime=29), (In=45,Out=36,WaitTime=29), (In=46,Out=39,WaitTime=29), (In=48,Out=36,WaitTime=29), (In=48,Out=35,WaitTime=29)]              [] [(In=27,Out=13,WaitTime=33), (In=27,Out=18,WaitTime=33), (In=33,Out=45,WaitTime=33), (In=36,Out=13,WaitTime=47), (In=5,Out=5,WaitTime=10), (In=5,Out=12,WaitTime=33), (In=38,Out=38,WaitTime=28), (In=38,Out=14,WaitTime=33)]
Distance             =             358               0             224
------------------------------------------------------------------------------
Elevator ID          =              34              35              36
Direction            =              -1               1              -1
Current Floor        =              37              16              30
Total Capacity       =              20              20              20
Current Capacity     =              17              17              18
Number of stops      =              12               6               6
Stops in floors      = [(In=34,Out=37,WaitTime=5), (In=31,Out=31,WaitTime=6), (In=43,Out=43,WaitTime=2), (In=30,Out=35,WaitTime=5), (In=47,Out=39,WaitTime=5), (In=26,Out=30,WaitTime=5), (In=24,Out=3,WaitTime=5), (In=21,Out=49,WaitTime=5), (In=19,Out=20,WaitTime=5), (In=11,Out=3,WaitTime=5), (In=5,Out=38,WaitTime=5), (In=3,Out=3,WaitTime=3)] [(In=48,Out=48,WaitTime=8), (In=35,Out=35,WaitTime=1), (In=5,Out=22,WaitTime=16), (In=41,Out=41,WaitTime=12), (In=2,Out=14,WaitTime=16), (In=41,Out=26,WaitTime=16)] [(In=5,Out=5,WaitTime=10), (In=34,Out=37,WaitTime=26), (In=31,Out=5,WaitTime=26), (In=16,Out=16,WaitTime=27), (In=42,Out=26,WaitTime=26), (In=9,Out=42,WaitTime=26)]
Distance             =              77             131             119
------------------------------------------------------------------------------
Elevator ID          =              37              38              39
Direction            =              -1              -1               1
Current Floor        =              44              22              34
Total Capacity       =              20              20              20
Current Capacity     =              17              18              17
Number of stops      =              12              14              15
Stops in floors      = [(In=4,Out=4,WaitTime=2), (In=35,Out=2,WaitTime=12), (In=35,Out=4,WaitTime=12), (In=34,Out=8,WaitTime=12), (In=33,Out=21,WaitTime=12), (In=29,Out=29,WaitTime=11), (In=27,Out=3,WaitTime=12), (In=26,Out=13,WaitTime=12), (In=17,Out=17,WaitTime=13), (In=3,Out=6,WaitTime=12), (In=1,Out=31,WaitTime=12), (In=1,Out=42,WaitTime=12)] [(In=20,Out=35,WaitTime=14), (In=17,Out=17,WaitTime=14), (In=31,Out=31,WaitTime=2), (In=16,Out=44,WaitTime=14), (In=16,Out=26,WaitTime=14), (In=14,Out=16,WaitTime=14), (In=12,Out=14,WaitTime=14), (In=45,Out=8,WaitTime=14), (In=10,Out=31,WaitTime=14), (In=44,Out=29,WaitTime=14), (In=5,Out=28,WaitTime=14), (In=48,Out=14,WaitTime=14), (In=3,Out=7,WaitTime=14), (In=48,Out=34,WaitTime=14)] [(In=40,Out=40,WaitTime=26), (In=16,Out=16,WaitTime=32), (In=20,Out=20,WaitTime=40), (In=1,Out=45,WaitTime=39), (In=24,Out=42,WaitTime=39), (In=24,Out=21,WaitTime=39), (In=25,Out=31,WaitTime=49), (In=27,Out=31,WaitTime=39), (In=36,Out=11,WaitTime=39), (In=36,Out=17,WaitTime=39), (In=37,Out=17,WaitTime=39), (In=40,Out=22,WaitTime=39), (In=7,Out=48,WaitTime=39), (In=41,Out=31,WaitTime=39), (In=7,Out=47,WaitTime=39)]
Distance             =             157             210             218
------------------------------------------------------------------------------
Elevator ID          =              40              41              42
Direction            =              -1              -1              -1
Current Floor        =              18              41              27
Total Capacity       =              20              20              20
Current Capacity     =              15              20              16
Number of stops      =               9               3               5
Stops in floors      = [(In=14,Out=14,WaitTime=16), (In=35,Out=16,WaitTime=38), (In=1,Out=1,WaitTime=20), (In=41,Out=45,WaitTime=38), (In=10,Out=10,WaitTime=24), (In=44,Out=44,WaitTime=39), (In=11,Out=11,WaitTime=26), (In=45,Out=44,WaitTime=38), (In=5,Out=12,WaitTime=38)] [(In=30,Out=7,WaitTime=4), (In=26,Out=49,WaitTime=4), (In=20,Out=45,WaitTime=4)] [(In=6,Out=6,WaitTime=12), (In=8,Out=8,WaitTime=10), (In=44,Out=44,WaitTime=11), (In=44,Out=12,WaitTime=44), (In=5,Out=5,WaitTime=40)]
Distance             =             207              43             184
------------------------------------------------------------------------------
Elevator ID          =              43              44              45
Direction            =               1              -1               1
Current Floor        =               2              39              44
Total Capacity       =              20              20              20
Current Capacity     =              18              18              19
Number of stops      =              12               3              16
Stops in floors      = [(In=16,Out=49,WaitTime=41), (In=16,Out=23,WaitTime=41), (In=17,Out=14,WaitTime=41), (In=21,Out=12,WaitTime=41), (In=25,Out=7,WaitTime=41), (In=28,Out=10,WaitTime=41), (In=32,Out=34,WaitTime=41), (In=34,Out=34,WaitTime=37), (In=39,Out=39,WaitTime=42), (In=5,Out=14,WaitTime=41), (In=44,Out=5,WaitTime=41), (In=45,Out=12,WaitTime=41)] [(In=38,Out=38,WaitTime=4), (In=48,Out=29,WaitTime=44), (In=10,Out=10,WaitTime=7)] [(In=47,Out=7,WaitTime=15), (In=41,Out=49,WaitTime=15), (In=39,Out=29,WaitTime=15), (In=41,Out=27,WaitTime=15), (In=36,Out=2,WaitTime=15), (In=49,Out=41,WaitTime=15), (In=29,Out=6,WaitTime=15), (In=38,Out=18,WaitTime=15), (In=28,Out=28,WaitTime=16), (In=37,Out=38,WaitTime=15), (In=23,Out=20,WaitTime=15), (In=19,Out=36,WaitTime=15), (In=12,Out=9,WaitTime=15), (In=12,Out=17,WaitTime=15), (In=5,Out=44,WaitTime=15), (In=4,Out=47,WaitTime=15)]
Distance             =             419             156              56
------------------------------------------------------------------------------
Elevator ID          =              46              47              48
Direction            =               1              -1              -1
Current Floor        =              20              35              38
Total Capacity       =              20              20              20
Current Capacity     =              18              19              19
Number of stops      =              13               7               8
Stops in floors      = [(In=22,Out=30,WaitTime=20), (In=30,Out=17,WaitTime=20), (In=6,Out=6,WaitTime=6), (In=2,Out=29,WaitTime=20), (In=31,Out=41,WaitTime=20), (In=26,Out=27,WaitTime=20), (In=32,Out=35,WaitTime=20), (In=32,Out=32,WaitTime=21), (In=4,Out=1,WaitTime=20), (In=35,Out=37,WaitTime=20), (In=44,Out=45,WaitTime=20), (In=47,Out=48,WaitTime=20), (In=49,Out=46,WaitTime=20)] [(In=2,Out=2,WaitTime=6), (In=34,Out=42,WaitTime=28), (In=10,Out=19,WaitTime=28), (In=32,Out=37,WaitTime=28), (In=9,Out=1,WaitTime=28), (In=1,Out=14,WaitTime=28), (In=31,Out=22,WaitTime=28)] [(In=3,Out=26,WaitTime=6), (In=9,Out=28,WaitTime=6), (In=13,Out=37,WaitTime=6), (In=19,Out=26,WaitTime=6), (In=31,Out=38,WaitTime=6), (In=32,Out=28,WaitTime=6), (In=49,Out=49,WaitTime=7), (In=30,Out=20,WaitTime=6)]
Distance             =             209             171              80
##############################################################################

