SOLUCION FINAL:
Num elevators = 50
Num floors = 50
Cost = 7626
------------------------------------------------------------------------------
Elevator ID          =               1               2               3
Direction            =              -1              -1               1
Current Floor        =              21              39              25
Total Capacity       =              20              20              20
Current Capacity     =              16              18              17
Number of stops      =              18              18               9
Stops in floors      = [(In=4,Out=45,WaitTime=13), (In=5,Out=11,WaitTime=13), (In=28,Out=18,WaitTime=13), (In=30,Out=26,WaitTime=13), (In=30,Out=5,WaitTime=13), (In=8,Out=1,WaitTime=13), (In=34,Out=6,WaitTime=44), (In=5,Out=5,WaitTime=15), (In=35,Out=15,WaitTime=13), (In=36,Out=35,WaitTime=13), (In=39,Out=39,WaitTime=25), (In=39,Out=10,WaitTime=44), (In=5,Out=5,WaitTime=40), (In=40,Out=11,WaitTime=13), (In=40,Out=40,WaitTime=14), (In=41,Out=28,WaitTime=13), (In=43,Out=22,WaitTime=13), (In=48,Out=3,WaitTime=13)] [(In=37,Out=5,WaitTime=31), (In=39,Out=29,WaitTime=31), (In=42,Out=25,WaitTime=31), (In=26,Out=26,WaitTime=5), (In=49,Out=19,WaitTime=31), (In=39,Out=8,WaitTime=31), (In=41,Out=11,WaitTime=31), (In=22,Out=15,WaitTime=31), (In=35,Out=15,WaitTime=31), (In=42,Out=44,WaitTime=31), (In=43,Out=15,WaitTime=31), (In=17,Out=28,WaitTime=31), (In=14,Out=42,WaitTime=31), (In=13,Out=39,WaitTime=31), (In=11,Out=20,WaitTime=31), (In=7,Out=7,WaitTime=33), (In=26,Out=31,WaitTime=31), (In=3,Out=29,WaitTime=31)] [(In=44,Out=44,WaitTime=8), (In=22,Out=11,WaitTime=37), (In=38,Out=1,WaitTime=37), (In=14,Out=39,WaitTime=37), (In=13,Out=32,WaitTime=37), (In=9,Out=36,WaitTime=37), (In=9,Out=9,WaitTime=38), (In=45,Out=45,WaitTime=20), (In=47,Out=13,WaitTime=37)]
Distance             =             186             494             274
------------------------------------------------------------------------------
Elevator ID          =               4               5               6
Direction            =               1              -1              -1
Current Floor        =              23              46              38
Total Capacity       =              20              20              20
Current Capacity     =              17              18              19
Number of stops      =              15              17               8
Stops in floors      = [(In=31,Out=31,WaitTime=7), (In=35,Out=35,WaitTime=4), (In=16,Out=44,WaitTime=14), (In=16,Out=26,WaitTime=14), (In=14,Out=16,WaitTime=14), (In=45,Out=8,WaitTime=14), (In=12,Out=14,WaitTime=14), (In=44,Out=29,WaitTime=14), (In=10,Out=31,WaitTime=14), (In=48,Out=14,WaitTime=14), (In=5,Out=28,WaitTime=14), (In=48,Out=34,WaitTime=14), (In=3,Out=7,WaitTime=14), (In=3,Out=3,WaitTime=18), (In=35,Out=17,WaitTime=14)] [(In=30,Out=30,WaitTime=1), (In=45,Out=28,WaitTime=11), (In=30,Out=9,WaitTime=11), (In=39,Out=10,WaitTime=11), (In=27,Out=4,WaitTime=11), (In=21,Out=8,WaitTime=11), (In=46,Out=8,WaitTime=11), (In=15,Out=34,WaitTime=11), (In=43,Out=3,WaitTime=11), (In=14,Out=15,WaitTime=11), (In=9,Out=43,WaitTime=11), (In=9,Out=45,WaitTime=11), (In=9,Out=9,WaitTime=12), (In=49,Out=37,WaitTime=11), (In=4,Out=32,WaitTime=11), (In=4,Out=2,WaitTime=11), (In=4,Out=27,WaitTime=11)] [(In=3,Out=26,WaitTime=6), (In=9,Out=28,WaitTime=6), (In=13,Out=37,WaitTime=6), (In=19,Out=26,WaitTime=6), (In=31,Out=38,WaitTime=6), (In=32,Out=28,WaitTime=6), (In=49,Out=49,WaitTime=7), (In=30,Out=20,WaitTime=6)]
Distance             =             186             206              41
------------------------------------------------------------------------------
Elevator ID          =               7               8               9
Direction            =              -1              -1              -1
Current Floor        =              40              35              46
Total Capacity       =              20              20              20
Current Capacity     =              18              18              18
Number of stops      =               4              15               7
Stops in floors      = [(In=23,Out=23,WaitTime=18), (In=24,Out=24,WaitTime=2), (In=42,Out=28,WaitTime=36), (In=42,Out=25,WaitTime=36)] [(In=10,Out=10,WaitTime=8), (In=46,Out=17,WaitTime=18), (In=33,Out=44,WaitTime=18), (In=33,Out=16,WaitTime=18), (In=32,Out=34,WaitTime=18), (In=27,Out=39,WaitTime=18), (In=27,Out=4,WaitTime=18), (In=21,Out=2,WaitTime=18), (In=19,Out=29,WaitTime=18), (In=17,Out=39,WaitTime=18), (In=16,Out=16,WaitTime=19), (In=13,Out=38,WaitTime=18), (In=49,Out=20,WaitTime=18), (In=12,Out=49,WaitTime=18), (In=7,Out=18,WaitTime=18)] [(In=43,Out=6,WaitTime=1), (In=39,Out=20,WaitTime=1), (In=32,Out=32,WaitTime=1), (In=32,Out=34,WaitTime=1), (In=19,Out=19,WaitTime=2), (In=4,Out=10,WaitTime=1), (In=48,Out=17,WaitTime=1)]
Distance             =             199             182              46
------------------------------------------------------------------------------
Elevator ID          =              10              11              12
Direction            =              -1              -1              -1
Current Floor        =              31              11              32
Total Capacity       =              20              20              20
Current Capacity     =              18              17              13
Number of stops      =               2              20              10
Stops in floors      = [(In=20,Out=20,WaitTime=11), (In=21,Out=21,WaitTime=11)] [(In=6,Out=46,WaitTime=29), (In=13,Out=13,WaitTime=9), (In=3,Out=22,WaitTime=29), (In=26,Out=8,WaitTime=29), (In=27,Out=49,WaitTime=29), (In=17,Out=33,WaitTime=29), (In=32,Out=41,WaitTime=29), (In=11,Out=8,WaitTime=29), (In=36,Out=4,WaitTime=29), (In=36,Out=36,WaitTime=30), (In=4,Out=48,WaitTime=29), (In=37,Out=32,WaitTime=29), (In=40,Out=37,WaitTime=29), (In=43,Out=13,WaitTime=29), (In=44,Out=18,WaitTime=29), (In=45,Out=45,WaitTime=1), (In=45,Out=36,WaitTime=29), (In=46,Out=39,WaitTime=29), (In=48,Out=36,WaitTime=29), (In=48,Out=35,WaitTime=29)] [(In=12,Out=12,WaitTime=12), (In=22,Out=22,WaitTime=10), (In=43,Out=42,WaitTime=40), (In=37,Out=37,WaitTime=13), (In=44,Out=25,WaitTime=40), (In=25,Out=25,WaitTime=17), (In=46,Out=27,WaitTime=40), (In=24,Out=24,WaitTime=21), (In=47,Out=47,WaitTime=41), (In=7,Out=7,WaitTime=30)]
Distance             =              78             581             333
------------------------------------------------------------------------------
Elevator ID          =              13              14              15
Direction            =               0               1               1
Current Floor        =              31              21              16
Total Capacity       =              20              20              20
Current Capacity     =              20              18              17
Number of stops      =               0               8               6
Stops in floors      =              [] [(In=31,Out=22,WaitTime=28), (In=10,Out=19,WaitTime=28), (In=32,Out=37,WaitTime=28), (In=34,Out=42,WaitTime=28), (In=36,Out=36,WaitTime=31), (In=1,Out=1,WaitTime=13), (In=1,Out=14,WaitTime=28), (In=40,Out=2,WaitTime=28)] [(In=48,Out=48,WaitTime=8), (In=35,Out=35,WaitTime=1), (In=5,Out=22,WaitTime=16), (In=41,Out=41,WaitTime=12), (In=2,Out=14,WaitTime=16), (In=41,Out=26,WaitTime=16)]
Distance             =               2             142             131
------------------------------------------------------------------------------
Elevator ID          =              16              17              18
Direction            =               1               1              -1
Current Floor        =              14              30              30
Total Capacity       =              20              20              20
Current Capacity     =              20              18              19
Number of stops      =               6              18               6
Stops in floors      = [(In=35,Out=23,WaitTime=35), (In=35,Out=43,WaitTime=35), (In=43,Out=28,WaitTime=35), (In=49,Out=6,WaitTime=35), (In=49,Out=17,WaitTime=35), (In=49,Out=27,WaitTime=35)] [(In=38,Out=38,WaitTime=14), (In=18,Out=38,WaitTime=24), (In=19,Out=11,WaitTime=24), (In=8,Out=2,WaitTime=24), (In=21,Out=1,WaitTime=24), (In=21,Out=1,WaitTime=24), (In=30,Out=45,WaitTime=24), (In=17,Out=39,WaitTime=24), (In=32,Out=47,WaitTime=24), (In=1,Out=6,WaitTime=24), (In=35,Out=24,WaitTime=24), (In=39,Out=19,WaitTime=24), (In=44,Out=44,WaitTime=25), (In=24,Out=8,WaitTime=24), (In=45,Out=21,WaitTime=24), (In=46,Out=48,WaitTime=24), (In=47,Out=15,WaitTime=24), (In=48,Out=43,WaitTime=24)] [(In=23,Out=5,WaitTime=9), (In=18,Out=46,WaitTime=9), (In=15,Out=15,WaitTime=10), (In=4,Out=1,WaitTime=9), (In=3,Out=15,WaitTime=9), (In=43,Out=6,WaitTime=9)]
Distance             =              42             205              38
------------------------------------------------------------------------------
Elevator ID          =              19              20              21
Direction            =               0              -1               0
Current Floor        =              15              31              25
Total Capacity       =              20              20              20
Current Capacity     =              20              16              20
Number of stops      =               0               9               0
Stops in floors      =              [] [(In=8,Out=8,WaitTime=10), (In=40,Out=49,WaitTime=44), (In=12,Out=12,WaitTime=17), (In=42,Out=30,WaitTime=44), (In=42,Out=38,WaitTime=44), (In=44,Out=44,WaitTime=11), (In=44,Out=44,WaitTime=19), (In=44,Out=12,WaitTime=44), (In=48,Out=29,WaitTime=44)]              []
Distance             =              28             407               0
------------------------------------------------------------------------------
Elevator ID          =              22              23              24
Direction            =              -1               1               1
Current Floor        =              24               5              21
Total Capacity       =              20              20              20
Current Capacity     =              18              18              19
Number of stops      =               7              12               1
Stops in floors      = [(In=5,Out=5,WaitTime=16), (In=5,Out=12,WaitTime=33), (In=27,Out=13,WaitTime=33), (In=27,Out=18,WaitTime=33), (In=33,Out=45,WaitTime=33), (In=38,Out=38,WaitTime=28), (In=38,Out=14,WaitTime=33)] [(In=16,Out=49,WaitTime=41), (In=16,Out=23,WaitTime=41), (In=17,Out=14,WaitTime=41), (In=21,Out=12,WaitTime=41), (In=25,Out=7,WaitTime=41), (In=28,Out=10,WaitTime=41), (In=30,Out=30,WaitTime=42), (In=32,Out=34,WaitTime=41), (In=5,Out=14,WaitTime=41), (In=34,Out=34,WaitTime=40), (In=44,Out=5,WaitTime=41), (In=45,Out=12,WaitTime=41)] [(In=47,Out=47,WaitTime=32)]
Distance             =             154             374              36
------------------------------------------------------------------------------
Elevator ID          =              25              26              27
Direction            =              -1              -1              -1
Current Floor        =               9              11              46
Total Capacity       =              20              20              20
Current Capacity     =              19              17              17
Number of stops      =              18               3              16
Stops in floors      = [(In=3,Out=19,WaitTime=22), (In=7,Out=15,WaitTime=22), (In=14,Out=37,WaitTime=22), (In=18,Out=20,WaitTime=22), (In=2,Out=31,WaitTime=22), (In=27,Out=30,WaitTime=22), (In=17,Out=18,WaitTime=22), (In=7,Out=49,WaitTime=22), (In=26,Out=25,WaitTime=22), (In=20,Out=8,WaitTime=22), (In=5,Out=15,WaitTime=22), (In=32,Out=32,WaitTime=26), (In=28,Out=47,WaitTime=22), (In=34,Out=39,WaitTime=22), (In=38,Out=35,WaitTime=22), (In=38,Out=2,WaitTime=22), (In=44,Out=43,WaitTime=22), (In=45,Out=24,WaitTime=22)] [(In=10,Out=10,WaitTime=34), (In=19,Out=19,WaitTime=24), (In=5,Out=5,WaitTime=10)] [(In=45,Out=45,WaitTime=1), (In=44,Out=8,WaitTime=2), (In=42,Out=24,WaitTime=2), (In=41,Out=47,WaitTime=2), (In=35,Out=25,WaitTime=2), (In=34,Out=34,WaitTime=2), (In=33,Out=40,WaitTime=2), (In=21,Out=48,WaitTime=2), (In=19,Out=47,WaitTime=2), (In=19,Out=49,WaitTime=2), (In=17,Out=13,WaitTime=2), (In=12,Out=19,WaitTime=2), (In=6,Out=24,WaitTime=2), (In=5,Out=49,WaitTime=2), (In=5,Out=5,WaitTime=3), (In=2,Out=29,WaitTime=2)]
Distance             =              28             104              63
------------------------------------------------------------------------------
Elevator ID          =              28              29              30
Direction            =               0               1              -1
Current Floor        =              13              20              39
Total Capacity       =              20              20              20
Current Capacity     =              20              18              18
Number of stops      =               0              13               6
Stops in floors      =              [] [(In=22,Out=30,WaitTime=20), (In=30,Out=17,WaitTime=20), (In=6,Out=6,WaitTime=6), (In=2,Out=29,WaitTime=20), (In=31,Out=41,WaitTime=20), (In=26,Out=27,WaitTime=20), (In=32,Out=35,WaitTime=20), (In=32,Out=32,WaitTime=21), (In=4,Out=1,WaitTime=20), (In=35,Out=37,WaitTime=20), (In=44,Out=45,WaitTime=20), (In=47,Out=48,WaitTime=20), (In=49,Out=46,WaitTime=20)] [(In=30,Out=7,WaitTime=4), (In=26,Out=49,WaitTime=4), (In=23,Out=23,WaitTime=5), (In=46,Out=46,WaitTime=9), (In=20,Out=45,WaitTime=4), (In=17,Out=38,WaitTime=8)]
Distance             =               0             209              50
------------------------------------------------------------------------------
Elevator ID          =              31              32              33
Direction            =               1              -1              -1
Current Floor        =              16              18              13
Total Capacity       =              20              20              20
Current Capacity     =              17              15              19
Number of stops      =              19               9              17
Stops in floors      = [(In=17,Out=17,WaitTime=4), (In=23,Out=16,WaitTime=19), (In=29,Out=35,WaitTime=19), (In=27,Out=29,WaitTime=19), (In=31,Out=28,WaitTime=45), (In=6,Out=13,WaitTime=19), (In=35,Out=5,WaitTime=19), (In=35,Out=36,WaitTime=19), (In=38,Out=31,WaitTime=19), (In=39,Out=39,WaitTime=42), (In=20,Out=48,WaitTime=19), (In=40,Out=13,WaitTime=19), (In=41,Out=41,WaitTime=20), (In=2,Out=28,WaitTime=19), (In=42,Out=27,WaitTime=19), (In=45,Out=13,WaitTime=19), (In=46,Out=33,WaitTime=19), (In=47,Out=29,WaitTime=19), (In=48,Out=10,WaitTime=19)] [(In=14,Out=14,WaitTime=16), (In=35,Out=16,WaitTime=38), (In=1,Out=1,WaitTime=20), (In=41,Out=45,WaitTime=38), (In=10,Out=10,WaitTime=24), (In=44,Out=44,WaitTime=39), (In=11,Out=11,WaitTime=26), (In=45,Out=44,WaitTime=38), (In=5,Out=12,WaitTime=38)] [(In=7,Out=20,WaitTime=27), (In=23,Out=20,WaitTime=27), (In=8,Out=42,WaitTime=27), (In=24,Out=44,WaitTime=27), (In=21,Out=43,WaitTime=27), (In=11,Out=27,WaitTime=27), (In=27,Out=15,WaitTime=27), (In=34,Out=34,WaitTime=28), (In=11,Out=23,WaitTime=27), (In=35,Out=49,WaitTime=27), (In=35,Out=4,WaitTime=27), (In=37,Out=35,WaitTime=27), (In=40,Out=10,WaitTime=27), (In=40,Out=28,WaitTime=27), (In=40,Out=7,WaitTime=27), (In=24,Out=44,WaitTime=27), (In=45,Out=17,WaitTime=27)]
Distance             =             363             207             347
------------------------------------------------------------------------------
Elevator ID          =              34              35              36
Direction            =              -1               1              -1
Current Floor        =               2              42              23
Total Capacity       =              20              20              20
Current Capacity     =              19              19              17
Number of stops      =              16              16              16
Stops in floors      = [(In=1,Out=15,WaitTime=25), (In=6,Out=46,WaitTime=25), (In=12,Out=38,WaitTime=25), (In=13,Out=32,WaitTime=25), (In=7,Out=11,WaitTime=25), (In=25,Out=46,WaitTime=25), (In=17,Out=36,WaitTime=25), (In=3,Out=8,WaitTime=25), (In=23,Out=25,WaitTime=25), (In=22,Out=37,WaitTime=25), (In=17,Out=36,WaitTime=25), (In=26,Out=31,WaitTime=25), (In=26,Out=23,WaitTime=25), (In=31,Out=22,WaitTime=25), (In=31,Out=31,WaitTime=26), (In=45,Out=44,WaitTime=25)] [(In=47,Out=7,WaitTime=15), (In=41,Out=49,WaitTime=15), (In=39,Out=29,WaitTime=15), (In=41,Out=27,WaitTime=15), (In=36,Out=2,WaitTime=15), (In=49,Out=41,WaitTime=15), (In=29,Out=6,WaitTime=15), (In=38,Out=18,WaitTime=15), (In=26,Out=26,WaitTime=18), (In=37,Out=38,WaitTime=15), (In=23,Out=20,WaitTime=15), (In=19,Out=36,WaitTime=15), (In=12,Out=9,WaitTime=15), (In=12,Out=17,WaitTime=15), (In=5,Out=44,WaitTime=15), (In=4,Out=47,WaitTime=15)] [(In=7,Out=7,WaitTime=14), (In=24,Out=49,WaitTime=42), (In=12,Out=48,WaitTime=42), (In=14,Out=35,WaitTime=42), (In=42,Out=39,WaitTime=42), (In=11,Out=37,WaitTime=42), (In=26,Out=37,WaitTime=42), (In=29,Out=47,WaitTime=42), (In=43,Out=19,WaitTime=42), (In=18,Out=48,WaitTime=42), (In=19,Out=26,WaitTime=42), (In=9,Out=40,WaitTime=42), (In=33,Out=17,WaitTime=42), (In=4,Out=38,WaitTime=42), (In=3,Out=3,WaitTime=43), (In=13,Out=13,WaitTime=43)]
Distance             =              24              37             464
------------------------------------------------------------------------------
Elevator ID          =              37              38              39
Direction            =               1               1               1
Current Floor        =              34              18              36
Total Capacity       =              20              20              20
Current Capacity     =              17              18              18
Number of stops      =              14               7              15
Stops in floors      = [(In=40,Out=40,WaitTime=26), (In=16,Out=16,WaitTime=32), (In=20,Out=20,WaitTime=40), (In=1,Out=45,WaitTime=39), (In=24,Out=42,WaitTime=39), (In=24,Out=21,WaitTime=39), (In=27,Out=31,WaitTime=39), (In=36,Out=11,WaitTime=39), (In=36,Out=17,WaitTime=39), (In=37,Out=17,WaitTime=39), (In=40,Out=22,WaitTime=39), (In=7,Out=48,WaitTime=39), (In=41,Out=31,WaitTime=39), (In=7,Out=47,WaitTime=39)] [(In=42,Out=42,WaitTime=10), (In=31,Out=5,WaitTime=26), (In=34,Out=37,WaitTime=26), (In=38,Out=17,WaitTime=49), (In=16,Out=16,WaitTime=27), (In=39,Out=5,WaitTime=26), (In=42,Out=26,WaitTime=26)] [(In=44,Out=37,WaitTime=34), (In=29,Out=29,WaitTime=6), (In=17,Out=36,WaitTime=34), (In=20,Out=21,WaitTime=34), (In=25,Out=31,WaitTime=34), (In=13,Out=44,WaitTime=34), (In=48,Out=1,WaitTime=34), (In=48,Out=12,WaitTime=34), (In=10,Out=10,WaitTime=5), (In=7,Out=33,WaitTime=34), (In=11,Out=19,WaitTime=34), (In=6,Out=28,WaitTime=34), (In=4,Out=17,WaitTime=34), (In=1,Out=16,WaitTime=34), (In=18,Out=20,WaitTime=34)]
Distance             =             195             158             471
------------------------------------------------------------------------------
Elevator ID          =              40              41              42
Direction            =               0              -1               1
Current Floor        =              36              41               5
Total Capacity       =              20              20              20
Current Capacity     =              20              20              18
Number of stops      =               0               8              18
Stops in floors      =              [] [(In=39,Out=21,WaitTime=3), (In=38,Out=32,WaitTime=3), (In=31,Out=6,WaitTime=3), (In=22,Out=16,WaitTime=3), (In=19,Out=13,WaitTime=3), (In=14,Out=4,WaitTime=3), (In=7,Out=33,WaitTime=3), (In=48,Out=2,WaitTime=3)] [(In=44,Out=44,WaitTime=1), (In=2,Out=32,WaitTime=23), (In=14,Out=44,WaitTime=23), (In=5,Out=25,WaitTime=23), (In=26,Out=15,WaitTime=23), (In=13,Out=26,WaitTime=23), (In=27,Out=20,WaitTime=23), (In=28,Out=6,WaitTime=23), (In=33,Out=48,WaitTime=23), (In=23,Out=9,WaitTime=23), (In=36,Out=11,WaitTime=23), (In=39,Out=19,WaitTime=23), (In=5,Out=21,WaitTime=23), (In=41,Out=41,WaitTime=24), (In=20,Out=8,WaitTime=23), (In=45,Out=30,WaitTime=23), (In=11,Out=41,WaitTime=23), (In=49,Out=9,WaitTime=23)]
Distance             =               0              43             421
------------------------------------------------------------------------------
Elevator ID          =              43              44              45
Direction            =              -1              -1              -1
Current Floor        =              16              46              41
Total Capacity       =              20              20              20
Current Capacity     =              19              16              20
Number of stops      =              20              19               1
Stops in floors      = [(In=9,Out=31,WaitTime=17), (In=18,Out=17,WaitTime=17), (In=6,Out=11,WaitTime=17), (In=24,Out=46,WaitTime=17), (In=24,Out=32,WaitTime=17), (In=5,Out=19,WaitTime=17), (In=32,Out=25,WaitTime=17), (In=32,Out=3,WaitTime=17), (In=35,Out=7,WaitTime=17), (In=35,Out=18,WaitTime=17), (In=40,Out=29,WaitTime=17), (In=41,Out=5,WaitTime=17), (In=41,Out=41,WaitTime=18), (In=26,Out=16,WaitTime=17), (In=44,Out=32,WaitTime=17), (In=18,Out=47,WaitTime=17), (In=46,Out=31,WaitTime=17), (In=9,Out=8,WaitTime=17), (In=48,Out=11,WaitTime=17), (In=2,Out=15,WaitTime=17)] [(In=26,Out=26,WaitTime=1), (In=40,Out=3,WaitTime=7), (In=40,Out=40,WaitTime=8), (In=39,Out=29,WaitTime=7), (In=39,Out=22,WaitTime=7), (In=36,Out=25,WaitTime=7), (In=33,Out=21,WaitTime=7), (In=31,Out=9,WaitTime=7), (In=21,Out=21,WaitTime=6), (In=17,Out=10,WaitTime=7), (In=15,Out=15,WaitTime=7), (In=15,Out=1,WaitTime=7), (In=13,Out=29,WaitTime=7), (In=13,Out=40,WaitTime=7), (In=12,Out=9,WaitTime=7), (In=12,Out=47,WaitTime=7), (In=11,Out=24,WaitTime=7), (In=4,Out=26,WaitTime=7), (In=2,Out=36,WaitTime=7)] [(In=16,Out=10,WaitTime=10)]
Distance             =              30             190              38
------------------------------------------------------------------------------
Elevator ID          =              46              47              48
Direction            =              -1              -1               1
Current Floor        =               8              37              32
Total Capacity       =              20              20              20
Current Capacity     =              17              17              19
Number of stops      =              13              12              11
Stops in floors      = [(In=4,Out=4,WaitTime=32), (In=29,Out=46,WaitTime=32), (In=9,Out=48,WaitTime=32), (In=30,Out=10,WaitTime=32), (In=30,Out=7,WaitTime=32), (In=31,Out=31,WaitTime=21), (In=31,Out=5,WaitTime=32), (In=33,Out=20,WaitTime=32), (In=34,Out=20,WaitTime=32), (In=41,Out=31,WaitTime=32), (In=42,Out=42,WaitTime=26), (In=49,Out=21,WaitTime=32), (In=3,Out=44,WaitTime=32)] [(In=34,Out=37,WaitTime=5), (In=31,Out=31,WaitTime=6), (In=43,Out=43,WaitTime=2), (In=30,Out=35,WaitTime=5), (In=47,Out=39,WaitTime=5), (In=26,Out=30,WaitTime=5), (In=24,Out=3,WaitTime=5), (In=21,Out=49,WaitTime=5), (In=19,Out=20,WaitTime=5), (In=11,Out=3,WaitTime=5), (In=5,Out=38,WaitTime=5), (In=3,Out=3,WaitTime=3)] [(In=45,Out=4,WaitTime=12), (In=35,Out=2,WaitTime=12), (In=35,Out=4,WaitTime=12), (In=34,Out=8,WaitTime=12), (In=33,Out=21,WaitTime=12), (In=27,Out=3,WaitTime=12), (In=26,Out=13,WaitTime=12), (In=13,Out=13,WaitTime=13), (In=3,Out=6,WaitTime=12), (In=1,Out=31,WaitTime=12), (In=1,Out=42,WaitTime=12)]
Distance             =             160              94              47
##############################################################################

