SOLUCION FINAL:
Num elevators = 50
Num floors = 50
Cost = 10773
------------------------------------------------------------------------------
Elevator ID          =               1               2               3
Direction            =               0               1               1
Current Floor        =               1              11              12
Total Capacity       =              20              20              20
Current Capacity     =              20              11              18
Number of stops      =               0              21               4
Stops in floors      =              [] [(In=26,Out=26,WaitTime=31), (In=26,Out=37,WaitTime=42), (In=29,Out=47,WaitTime=42), (In=10,Out=10,WaitTime=34), (In=33,Out=17,WaitTime=42), (In=12,Out=12,WaitTime=34), (In=35,Out=23,WaitTime=35), (In=35,Out=43,WaitTime=35), (In=35,Out=35,WaitTime=36), (In=36,Out=7,WaitTime=42), (In=37,Out=37,WaitTime=39), (In=40,Out=40,WaitTime=41), (In=42,Out=39,WaitTime=42), (In=43,Out=28,WaitTime=35), (In=43,Out=19,WaitTime=42), (In=48,Out=48,WaitTime=32), (In=48,Out=48,WaitTime=38), (In=49,Out=49,WaitTime=26), (In=49,Out=6,WaitTime=35), (In=49,Out=17,WaitTime=35), (In=49,Out=27,WaitTime=35)] [(In=16,Out=10,WaitTime=10), (In=18,Out=46,WaitTime=9), (In=31,Out=31,WaitTime=12), (In=1,Out=1,WaitTime=9)]
Distance             =               0             488              64
------------------------------------------------------------------------------
Elevator ID          =               4               5               6
Direction            =               1               1               0
Current Floor        =              16              23               1
Total Capacity       =              20              20              20
Current Capacity     =              16              12              20
Number of stops      =              21              17               0
Stops in floors      = [(In=19,Out=13,WaitTime=3), (In=20,Out=45,WaitTime=4), (In=22,Out=16,WaitTime=3), (In=4,Out=4,WaitTime=3), (In=26,Out=49,WaitTime=4), (In=26,Out=13,WaitTime=12), (In=27,Out=3,WaitTime=12), (In=28,Out=28,WaitTime=12), (In=30,Out=7,WaitTime=4), (In=31,Out=6,WaitTime=3), (In=33,Out=21,WaitTime=12), (In=34,Out=8,WaitTime=12), (In=35,Out=2,WaitTime=12), (In=35,Out=4,WaitTime=12), (In=36,Out=29,WaitTime=12), (In=38,Out=32,WaitTime=3), (In=39,Out=21,WaitTime=3), (In=44,Out=44,WaitTime=12), (In=45,Out=4,WaitTime=12), (In=47,Out=47,WaitTime=13), (In=48,Out=2,WaitTime=3)] [(In=25,Out=25,WaitTime=15), (In=26,Out=27,WaitTime=20), (In=28,Out=28,WaitTime=5), (In=29,Out=40,WaitTime=21), (In=30,Out=30,WaitTime=2), (In=30,Out=17,WaitTime=20), (In=6,Out=6,WaitTime=9), (In=31,Out=41,WaitTime=20), (In=31,Out=31,WaitTime=22), (In=32,Out=35,WaitTime=20), (In=35,Out=37,WaitTime=20), (In=39,Out=39,WaitTime=17), (In=40,Out=40,WaitTime=20), (In=44,Out=45,WaitTime=20), (In=47,Out=48,WaitTime=20), (In=48,Out=48,WaitTime=8), (In=49,Out=46,WaitTime=20)]              []
Distance             =             204             419               0
------------------------------------------------------------------------------
Elevator ID          =               7               8               9
Direction            =               0               1               1
Current Floor        =               1              15               8
Total Capacity       =              20              20              20
Current Capacity     =              20              15              17
Number of stops      =               0              36              19
Stops in floors      =              [] [(In=17,Out=17,WaitTime=3), (In=17,Out=17,WaitTime=10), (In=18,Out=18,WaitTime=15), (In=19,Out=36,WaitTime=15), (In=20,Out=48,WaitTime=19), (In=23,Out=20,WaitTime=15), (In=23,Out=16,WaitTime=19), (In=1,Out=1,WaitTime=18), (In=27,Out=39,WaitTime=18), (In=27,Out=29,WaitTime=19), (In=29,Out=6,WaitTime=15), (In=29,Out=35,WaitTime=19), (In=29,Out=29,WaitTime=20), (In=32,Out=34,WaitTime=18), (In=33,Out=44,WaitTime=18), (In=33,Out=16,WaitTime=18), (In=35,Out=5,WaitTime=19), (In=35,Out=36,WaitTime=19), (In=36,Out=2,WaitTime=15), (In=37,Out=38,WaitTime=15), (In=38,Out=18,WaitTime=15), (In=38,Out=31,WaitTime=19), (In=39,Out=29,WaitTime=15), (In=40,Out=13,WaitTime=19), (In=41,Out=27,WaitTime=15), (In=41,Out=49,WaitTime=15), (In=42,Out=10,WaitTime=18), (In=42,Out=27,WaitTime=19), (In=45,Out=13,WaitTime=19), (In=46,Out=17,WaitTime=18), (In=46,Out=33,WaitTime=19), (In=47,Out=7,WaitTime=15), (In=47,Out=29,WaitTime=19), (In=48,Out=10,WaitTime=19), (In=49,Out=41,WaitTime=15), (In=49,Out=20,WaitTime=18)] [(In=9,Out=28,WaitTime=6), (In=11,Out=3,WaitTime=5), (In=13,Out=37,WaitTime=6), (In=19,Out=20,WaitTime=5), (In=19,Out=26,WaitTime=6), (In=21,Out=49,WaitTime=5), (In=24,Out=3,WaitTime=5), (In=26,Out=30,WaitTime=5), (In=26,Out=26,WaitTime=6), (In=30,Out=35,WaitTime=5), (In=30,Out=20,WaitTime=6), (In=31,Out=38,WaitTime=6), (In=32,Out=28,WaitTime=6), (In=34,Out=37,WaitTime=5), (In=36,Out=36,WaitTime=7), (In=38,Out=38,WaitTime=4), (In=38,Out=43,WaitTime=5), (In=39,Out=3,WaitTime=5), (In=47,Out=39,WaitTime=5)]
Distance             =               0             644              74
------------------------------------------------------------------------------
Elevator ID          =              10              11              12
Direction            =              -1               1               0
Current Floor        =              10               3               1
Total Capacity       =              20              20              20
Current Capacity     =              16              19              20
Number of stops      =              18               3               0
Stops in floors      = [(In=1,Out=1,WaitTime=6), (In=17,Out=10,WaitTime=7), (In=17,Out=39,WaitTime=18), (In=19,Out=29,WaitTime=18), (In=21,Out=2,WaitTime=18), (In=27,Out=4,WaitTime=18), (In=28,Out=28,WaitTime=19), (In=31,Out=9,WaitTime=7), (In=33,Out=21,WaitTime=7), (In=36,Out=25,WaitTime=7), (In=38,Out=38,WaitTime=8), (In=39,Out=29,WaitTime=7), (In=39,Out=22,WaitTime=7), (In=40,Out=3,WaitTime=7), (In=41,Out=21,WaitTime=7), (In=42,Out=15,WaitTime=7), (In=46,Out=26,WaitTime=7), (In=49,Out=49,WaitTime=9)] [(In=5,Out=49,WaitTime=2), (In=6,Out=24,WaitTime=2), (In=29,Out=29,WaitTime=2)]              []
Distance             =             172              28               0
------------------------------------------------------------------------------
Elevator ID          =              13              14              15
Direction            =               1               0              -1
Current Floor        =              24               1              28
Total Capacity       =              20              20              20
Current Capacity     =              14              20              15
Number of stops      =              18               0              18
Stops in floors      = [(In=27,Out=27,WaitTime=20), (In=27,Out=15,WaitTime=27), (In=31,Out=5,WaitTime=26), (In=34,Out=37,WaitTime=26), (In=35,Out=49,WaitTime=27), (In=35,Out=4,WaitTime=27), (In=37,Out=35,WaitTime=27), (In=39,Out=5,WaitTime=26), (In=40,Out=10,WaitTime=27), (In=40,Out=28,WaitTime=27), (In=40,Out=7,WaitTime=27), (In=42,Out=42,WaitTime=22), (In=42,Out=42,WaitTime=23), (In=42,Out=26,WaitTime=26), (In=43,Out=43,WaitTime=10), (In=44,Out=44,WaitTime=1), (In=44,Out=44,WaitTime=1), (In=45,Out=17,WaitTime=27)]              [] [(In=26,Out=26,WaitTime=4), (In=32,Out=32,WaitTime=17), (In=32,Out=21,WaitTime=47), (In=36,Out=13,WaitTime=47), (In=36,Out=36,WaitTime=48), (In=37,Out=9,WaitTime=47), (In=38,Out=2,WaitTime=30), (In=39,Out=46,WaitTime=46), (In=39,Out=15,WaitTime=47), (In=40,Out=47,WaitTime=30), (In=41,Out=41,WaitTime=4), (In=41,Out=3,WaitTime=30), (In=41,Out=32,WaitTime=30), (In=42,Out=31,WaitTime=46), (In=42,Out=49,WaitTime=47), (In=44,Out=44,WaitTime=39), (In=44,Out=41,WaitTime=46), (In=47,Out=19,WaitTime=47)]
Distance             =             611               0             882
------------------------------------------------------------------------------
Elevator ID          =              16              17              18
Direction            =               1               0               1
Current Floor        =               2              15              16
Total Capacity       =              20              20              20
Current Capacity     =              20              20              17
Number of stops      =               1               0              26
Stops in floors      = [(In=4,Out=10,WaitTime=1)]              [] [(In=28,Out=28,WaitTime=9), (In=8,Out=30,WaitTime=48), (In=12,Out=33,WaitTime=44), (In=14,Out=16,WaitTime=44), (In=21,Out=39,WaitTime=44), (In=25,Out=38,WaitTime=44), (In=25,Out=25,WaitTime=49), (In=26,Out=41,WaitTime=48), (In=27,Out=44,WaitTime=44), (In=27,Out=41,WaitTime=45), (In=28,Out=22,WaitTime=48), (In=29,Out=12,WaitTime=44), (In=31,Out=5,WaitTime=44), (In=31,Out=28,WaitTime=45), (In=32,Out=40,WaitTime=44), (In=34,Out=6,WaitTime=44), (In=35,Out=44,WaitTime=44), (In=36,Out=8,WaitTime=44), (In=39,Out=10,WaitTime=44), (In=39,Out=45,WaitTime=48), (In=40,Out=49,WaitTime=44), (In=42,Out=30,WaitTime=44), (In=42,Out=38,WaitTime=44), (In=44,Out=12,WaitTime=44), (In=48,Out=29,WaitTime=44), (In=5,Out=5,WaitTime=43)]
Distance             =               3              14            1117
------------------------------------------------------------------------------
Elevator ID          =              19              20              21
Direction            =               1              -1               0
Current Floor        =               9              12               1
Total Capacity       =              20              20              20
Current Capacity     =              17              17              20
Number of stops      =              29              19               0
Stops in floors      = [(In=14,Out=44,WaitTime=23), (In=17,Out=39,WaitTime=24), (In=17,Out=38,WaitTime=24), (In=18,Out=38,WaitTime=24), (In=19,Out=11,WaitTime=24), (In=20,Out=8,WaitTime=23), (In=21,Out=1,WaitTime=24), (In=21,Out=1,WaitTime=24), (In=23,Out=9,WaitTime=23), (In=24,Out=8,WaitTime=24), (In=26,Out=26,WaitTime=19), (In=26,Out=15,WaitTime=23), (In=27,Out=20,WaitTime=23), (In=27,Out=27,WaitTime=25), (In=28,Out=6,WaitTime=23), (In=30,Out=45,WaitTime=24), (In=32,Out=47,WaitTime=24), (In=33,Out=48,WaitTime=23), (In=35,Out=24,WaitTime=24), (In=36,Out=11,WaitTime=23), (In=39,Out=19,WaitTime=23), (In=39,Out=19,WaitTime=24), (In=41,Out=41,WaitTime=21), (In=45,Out=30,WaitTime=23), (In=45,Out=21,WaitTime=24), (In=46,Out=48,WaitTime=24), (In=47,Out=15,WaitTime=24), (In=48,Out=43,WaitTime=24), (In=49,Out=9,WaitTime=23)] [(In=5,Out=22,WaitTime=16), (In=5,Out=19,WaitTime=17), (In=6,Out=11,WaitTime=17), (In=15,Out=15,WaitTime=17), (In=16,Out=16,WaitTime=3), (In=16,Out=44,WaitTime=14), (In=16,Out=26,WaitTime=14), (In=16,Out=35,WaitTime=16), (In=20,Out=35,WaitTime=14), (In=23,Out=31,WaitTime=14), (In=23,Out=48,WaitTime=16), (In=27,Out=41,WaitTime=16), (In=31,Out=31,WaitTime=7), (In=35,Out=17,WaitTime=14), (In=41,Out=26,WaitTime=16), (In=44,Out=29,WaitTime=14), (In=45,Out=8,WaitTime=14), (In=48,Out=14,WaitTime=14), (In=48,Out=34,WaitTime=14)]              []
Distance             =             234             312               0
------------------------------------------------------------------------------
Elevator ID          =              22              23              24
Direction            =               1               1               1
Current Floor        =               9              10              12
Total Capacity       =              20              20              20
Current Capacity     =              19              15              10
Number of stops      =              18              22              35
Stops in floors      = [(In=12,Out=19,WaitTime=2), (In=17,Out=13,WaitTime=2), (In=19,Out=47,WaitTime=2), (In=19,Out=49,WaitTime=2), (In=21,Out=48,WaitTime=2), (In=32,Out=34,WaitTime=1), (In=33,Out=40,WaitTime=2), (In=33,Out=33,WaitTime=3), (In=35,Out=25,WaitTime=2), (In=39,Out=20,WaitTime=1), (In=41,Out=47,WaitTime=2), (In=42,Out=24,WaitTime=2), (In=43,Out=6,WaitTime=1), (In=44,Out=8,WaitTime=2), (In=46,Out=32,WaitTime=1), (In=46,Out=45,WaitTime=2), (In=47,Out=34,WaitTime=2), (In=48,Out=17,WaitTime=1)] [(In=14,Out=2,WaitTime=21), (In=14,Out=14,WaitTime=28), (In=17,Out=36,WaitTime=25), (In=17,Out=36,WaitTime=25), (In=20,Out=18,WaitTime=21), (In=22,Out=37,WaitTime=25), (In=23,Out=25,WaitTime=25), (In=25,Out=46,WaitTime=25), (In=26,Out=31,WaitTime=25), (In=26,Out=23,WaitTime=25), (In=31,Out=22,WaitTime=25), (In=32,Out=32,WaitTime=16), (In=32,Out=8,WaitTime=21), (In=33,Out=45,WaitTime=21), (In=36,Out=48,WaitTime=21), (In=38,Out=38,WaitTime=17), (In=42,Out=35,WaitTime=21), (In=43,Out=43,WaitTime=20), (In=45,Out=44,WaitTime=21), (In=45,Out=44,WaitTime=25), (In=46,Out=46,WaitTime=23), (In=47,Out=38,WaitTime=21)] [(In=15,Out=15,WaitTime=18), (In=15,Out=15,WaitTime=20), (In=17,Out=18,WaitTime=22), (In=18,Out=17,WaitTime=17), (In=18,Out=47,WaitTime=17), (In=18,Out=20,WaitTime=22), (In=19,Out=19,WaitTime=22), (In=20,Out=8,WaitTime=22), (In=21,Out=21,WaitTime=20), (In=24,Out=46,WaitTime=17), (In=24,Out=32,WaitTime=17), (In=25,Out=25,WaitTime=20), (In=26,Out=16,WaitTime=17), (In=26,Out=25,WaitTime=22), (In=27,Out=30,WaitTime=22), (In=28,Out=47,WaitTime=22), (In=31,Out=31,WaitTime=16), (In=32,Out=25,WaitTime=17), (In=32,Out=3,WaitTime=17), (In=32,Out=32,WaitTime=23), (In=34,Out=39,WaitTime=22), (In=35,Out=7,WaitTime=17), (In=35,Out=18,WaitTime=17), (In=37,Out=37,WaitTime=11), (In=38,Out=35,WaitTime=22), (In=38,Out=2,WaitTime=22), (In=40,Out=29,WaitTime=17), (In=41,Out=5,WaitTime=17), (In=44,Out=32,WaitTime=17), (In=44,Out=44,WaitTime=20), (In=44,Out=43,WaitTime=22), (In=45,Out=24,WaitTime=22), (In=46,Out=31,WaitTime=17), (In=48,Out=11,WaitTime=17), (In=49,Out=49,WaitTime=18)]
Distance             =              65             241             385
------------------------------------------------------------------------------
Elevator ID          =              25              26              27
Direction            =               0               0               0
Current Floor        =               1               1               8
Total Capacity       =              20              20              20
Current Capacity     =              20              20              20
Number of stops      =               0               0               0
Stops in floors      =              []              []              []
Distance             =               0               0               8
------------------------------------------------------------------------------
Elevator ID          =              28              29              30
Direction            =               1               1               0
Current Floor        =               2              14               1
Total Capacity       =              20              20              20
Current Capacity     =              17              18              20
Number of stops      =              22               6               0
Stops in floors      = [(In=16,Out=49,WaitTime=41), (In=16,Out=23,WaitTime=41), (In=17,Out=14,WaitTime=41), (In=19,Out=19,WaitTime=41), (In=21,Out=7,WaitTime=40), (In=21,Out=12,WaitTime=41), (In=25,Out=7,WaitTime=41), (In=28,Out=10,WaitTime=41), (In=29,Out=35,WaitTime=40), (In=30,Out=24,WaitTime=40), (In=32,Out=34,WaitTime=41), (In=34,Out=34,WaitTime=37), (In=34,Out=25,WaitTime=40), (In=38,Out=37,WaitTime=40), (In=39,Out=12,WaitTime=40), (In=39,Out=39,WaitTime=42), (In=41,Out=22,WaitTime=40), (In=43,Out=42,WaitTime=40), (In=44,Out=25,WaitTime=40), (In=44,Out=5,WaitTime=41), (In=45,Out=12,WaitTime=41), (In=46,Out=27,WaitTime=40)] [(In=17,Out=38,WaitTime=8), (In=23,Out=5,WaitTime=9), (In=1,Out=1,WaitTime=7), (In=43,Out=23,WaitTime=8), (In=43,Out=6,WaitTime=9), (In=45,Out=45,WaitTime=11)]              []
Distance             =             780             112               0
------------------------------------------------------------------------------
Elevator ID          =              31              32              33
Direction            =              -1               0               0
Current Floor        =              11               1               1
Total Capacity       =              20              20              20
Current Capacity     =              14              20              20
Number of stops      =              23               0               0
Stops in floors      = [(In=9,Out=9,WaitTime=14), (In=7,Out=7,WaitTime=9), (In=20,Out=20,WaitTime=29), (In=20,Out=47,WaitTime=50), (In=21,Out=36,WaitTime=50), (In=22,Out=36,WaitTime=50), (In=24,Out=16,WaitTime=49), (In=24,Out=34,WaitTime=50), (In=25,Out=25,WaitTime=15), (In=25,Out=31,WaitTime=49), (In=26,Out=44,WaitTime=49), (In=26,Out=32,WaitTime=50), (In=29,Out=36,WaitTime=49), (In=30,Out=15,WaitTime=50), (In=31,Out=31,WaitTime=48), (In=33,Out=16,WaitTime=50), (In=34,Out=3,WaitTime=50), (In=38,Out=17,WaitTime=49), (In=41,Out=20,WaitTime=50), (In=41,Out=21,WaitTime=50), (In=43,Out=40,WaitTime=49), (In=47,Out=47,WaitTime=30), (In=48,Out=5,WaitTime=49)]              []              []
Distance             =            1129               0               0
------------------------------------------------------------------------------
Elevator ID          =              34              35              36
Direction            =               0               1              -1
Current Floor        =               1              14              17
Total Capacity       =              20              20              20
Current Capacity     =              20              14              13
Number of stops      =               0              23              26
Stops in floors      =              [] [(In=17,Out=33,WaitTime=29), (In=19,Out=19,WaitTime=23), (In=26,Out=8,WaitTime=29), (In=27,Out=49,WaitTime=29), (In=29,Out=29,WaitTime=30), (In=31,Out=22,WaitTime=28), (In=8,Out=8,WaitTime=4), (In=32,Out=37,WaitTime=28), (In=32,Out=41,WaitTime=29), (In=34,Out=42,WaitTime=28), (In=36,Out=4,WaitTime=29), (In=37,Out=32,WaitTime=29), (In=40,Out=2,WaitTime=28), (In=40,Out=37,WaitTime=29), (In=43,Out=13,WaitTime=29), (In=44,Out=18,WaitTime=29), (In=45,Out=45,WaitTime=4), (In=45,Out=36,WaitTime=29), (In=46,Out=46,WaitTime=27), (In=46,Out=39,WaitTime=29), (In=48,Out=48,WaitTime=29), (In=48,Out=36,WaitTime=29), (In=48,Out=35,WaitTime=29)] [(In=15,Out=15,WaitTime=14), (In=28,Out=18,WaitTime=13), (In=28,Out=28,WaitTime=19), (In=28,Out=28,WaitTime=30), (In=30,Out=26,WaitTime=13), (In=30,Out=5,WaitTime=13), (In=31,Out=31,WaitTime=10), (In=33,Out=33,WaitTime=29), (In=35,Out=15,WaitTime=13), (In=35,Out=15,WaitTime=31), (In=36,Out=35,WaitTime=13), (In=37,Out=5,WaitTime=31), (In=39,Out=39,WaitTime=23), (In=39,Out=29,WaitTime=31), (In=39,Out=8,WaitTime=31), (In=40,Out=11,WaitTime=13), (In=41,Out=28,WaitTime=13), (In=41,Out=11,WaitTime=31), (In=42,Out=42,WaitTime=22), (In=42,Out=25,WaitTime=31), (In=42,Out=44,WaitTime=31), (In=43,Out=22,WaitTime=13), (In=43,Out=26,WaitTime=31), (In=43,Out=15,WaitTime=31), (In=48,Out=3,WaitTime=13), (In=49,Out=19,WaitTime=31)]
Distance             =               0             697             525
------------------------------------------------------------------------------
Elevator ID          =              37              38              39
Direction            =               0               0               1
Current Floor        =               1               1              25
Total Capacity       =              20              20              20
Current Capacity     =              20              20              13
Number of stops      =               0               0              18
Stops in floors      =              []              [] [(In=27,Out=31,WaitTime=39), (In=31,Out=31,WaitTime=24), (In=33,Out=23,WaitTime=36), (In=35,Out=31,WaitTime=36), (In=21,Out=21,WaitTime=2), (In=36,Out=11,WaitTime=39), (In=36,Out=17,WaitTime=39), (In=37,Out=17,WaitTime=39), (In=38,Out=38,WaitTime=40), (In=40,Out=40,WaitTime=35), (In=40,Out=22,WaitTime=39), (In=41,Out=24,WaitTime=36), (In=41,Out=31,WaitTime=39), (In=42,Out=42,WaitTime=2), (In=42,Out=28,WaitTime=36), (In=42,Out=25,WaitTime=36), (In=47,Out=47,WaitTime=37), (In=48,Out=48,WaitTime=37)]
Distance             =               0               0             790
------------------------------------------------------------------------------
Elevator ID          =              40              41              42
Direction            =               1               0               1
Current Floor        =               8               1              15
Total Capacity       =              20              20              20
Current Capacity     =              17              20              13
Number of stops      =              16               0              23
Stops in floors      = [(In=9,Out=43,WaitTime=11), (In=9,Out=45,WaitTime=11), (In=14,Out=15,WaitTime=11), (In=15,Out=34,WaitTime=11), (In=21,Out=8,WaitTime=11), (In=27,Out=27,WaitTime=9), (In=27,Out=4,WaitTime=11), (In=30,Out=9,WaitTime=11), (In=32,Out=32,WaitTime=9), (In=39,Out=10,WaitTime=11), (In=42,Out=42,WaitTime=12), (In=43,Out=3,WaitTime=11), (In=45,Out=28,WaitTime=11), (In=46,Out=8,WaitTime=11), (In=46,Out=30,WaitTime=11), (In=49,Out=37,WaitTime=11)]              [] [(In=25,Out=31,WaitTime=34), (In=25,Out=10,WaitTime=38), (In=29,Out=1,WaitTime=38), (In=30,Out=45,WaitTime=37), (In=32,Out=32,WaitTime=27), (In=32,Out=10,WaitTime=34), (In=33,Out=29,WaitTime=34), (In=33,Out=14,WaitTime=38), (In=35,Out=33,WaitTime=34), (In=35,Out=16,WaitTime=38), (In=36,Out=36,WaitTime=23), (In=36,Out=36,WaitTime=31), (In=38,Out=1,WaitTime=37), (In=39,Out=39,WaitTime=26), (In=41,Out=45,WaitTime=38), (In=44,Out=44,WaitTime=22), (In=44,Out=44,WaitTime=27), (In=44,Out=37,WaitTime=34), (In=45,Out=44,WaitTime=38), (In=45,Out=45,WaitTime=39), (In=47,Out=13,WaitTime=37), (In=48,Out=12,WaitTime=34), (In=48,Out=1,WaitTime=34)]
Distance             =              87               0             578
------------------------------------------------------------------------------
Elevator ID          =              43              44              45
Direction            =               0               1               0
Current Floor        =               1              12               1
Total Capacity       =              20              20              20
Current Capacity     =              20              18              20
Number of stops      =               0              19               0
Stops in floors      =              [] [(In=17,Out=4,WaitTime=32), (In=17,Out=20,WaitTime=33), (In=21,Out=38,WaitTime=33), (In=23,Out=42,WaitTime=32), (In=27,Out=13,WaitTime=33), (In=27,Out=18,WaitTime=33), (In=28,Out=31,WaitTime=32), (In=29,Out=46,WaitTime=32), (In=30,Out=10,WaitTime=32), (In=30,Out=7,WaitTime=32), (In=31,Out=5,WaitTime=32), (In=33,Out=20,WaitTime=32), (In=33,Out=45,WaitTime=33), (In=34,Out=20,WaitTime=32), (In=38,Out=14,WaitTime=33), (In=41,Out=31,WaitTime=32), (In=44,Out=44,WaitTime=32), (In=48,Out=48,WaitTime=26), (In=49,Out=21,WaitTime=32)]              []
Distance             =               0             212               0
------------------------------------------------------------------------------
Elevator ID          =              46              47              48
Direction            =               0               0               1
Current Floor        =               1               1              10
Total Capacity       =              20              20              20
Current Capacity     =              20              20              18
Number of stops      =               0               0               7
Stops in floors      =              []              [] [(In=11,Out=24,WaitTime=7), (In=12,Out=9,WaitTime=7), (In=12,Out=47,WaitTime=7), (In=13,Out=29,WaitTime=7), (In=13,Out=40,WaitTime=7), (In=15,Out=15,WaitTime=8), (In=26,Out=26,WaitTime=7)]
Distance             =               0               0              27
##############################################################################

