SOLUCION FINAL:
Num elevators = 50
Num floors = 50
Cost = 1978
------------------------------------------------------------------------------
Elevator ID          =               1               2               3
Direction            =               0               0               1
Current Floor        =               1               1              20
Total Capacity       =              20              20              20
Current Capacity     =              20              20               6
Number of stops      =               0               0              47
Stops in floors      =              []              [] [(In=27,Out=4,WaitTime=11), (In=32,Out=28,WaitTime=6), (In=33,Out=21,WaitTime=7), (In=34,Out=37,WaitTime=5), (In=39,Out=22,WaitTime=7), (In=39,Out=10,WaitTime=11), (In=42,Out=42,WaitTime=14), (In=42,Out=42,WaitTime=13), (In=6,Out=11,WaitTime=17), (In=6,Out=46,WaitTime=25), (In=43,Out=23,WaitTime=8), (In=44,Out=44,WaitTime=19), (In=5,Out=12,WaitTime=21), (In=5,Out=15,WaitTime=22), (In=4,Out=45,WaitTime=13), (In=4,Out=47,WaitTime=15), (In=4,Out=1,WaitTime=20), (In=3,Out=7,WaitTime=14), (In=3,Out=19,WaitTime=22), (In=3,Out=8,WaitTime=25), (In=3,Out=3,WaitTime=38), (In=11,Out=11,WaitTime=28), (In=24,Out=42,WaitTime=39), (In=24,Out=21,WaitTime=39), (In=24,Out=49,WaitTime=42), (In=25,Out=31,WaitTime=34), (In=25,Out=10,WaitTime=38), (In=25,Out=25,WaitTime=49), (In=28,Out=28,WaitTime=43), (In=30,Out=24,WaitTime=40), (In=32,Out=34,WaitTime=41), (In=33,Out=29,WaitTime=34), (In=34,Out=25,WaitTime=40), (In=34,Out=34,WaitTime=41), (In=35,Out=33,WaitTime=34), (In=35,Out=43,WaitTime=35), (In=36,Out=36,WaitTime=34), (In=36,Out=17,WaitTime=39), (In=37,Out=17,WaitTime=39), (In=37,Out=37,WaitTime=40), (In=39,Out=39,WaitTime=30), (In=39,Out=12,WaitTime=40), (In=40,Out=2,WaitTime=28), (In=40,Out=22,WaitTime=39), (In=40,Out=40,WaitTime=42), (In=44,Out=44,WaitTime=33), (In=1,Out=1,WaitTime=13)]
Distance             =               0               0             270
------------------------------------------------------------------------------
Elevator ID          =               4               5               6
Direction            =               0               0              -1
Current Floor        =               1               1              21
Total Capacity       =              20              20              20
Current Capacity     =              20              20               5
Number of stops      =               0               0              39
Stops in floors      =              []              [] [(In=16,Out=16,WaitTime=2), (In=14,Out=4,WaitTime=3), (In=12,Out=19,WaitTime=2), (In=5,Out=38,WaitTime=5), (In=4,Out=26,WaitTime=7), (In=2,Out=29,WaitTime=2), (In=48,Out=48,WaitTime=1), (In=1,Out=1,WaitTime=9), (In=31,Out=31,WaitTime=20), (In=15,Out=15,WaitTime=12), (In=32,Out=10,WaitTime=34), (In=12,Out=12,WaitTime=24), (In=33,Out=20,WaitTime=32), (In=33,Out=33,WaitTime=33), (In=35,Out=2,WaitTime=12), (In=35,Out=4,WaitTime=12), (In=35,Out=18,WaitTime=17), (In=35,Out=37,WaitTime=20), (In=35,Out=4,WaitTime=27), (In=35,Out=23,WaitTime=35), (In=35,Out=31,WaitTime=36), (In=36,Out=36,WaitTime=23), (In=37,Out=35,WaitTime=27), (In=38,Out=18,WaitTime=15), (In=39,Out=39,WaitTime=26), (In=39,Out=5,WaitTime=26), (In=40,Out=10,WaitTime=27), (In=40,Out=7,WaitTime=27), (In=42,Out=35,WaitTime=21), (In=42,Out=42,WaitTime=26), (In=42,Out=25,WaitTime=36), (In=43,Out=6,WaitTime=9), (In=44,Out=44,WaitTime=16), (In=44,Out=37,WaitTime=34), (In=45,Out=44,WaitTime=25), (In=45,Out=45,WaitTime=29), (In=45,Out=45,WaitTime=39), (In=46,Out=46,WaitTime=15), (In=46,Out=46,WaitTime=16)]
Distance             =               0               0             267
------------------------------------------------------------------------------
Elevator ID          =               7               8               9
Direction            =               0              -1              -1
Current Floor        =               1              17              11
Total Capacity       =              20              20              20
Current Capacity     =              20              15              14
Number of stops      =               0              23              12
Stops in floors      =              [] [(In=5,Out=49,WaitTime=2), (In=4,Out=10,WaitTime=1), (In=4,Out=4,WaitTime=13), (In=26,Out=26,WaitTime=10), (In=32,Out=3,WaitTime=17), (In=32,Out=34,WaitTime=18), (In=34,Out=8,WaitTime=12), (In=35,Out=17,WaitTime=14), (In=36,Out=29,WaitTime=12), (In=36,Out=35,WaitTime=13), (In=36,Out=2,WaitTime=15), (In=38,Out=43,WaitTime=5), (In=45,Out=8,WaitTime=14), (In=46,Out=26,WaitTime=7), (In=46,Out=8,WaitTime=11), (In=46,Out=30,WaitTime=11), (In=46,Out=31,WaitTime=17), (In=47,Out=7,WaitTime=15), (In=48,Out=48,WaitTime=6), (In=48,Out=11,WaitTime=17), (In=49,Out=41,WaitTime=15), (In=49,Out=49,WaitTime=19), (In=2,Out=2,WaitTime=18)] [(In=10,Out=10,WaitTime=6), (In=18,Out=47,WaitTime=17), (In=8,Out=8,WaitTime=13), (In=19,Out=36,WaitTime=15), (In=19,Out=19,WaitTime=17), (In=21,Out=2,WaitTime=18), (In=23,Out=5,WaitTime=9), (In=23,Out=48,WaitTime=16), (In=23,Out=16,WaitTime=19), (In=29,Out=29,WaitTime=20), (In=34,Out=34,WaitTime=7), (In=38,Out=38,WaitTime=9)]
Distance             =               0             129              69
------------------------------------------------------------------------------
Elevator ID          =              10              11              12
Direction            =              -1               1               0
Current Floor        =               8              18               1
Total Capacity       =              20              20              20
Current Capacity     =               9               9              20
Number of stops      =              41              42               0
Stops in floors      = [(In=3,Out=3,WaitTime=4), (In=9,Out=28,WaitTime=6), (In=9,Out=43,WaitTime=11), (In=5,Out=44,WaitTime=15), (In=17,Out=17,WaitTime=7), (In=3,Out=26,WaitTime=6), (In=2,Out=36,WaitTime=7), (In=2,Out=14,WaitTime=16), (In=1,Out=1,WaitTime=20), (In=20,Out=20,WaitTime=18), (In=27,Out=39,WaitTime=18), (In=27,Out=13,WaitTime=33), (In=1,Out=1,WaitTime=20), (In=28,Out=6,WaitTime=23), (In=28,Out=28,WaitTime=24), (In=29,Out=35,WaitTime=19), (In=30,Out=17,WaitTime=20), (In=30,Out=45,WaitTime=24), (In=31,Out=5,WaitTime=26), (In=32,Out=37,WaitTime=28), (In=35,Out=5,WaitTime=19), (In=35,Out=36,WaitTime=19), (In=37,Out=37,WaitTime=19), (In=38,Out=14,WaitTime=33), (In=39,Out=19,WaitTime=24), (In=39,Out=39,WaitTime=28), (In=39,Out=29,WaitTime=31), (In=39,Out=8,WaitTime=31), (In=40,Out=28,WaitTime=27), (In=40,Out=37,WaitTime=29), (In=40,Out=40,WaitTime=32), (In=41,Out=3,WaitTime=30), (In=42,Out=26,WaitTime=26), (In=43,Out=15,WaitTime=31), (In=45,Out=44,WaitTime=21), (In=46,Out=17,WaitTime=18), (In=47,Out=15,WaitTime=24), (In=47,Out=47,WaitTime=34), (In=48,Out=36,WaitTime=29), (In=48,Out=35,WaitTime=29), (In=48,Out=48,WaitTime=34)] [(In=20,Out=45,WaitTime=4), (In=26,Out=49,WaitTime=4), (In=29,Out=29,WaitTime=6), (In=12,Out=9,WaitTime=7), (In=15,Out=15,WaitTime=7), (In=8,Out=8,WaitTime=22), (In=8,Out=8,WaitTime=13), (In=23,Out=23,WaitTime=22), (In=23,Out=9,WaitTime=23), (In=23,Out=25,WaitTime=25), (In=27,Out=30,WaitTime=22), (In=27,Out=49,WaitTime=29), (In=28,Out=18,WaitTime=13), (In=28,Out=28,WaitTime=14), (In=29,Out=29,WaitTime=14), (In=29,Out=40,WaitTime=21), (In=29,Out=29,WaitTime=30), (In=30,Out=26,WaitTime=13), (In=31,Out=41,WaitTime=20), (In=31,Out=22,WaitTime=25), (In=32,Out=25,WaitTime=17), (In=32,Out=8,WaitTime=21), (In=32,Out=47,WaitTime=24), (In=33,Out=45,WaitTime=21), (In=35,Out=7,WaitTime=17), (In=38,Out=32,WaitTime=3), (In=38,Out=38,WaitTime=16), (In=38,Out=35,WaitTime=22), (In=39,Out=3,WaitTime=5), (In=40,Out=11,WaitTime=13), (In=40,Out=29,WaitTime=17), (In=40,Out=13,WaitTime=19), (In=41,Out=26,WaitTime=16), (In=43,Out=6,WaitTime=1), (In=44,Out=29,WaitTime=14), (In=45,Out=13,WaitTime=19), (In=46,Out=32,WaitTime=1), (In=46,Out=46,WaitTime=27), (In=47,Out=39,WaitTime=5), (In=48,Out=17,WaitTime=1), (In=48,Out=3,WaitTime=13), (In=48,Out=48,WaitTime=17)]              []
Distance             =             181             109               0
------------------------------------------------------------------------------
Elevator ID          =              13              14              15
Direction            =               0               0               1
Current Floor        =               1               1              12
Total Capacity       =              20              20              20
Current Capacity     =              20              20              18
Number of stops      =               0               0               4
Stops in floors      =              []              [] [(In=30,Out=20,WaitTime=6), (In=31,Out=38,WaitTime=6), (In=31,Out=31,WaitTime=12), (In=47,Out=47,WaitTime=1)]
Distance             =               0               0              46
------------------------------------------------------------------------------
Elevator ID          =              16              17              18
Direction            =               0               0               0
Current Floor        =               1               1              17
Total Capacity       =              20              20              20
Current Capacity     =              20              20              20
Number of stops      =               0               0               0
Stops in floors      =              []              []              []
Distance             =               0               0              16
------------------------------------------------------------------------------
Elevator ID          =              19              20              21
Direction            =               1              -1               0
Current Floor        =              13              15               1
Total Capacity       =              20              20              20
Current Capacity     =              13              13              20
Number of stops      =              34              20               0
Stops in floors      = [(In=37,Out=37,WaitTime=1), (In=8,Out=8,WaitTime=9), (In=22,Out=30,WaitTime=20), (In=22,Out=22,WaitTime=29), (In=24,Out=32,WaitTime=17), (In=26,Out=13,WaitTime=12), (In=26,Out=16,WaitTime=17), (In=30,Out=9,WaitTime=11), (In=32,Out=35,WaitTime=20), (In=33,Out=44,WaitTime=18), (In=33,Out=48,WaitTime=23), (In=34,Out=39,WaitTime=22), (In=34,Out=37,WaitTime=26), (In=35,Out=49,WaitTime=27), (In=36,Out=36,WaitTime=15), (In=36,Out=11,WaitTime=23), (In=38,Out=2,WaitTime=22), (In=39,Out=39,WaitTime=15), (In=39,Out=29,WaitTime=15), (In=41,Out=27,WaitTime=15), (In=41,Out=41,WaitTime=21), (In=44,Out=32,WaitTime=17), (In=44,Out=45,WaitTime=20), (In=45,Out=28,WaitTime=11), (In=45,Out=4,WaitTime=12), (In=45,Out=30,WaitTime=23), (In=45,Out=17,WaitTime=27), (In=46,Out=33,WaitTime=19), (In=46,Out=48,WaitTime=24), (In=47,Out=29,WaitTime=19), (In=47,Out=38,WaitTime=21), (In=48,Out=34,WaitTime=14), (In=48,Out=43,WaitTime=24), (In=48,Out=48,WaitTime=28)] [(In=14,Out=16,WaitTime=14), (In=12,Out=14,WaitTime=14), (In=10,Out=31,WaitTime=14), (In=26,Out=26,WaitTime=5), (In=35,Out=35,WaitTime=8), (In=7,Out=33,WaitTime=3), (In=5,Out=28,WaitTime=14), (In=5,Out=22,WaitTime=16), (In=4,Out=4,WaitTime=17), (In=28,Out=23,WaitTime=30), (In=28,Out=31,WaitTime=32), (In=30,Out=10,WaitTime=32), (In=30,Out=45,WaitTime=37), (In=31,Out=31,WaitTime=24), (In=31,Out=5,WaitTime=32), (In=32,Out=41,WaitTime=29), (In=32,Out=32,WaitTime=37), (In=33,Out=16,WaitTime=18), (In=33,Out=33,WaitTime=38), (In=41,Out=41,WaitTime=15)]              []
Distance             =             123             146               0
------------------------------------------------------------------------------
Elevator ID          =              22              23              24
Direction            =               0               0               1
Current Floor        =               1               1              12
Total Capacity       =              20              20              20
Current Capacity     =              20              20              18
Number of stops      =               0               0               9
Stops in floors      =              []              [] [(In=18,Out=46,WaitTime=9), (In=21,Out=49,WaitTime=5), (In=24,Out=3,WaitTime=5), (In=30,Out=35,WaitTime=5), (In=35,Out=25,WaitTime=2), (In=40,Out=3,WaitTime=7), (In=41,Out=21,WaitTime=7), (In=42,Out=42,WaitTime=12), (In=1,Out=1,WaitTime=9)]
Distance             =               0               0              82
------------------------------------------------------------------------------
Elevator ID          =              25              26              27
Direction            =               0              -1               0
Current Floor        =               1               6               1
Total Capacity       =              20              20              20
Current Capacity     =              20               7              20
Number of stops      =               0              32               0
Stops in floors      =              [] [(In=3,Out=6,WaitTime=12), (In=2,Out=15,WaitTime=17), (In=24,Out=24,WaitTime=1), (In=1,Out=1,WaitTime=26), (In=18,Out=18,WaitTime=18), (In=18,Out=38,WaitTime=24), (In=24,Out=24,WaitTime=6), (In=26,Out=27,WaitTime=20), (In=26,Out=26,WaitTime=22), (In=27,Out=20,WaitTime=23), (In=27,Out=15,WaitTime=27), (In=27,Out=27,WaitTime=28), (In=32,Out=32,WaitTime=22), (In=33,Out=33,WaitTime=18), (In=35,Out=35,WaitTime=15), (In=35,Out=15,WaitTime=31), (In=36,Out=48,WaitTime=21), (In=38,Out=31,WaitTime=19), (In=38,Out=2,WaitTime=30), (In=39,Out=39,WaitTime=18), (In=42,Out=10,WaitTime=18), (In=42,Out=27,WaitTime=19), (In=44,Out=44,WaitTime=13), (In=44,Out=43,WaitTime=22), (In=44,Out=44,WaitTime=32), (In=45,Out=24,WaitTime=22), (In=45,Out=21,WaitTime=24), (In=47,Out=48,WaitTime=20), (In=48,Out=10,WaitTime=19), (In=48,Out=48,WaitTime=26), (In=49,Out=20,WaitTime=18), (In=49,Out=46,WaitTime=20)]              []
Distance             =               0             130               0
------------------------------------------------------------------------------
Elevator ID          =              28              29              30
Direction            =               0               1               0
Current Floor        =               1              10               1
Total Capacity       =              20              20              20
Current Capacity     =              20              12              20
Number of stops      =               0              16               0
Stops in floors      =              [] [(In=11,Out=11,WaitTime=6), (In=4,Out=27,WaitTime=11), (In=19,Out=47,WaitTime=2), (In=30,Out=7,WaitTime=4), (In=45,Out=45,WaitTime=10), (In=3,Out=15,WaitTime=9), (In=2,Out=2,WaitTime=15), (In=14,Out=37,WaitTime=22), (In=14,Out=14,WaitTime=28), (In=15,Out=6,WaitTime=20), (In=15,Out=15,WaitTime=22), (In=17,Out=17,WaitTime=16), (In=27,Out=27,WaitTime=18), (In=29,Out=6,WaitTime=15), (In=37,Out=38,WaitTime=15), (In=38,Out=38,WaitTime=17)]              []
Distance             =               0             155               0
------------------------------------------------------------------------------
Elevator ID          =              31              32              33
Direction            =               0               0               0
Current Floor        =               1               1               1
Total Capacity       =              20              20              20
Current Capacity     =              20              20              20
Number of stops      =               0               0               0
Stops in floors      =              []              []              []
Distance             =               0               0               0
------------------------------------------------------------------------------
Elevator ID          =              34              35              36
Direction            =              -1               0              -1
Current Floor        =              17               1              16
Total Capacity       =              20              20              20
Current Capacity     =               8              20               4
Number of stops      =             103               0              96
Stops in floors      = [(In=13,Out=13,WaitTime=1), (In=25,Out=25,WaitTime=9), (In=8,Out=8,WaitTime=22), (In=21,Out=43,WaitTime=27), (In=21,Out=38,WaitTime=33), (In=22,Out=15,WaitTime=31), (In=22,Out=11,WaitTime=37), (In=23,Out=42,WaitTime=32), (In=24,Out=8,WaitTime=24), (In=24,Out=44,WaitTime=27), (In=27,Out=18,WaitTime=33), (In=28,Out=47,WaitTime=22), (In=31,Out=6,WaitTime=3), (In=31,Out=22,WaitTime=28), (In=32,Out=34,WaitTime=1), (In=33,Out=40,WaitTime=2), (In=33,Out=45,WaitTime=33), (In=33,Out=23,WaitTime=36), (In=34,Out=42,WaitTime=28), (In=35,Out=24,WaitTime=24), (In=36,Out=4,WaitTime=29), (In=36,Out=36,WaitTime=33), (In=37,Out=32,WaitTime=29), (In=38,Out=38,WaitTime=1), (In=38,Out=38,WaitTime=38), (In=3,Out=3,WaitTime=43), (In=10,Out=10,WaitTime=46), (In=10,Out=47,WaitTime=49), (In=11,Out=20,WaitTime=49), (In=11,Out=5,WaitTime=50), (In=13,Out=13,WaitTime=43), (In=13,Out=25,WaitTime=49), (In=14,Out=16,WaitTime=44), (In=14,Out=9,WaitTime=50), (In=15,Out=24,WaitTime=47), (In=16,Out=19,WaitTime=47), (In=19,Out=7,WaitTime=50), (In=20,Out=5,WaitTime=43), (In=20,Out=47,WaitTime=50), (In=21,Out=36,WaitTime=50), (In=22,Out=36,WaitTime=50), (In=24,Out=16,WaitTime=49), (In=24,Out=34,WaitTime=50), (In=25,Out=38,WaitTime=44), (In=25,Out=31,WaitTime=49), (In=26,Out=41,WaitTime=48), (In=26,Out=44,WaitTime=49), (In=26,Out=32,WaitTime=50), (In=28,Out=32,WaitTime=47), (In=28,Out=22,WaitTime=48), (In=29,Out=36,WaitTime=49), (In=30,Out=30,WaitTime=44), (In=30,Out=15,WaitTime=50), (In=31,Out=41,WaitTime=47), (In=31,Out=26,WaitTime=47), (In=31,Out=31,WaitTime=48), (In=32,Out=40,WaitTime=44), (In=32,Out=21,WaitTime=47), (In=33,Out=16,WaitTime=50), (In=34,Out=3,WaitTime=50), (In=35,Out=44,WaitTime=44), (In=36,Out=13,WaitTime=47), (In=37,Out=9,WaitTime=47), (In=38,Out=17,WaitTime=49), (In=39,Out=29,WaitTime=7), (In=39,Out=19,WaitTime=23), (In=39,Out=10,WaitTime=44), (In=39,Out=46,WaitTime=46), (In=39,Out=15,WaitTime=47), (In=39,Out=45,WaitTime=48), (In=40,Out=47,WaitTime=30), (In=40,Out=49,WaitTime=44), (In=41,Out=47,WaitTime=2), (In=41,Out=11,WaitTime=31), (In=41,Out=20,WaitTime=50), (In=41,Out=21,WaitTime=50), (In=42,Out=25,WaitTime=31), (In=42,Out=44,WaitTime=31), (In=42,Out=28,WaitTime=36), (In=42,Out=30,WaitTime=44), (In=42,Out=38,WaitTime=44), (In=42,Out=31,WaitTime=46), (In=42,Out=49,WaitTime=47), (In=43,Out=28,WaitTime=35), (In=43,Out=40,WaitTime=49), (In=44,Out=8,WaitTime=2), (In=44,Out=44,WaitTime=29), (In=44,Out=12,WaitTime=44), (In=44,Out=41,WaitTime=46), (In=46,Out=39,WaitTime=29), (In=47,Out=34,WaitTime=2), (In=47,Out=13,WaitTime=37), (In=47,Out=19,WaitTime=47), (In=48,Out=12,WaitTime=34), (In=48,Out=1,WaitTime=34), (In=48,Out=29,WaitTime=44), (In=48,Out=5,WaitTime=49), (In=49,Out=9,WaitTime=23), (In=49,Out=19,WaitTime=31), (In=49,Out=21,WaitTime=32), (In=49,Out=6,WaitTime=35), (In=49,Out=17,WaitTime=35), (In=49,Out=27,WaitTime=35)]              [] [(In=1,Out=1,WaitTime=4), (In=10,Out=10,WaitTime=2), (In=19,Out=49,WaitTime=2), (In=19,Out=13,WaitTime=3), (In=23,Out=31,WaitTime=14), (In=23,Out=20,WaitTime=15), (In=30,Out=5,WaitTime=13), (In=31,Out=9,WaitTime=7), (In=31,Out=31,WaitTime=16), (In=35,Out=15,WaitTime=13), (In=39,Out=21,WaitTime=3), (In=39,Out=39,WaitTime=18), (In=7,Out=11,WaitTime=25), (In=7,Out=20,WaitTime=27), (In=7,Out=14,WaitTime=27), (In=6,Out=13,WaitTime=19), (In=5,Out=44,WaitTime=23), (In=4,Out=32,WaitTime=11), (In=4,Out=2,WaitTime=11), (In=4,Out=40,WaitTime=21), (In=2,Out=28,WaitTime=19), (In=2,Out=31,WaitTime=22), (In=2,Out=32,WaitTime=23), (In=2,Out=2,WaitTime=29), (In=16,Out=16,WaitTime=28), (In=16,Out=49,WaitTime=41), (In=16,Out=10,WaitTime=43), (In=17,Out=4,WaitTime=32), (In=17,Out=14,WaitTime=41), (In=18,Out=48,WaitTime=42), (In=19,Out=26,WaitTime=42), (In=19,Out=19,WaitTime=43), (In=21,Out=7,WaitTime=40), (In=21,Out=12,WaitTime=41), (In=24,Out=24,WaitTime=43), (In=9,Out=5,WaitTime=33), (In=5,Out=12,WaitTime=33), (In=5,Out=5,WaitTime=43), (In=25,Out=7,WaitTime=41), (In=26,Out=8,WaitTime=29), (In=26,Out=31,WaitTime=31), (In=26,Out=37,WaitTime=42), (In=27,Out=31,WaitTime=39), (In=27,Out=44,WaitTime=44), (In=27,Out=41,WaitTime=45), (In=28,Out=10,WaitTime=41), (In=29,Out=46,WaitTime=32), (In=29,Out=35,WaitTime=40), (In=29,Out=47,WaitTime=42), (In=29,Out=12,WaitTime=44), (In=30,Out=7,WaitTime=32), (In=31,Out=5,WaitTime=44), (In=31,Out=28,WaitTime=45), (In=33,Out=14,WaitTime=38), (In=33,Out=17,WaitTime=42), (In=34,Out=20,WaitTime=32), (In=34,Out=6,WaitTime=44), (In=35,Out=35,WaitTime=29), (In=35,Out=16,WaitTime=38), (In=36,Out=11,WaitTime=39), (In=36,Out=7,WaitTime=42), (In=36,Out=8,WaitTime=44), (In=36,Out=36,WaitTime=48), (In=37,Out=5,WaitTime=31), (In=38,Out=1,WaitTime=37), (In=38,Out=37,WaitTime=40), (In=39,Out=39,WaitTime=44), (In=40,Out=40,WaitTime=6), (In=41,Out=28,WaitTime=13), (In=41,Out=49,WaitTime=15), (In=41,Out=5,WaitTime=17), (In=41,Out=32,WaitTime=30), (In=41,Out=31,WaitTime=32), (In=41,Out=24,WaitTime=36), (In=41,Out=45,WaitTime=38), (In=41,Out=31,WaitTime=39), (In=41,Out=22,WaitTime=40), (In=42,Out=24,WaitTime=2), (In=42,Out=39,WaitTime=42), (In=43,Out=22,WaitTime=13), (In=43,Out=43,WaitTime=20), (In=43,Out=13,WaitTime=29), (In=43,Out=26,WaitTime=31), (In=43,Out=42,WaitTime=40), (In=43,Out=19,WaitTime=42), (In=44,Out=18,WaitTime=29), (In=44,Out=44,WaitTime=39), (In=44,Out=25,WaitTime=40), (In=44,Out=5,WaitTime=41), (In=45,Out=36,WaitTime=29), (In=45,Out=44,WaitTime=38), (In=45,Out=12,WaitTime=41), (In=46,Out=45,WaitTime=2), (In=46,Out=27,WaitTime=40), (In=48,Out=14,WaitTime=14), (In=48,Out=48,WaitTime=37)]
Distance             =             194               0             221
------------------------------------------------------------------------------
Elevator ID          =              37              38              39
Direction            =               0               0               0
Current Floor        =               1               1               1
Total Capacity       =              20              20              20
Current Capacity     =              20              20              20
Number of stops      =               0               0               0
Stops in floors      =              []              []              []
Distance             =               0               0               0
------------------------------------------------------------------------------
Elevator ID          =              40              41              42
Direction            =               0               0               0
Current Floor        =               1               1               1
Total Capacity       =              20              20              20
Current Capacity     =              20              20              20
Number of stops      =               0               0               0
Stops in floors      =              []              []              []
Distance             =               0               0               0
------------------------------------------------------------------------------
Elevator ID          =              43              44              45
Direction            =               1               0               0
Current Floor        =              24               1               1
Total Capacity       =              20              20              20
Current Capacity     =              18              20              20
Number of stops      =              11               0               0
Stops in floors      = [(In=25,Out=25,WaitTime=20), (In=26,Out=30,WaitTime=5), (In=27,Out=3,WaitTime=12), (In=33,Out=21,WaitTime=12), (In=36,Out=25,WaitTime=7), (In=39,Out=20,WaitTime=1), (In=42,Out=15,WaitTime=7), (In=43,Out=3,WaitTime=11), (In=48,Out=2,WaitTime=3), (In=49,Out=37,WaitTime=11), (In=49,Out=49,WaitTime=13)]              []              []
Distance             =              48               0               0
------------------------------------------------------------------------------
Elevator ID          =              46              47              48
Direction            =               0               0               0
Current Floor        =               1               1               1
Total Capacity       =              20              20              20
Current Capacity     =              20              20              20
Number of stops      =               0               0               0
Stops in floors      =              []              []              []
Distance             =               0               0               0
##############################################################################

