SOLUCION FINAL:
Num elevators = 50
Num floors = 50
Cost = 11601
------------------------------------------------------------------------------
Elevator ID          =               1               2               3
Direction            =               0               1               0
Current Floor        =               1              11               1
Total Capacity       =              20              20              20
Current Capacity     =              20              13              20
Number of stops      =               0              17               0
Stops in floors      =              [] [(In=14,Out=14,WaitTime=6), (In=14,Out=16,WaitTime=14), (In=14,Out=14,WaitTime=16), (In=16,Out=44,WaitTime=14), (In=16,Out=26,WaitTime=14), (In=17,Out=17,WaitTime=6), (In=20,Out=35,WaitTime=14), (In=22,Out=22,WaitTime=13), (In=23,Out=31,WaitTime=14), (In=31,Out=31,WaitTime=8), (In=35,Out=17,WaitTime=14), (In=44,Out=44,WaitTime=13), (In=44,Out=29,WaitTime=14), (In=45,Out=8,WaitTime=14), (In=47,Out=47,WaitTime=14), (In=48,Out=14,WaitTime=14), (In=48,Out=34,WaitTime=14)]              []
Distance             =               0             205               0
------------------------------------------------------------------------------
Elevator ID          =               4               5               6
Direction            =               0               1               1
Current Floor        =               1               8               8
Total Capacity       =              20              20              20
Current Capacity     =              20              17              17
Number of stops      =               0              21              19
Stops in floors      =              [] [(In=28,Out=31,WaitTime=32), (In=28,Out=32,WaitTime=47), (In=29,Out=46,WaitTime=32), (In=30,Out=10,WaitTime=32), (In=30,Out=7,WaitTime=32), (In=31,Out=5,WaitTime=32), (In=31,Out=41,WaitTime=47), (In=31,Out=26,WaitTime=47), (In=32,Out=21,WaitTime=47), (In=33,Out=20,WaitTime=32), (In=34,Out=20,WaitTime=32), (In=36,Out=13,WaitTime=47), (In=36,Out=36,WaitTime=48), (In=37,Out=9,WaitTime=47), (In=39,Out=15,WaitTime=47), (In=41,Out=31,WaitTime=32), (In=42,Out=42,WaitTime=26), (In=42,Out=49,WaitTime=47), (In=44,Out=44,WaitTime=39), (In=47,Out=19,WaitTime=47), (In=49,Out=21,WaitTime=32)] [(In=9,Out=28,WaitTime=6), (In=11,Out=3,WaitTime=5), (In=13,Out=37,WaitTime=6), (In=19,Out=20,WaitTime=5), (In=19,Out=26,WaitTime=6), (In=21,Out=49,WaitTime=5), (In=24,Out=3,WaitTime=5), (In=26,Out=30,WaitTime=5), (In=26,Out=26,WaitTime=6), (In=30,Out=35,WaitTime=5), (In=30,Out=20,WaitTime=6), (In=31,Out=38,WaitTime=6), (In=32,Out=28,WaitTime=6), (In=34,Out=37,WaitTime=5), (In=36,Out=36,WaitTime=7), (In=38,Out=38,WaitTime=4), (In=38,Out=43,WaitTime=5), (In=39,Out=3,WaitTime=5), (In=47,Out=39,WaitTime=5)]
Distance             =               0             450              74
------------------------------------------------------------------------------
Elevator ID          =               7               8               9
Direction            =               0               1              -1
Current Floor        =               1              11              11
Total Capacity       =              20              20              20
Current Capacity     =              20              11              14
Number of stops      =               0              21              23
Stops in floors      =              [] [(In=26,Out=26,WaitTime=31), (In=26,Out=37,WaitTime=42), (In=29,Out=47,WaitTime=42), (In=10,Out=10,WaitTime=34), (In=33,Out=17,WaitTime=42), (In=12,Out=12,WaitTime=34), (In=35,Out=23,WaitTime=35), (In=35,Out=43,WaitTime=35), (In=35,Out=35,WaitTime=36), (In=36,Out=7,WaitTime=42), (In=37,Out=37,WaitTime=39), (In=40,Out=40,WaitTime=41), (In=42,Out=39,WaitTime=42), (In=43,Out=28,WaitTime=35), (In=43,Out=19,WaitTime=42), (In=48,Out=48,WaitTime=32), (In=48,Out=48,WaitTime=38), (In=49,Out=49,WaitTime=26), (In=49,Out=6,WaitTime=35), (In=49,Out=17,WaitTime=35), (In=49,Out=27,WaitTime=35)] [(In=9,Out=9,WaitTime=14), (In=7,Out=7,WaitTime=9), (In=20,Out=20,WaitTime=29), (In=20,Out=47,WaitTime=50), (In=21,Out=36,WaitTime=50), (In=22,Out=36,WaitTime=50), (In=24,Out=16,WaitTime=49), (In=24,Out=34,WaitTime=50), (In=25,Out=25,WaitTime=15), (In=25,Out=31,WaitTime=49), (In=26,Out=44,WaitTime=49), (In=26,Out=32,WaitTime=50), (In=29,Out=36,WaitTime=49), (In=30,Out=15,WaitTime=50), (In=31,Out=31,WaitTime=48), (In=33,Out=16,WaitTime=50), (In=34,Out=3,WaitTime=50), (In=38,Out=17,WaitTime=49), (In=41,Out=20,WaitTime=50), (In=41,Out=21,WaitTime=50), (In=43,Out=40,WaitTime=49), (In=47,Out=47,WaitTime=30), (In=48,Out=5,WaitTime=49)]
Distance             =               0             488            1129
------------------------------------------------------------------------------
Elevator ID          =              10              11              12
Direction            =               1               1               1
Current Floor        =              21              12              33
Total Capacity       =              20              20              20
Current Capacity     =              16              19              12
Number of stops      =              22               9              24
Stops in floors      = [(In=23,Out=16,WaitTime=19), (In=27,Out=29,WaitTime=19), (In=1,Out=1,WaitTime=18), (In=29,Out=35,WaitTime=19), (In=29,Out=29,WaitTime=20), (In=32,Out=34,WaitTime=18), (In=33,Out=44,WaitTime=18), (In=33,Out=16,WaitTime=18), (In=35,Out=5,WaitTime=19), (In=35,Out=36,WaitTime=19), (In=38,Out=31,WaitTime=19), (In=39,Out=39,WaitTime=5), (In=40,Out=13,WaitTime=19), (In=42,Out=10,WaitTime=18), (In=42,Out=27,WaitTime=19), (In=45,Out=13,WaitTime=19), (In=46,Out=17,WaitTime=18), (In=46,Out=33,WaitTime=19), (In=47,Out=29,WaitTime=19), (In=48,Out=48,WaitTime=2), (In=48,Out=10,WaitTime=19), (In=49,Out=20,WaitTime=18)] [(In=14,Out=4,WaitTime=3), (In=19,Out=13,WaitTime=3), (In=20,Out=45,WaitTime=4), (In=22,Out=16,WaitTime=3), (In=31,Out=6,WaitTime=3), (In=31,Out=31,WaitTime=12), (In=38,Out=32,WaitTime=3), (In=39,Out=21,WaitTime=3), (In=48,Out=2,WaitTime=3)] [(In=34,Out=37,WaitTime=26), (In=36,Out=4,WaitTime=29), (In=5,Out=5,WaitTime=3), (In=37,Out=32,WaitTime=29), (In=23,Out=23,WaitTime=6), (In=38,Out=2,WaitTime=30), (In=24,Out=24,WaitTime=8), (In=39,Out=5,WaitTime=26), (In=8,Out=8,WaitTime=8), (In=40,Out=37,WaitTime=29), (In=40,Out=47,WaitTime=30), (In=41,Out=41,WaitTime=2), (In=41,Out=3,WaitTime=30), (In=41,Out=32,WaitTime=30), (In=42,Out=42,WaitTime=25), (In=42,Out=26,WaitTime=26), (In=43,Out=13,WaitTime=29), (In=44,Out=18,WaitTime=29), (In=44,Out=44,WaitTime=31), (In=45,Out=36,WaitTime=29), (In=46,Out=39,WaitTime=29), (In=48,Out=48,WaitTime=25), (In=48,Out=36,WaitTime=29), (In=48,Out=35,WaitTime=29)]
Distance             =             493              57             895
------------------------------------------------------------------------------
Elevator ID          =              13              14              15
Direction            =               0               0               1
Current Floor        =               1               1              15
Total Capacity       =              20              20              20
Current Capacity     =              20              20              13
Number of stops      =               0               0              23
Stops in floors      =              []              [] [(In=25,Out=31,WaitTime=34), (In=25,Out=10,WaitTime=38), (In=28,Out=28,WaitTime=34), (In=29,Out=1,WaitTime=38), (In=30,Out=45,WaitTime=37), (In=32,Out=32,WaitTime=27), (In=32,Out=10,WaitTime=34), (In=33,Out=29,WaitTime=34), (In=33,Out=14,WaitTime=38), (In=35,Out=33,WaitTime=34), (In=35,Out=16,WaitTime=38), (In=36,Out=36,WaitTime=31), (In=38,Out=1,WaitTime=37), (In=39,Out=39,WaitTime=26), (In=41,Out=45,WaitTime=38), (In=44,Out=44,WaitTime=22), (In=44,Out=44,WaitTime=27), (In=44,Out=37,WaitTime=34), (In=45,Out=44,WaitTime=38), (In=45,Out=45,WaitTime=39), (In=47,Out=13,WaitTime=37), (In=48,Out=12,WaitTime=34), (In=48,Out=1,WaitTime=34)]
Distance             =               0               0             578
------------------------------------------------------------------------------
Elevator ID          =              16              17              18
Direction            =               0               0               0
Current Floor        =              15               1               1
Total Capacity       =              20              20              20
Current Capacity     =              20              20              20
Number of stops      =               0               0               0
Stops in floors      =              []              []              []
Distance             =              14               0               0
------------------------------------------------------------------------------
Elevator ID          =              19              20              21
Direction            =               1               1               1
Current Floor        =              12              25              23
Total Capacity       =              20              20              20
Current Capacity     =              17              13              13
Number of stops      =              30              18              13
Stops in floors      = [(In=13,Out=26,WaitTime=23), (In=13,Out=13,WaitTime=28), (In=14,Out=44,WaitTime=23), (In=17,Out=39,WaitTime=24), (In=17,Out=38,WaitTime=24), (In=18,Out=38,WaitTime=24), (In=19,Out=11,WaitTime=24), (In=20,Out=8,WaitTime=23), (In=21,Out=1,WaitTime=24), (In=21,Out=1,WaitTime=24), (In=22,Out=22,WaitTime=28), (In=23,Out=9,WaitTime=23), (In=24,Out=8,WaitTime=24), (In=26,Out=15,WaitTime=23), (In=27,Out=20,WaitTime=23), (In=28,Out=6,WaitTime=23), (In=30,Out=45,WaitTime=24), (In=32,Out=47,WaitTime=24), (In=33,Out=48,WaitTime=23), (In=35,Out=24,WaitTime=24), (In=36,Out=11,WaitTime=23), (In=39,Out=19,WaitTime=23), (In=39,Out=19,WaitTime=24), (In=41,Out=41,WaitTime=20), (In=45,Out=30,WaitTime=23), (In=45,Out=21,WaitTime=24), (In=46,Out=48,WaitTime=24), (In=47,Out=15,WaitTime=24), (In=48,Out=43,WaitTime=24), (In=49,Out=9,WaitTime=23)] [(In=27,Out=31,WaitTime=39), (In=31,Out=31,WaitTime=24), (In=33,Out=23,WaitTime=36), (In=35,Out=31,WaitTime=36), (In=21,Out=21,WaitTime=2), (In=36,Out=11,WaitTime=39), (In=36,Out=17,WaitTime=39), (In=37,Out=17,WaitTime=39), (In=38,Out=38,WaitTime=40), (In=40,Out=40,WaitTime=35), (In=40,Out=22,WaitTime=39), (In=41,Out=24,WaitTime=36), (In=41,Out=31,WaitTime=39), (In=42,Out=42,WaitTime=2), (In=42,Out=28,WaitTime=36), (In=42,Out=25,WaitTime=36), (In=47,Out=47,WaitTime=37), (In=48,Out=48,WaitTime=37)] [(In=26,Out=27,WaitTime=20), (In=28,Out=28,WaitTime=5), (In=29,Out=40,WaitTime=21), (In=18,Out=18,WaitTime=4), (In=30,Out=17,WaitTime=20), (In=6,Out=6,WaitTime=9), (In=31,Out=41,WaitTime=20), (In=31,Out=31,WaitTime=22), (In=32,Out=35,WaitTime=20), (In=39,Out=39,WaitTime=17), (In=40,Out=40,WaitTime=20), (In=46,Out=26,WaitTime=7), (In=48,Out=48,WaitTime=8)]
Distance             =             187             790             329
------------------------------------------------------------------------------
Elevator ID          =              22              23              24
Direction            =               1               1               0
Current Floor        =              10               2               1
Total Capacity       =              20              20              20
Current Capacity     =              18              17              20
Number of stops      =               5              22               0
Stops in floors      = [(In=12,Out=47,WaitTime=7), (In=13,Out=29,WaitTime=7), (In=13,Out=40,WaitTime=7), (In=15,Out=15,WaitTime=8), (In=26,Out=26,WaitTime=7)] [(In=16,Out=49,WaitTime=41), (In=16,Out=23,WaitTime=41), (In=17,Out=14,WaitTime=41), (In=19,Out=19,WaitTime=41), (In=21,Out=7,WaitTime=40), (In=21,Out=12,WaitTime=41), (In=25,Out=7,WaitTime=41), (In=28,Out=10,WaitTime=41), (In=29,Out=35,WaitTime=40), (In=30,Out=24,WaitTime=40), (In=32,Out=34,WaitTime=41), (In=34,Out=34,WaitTime=37), (In=34,Out=25,WaitTime=40), (In=38,Out=37,WaitTime=40), (In=39,Out=12,WaitTime=40), (In=39,Out=39,WaitTime=42), (In=41,Out=22,WaitTime=40), (In=43,Out=42,WaitTime=40), (In=44,Out=25,WaitTime=40), (In=44,Out=5,WaitTime=41), (In=45,Out=12,WaitTime=41), (In=46,Out=27,WaitTime=40)]              []
Distance             =              27             780               0
------------------------------------------------------------------------------
Elevator ID          =              25              26              27
Direction            =               0               1               1
Current Floor        =              13              16               3
Total Capacity       =              20              20              20
Current Capacity     =              20              17              19
Number of stops      =               0              30               3
Stops in floors      =              [] [(In=28,Out=28,WaitTime=9), (In=8,Out=30,WaitTime=48), (In=12,Out=33,WaitTime=44), (In=14,Out=16,WaitTime=44), (In=17,Out=19,WaitTime=46), (In=21,Out=39,WaitTime=44), (In=25,Out=38,WaitTime=44), (In=25,Out=25,WaitTime=49), (In=26,Out=41,WaitTime=48), (In=27,Out=44,WaitTime=44), (In=27,Out=41,WaitTime=45), (In=28,Out=22,WaitTime=48), (In=29,Out=12,WaitTime=44), (In=31,Out=5,WaitTime=44), (In=31,Out=28,WaitTime=45), (In=32,Out=40,WaitTime=44), (In=34,Out=6,WaitTime=44), (In=35,Out=44,WaitTime=44), (In=36,Out=8,WaitTime=44), (In=39,Out=10,WaitTime=44), (In=39,Out=46,WaitTime=46), (In=39,Out=45,WaitTime=48), (In=40,Out=49,WaitTime=44), (In=42,Out=30,WaitTime=44), (In=42,Out=38,WaitTime=44), (In=42,Out=31,WaitTime=46), (In=44,Out=12,WaitTime=44), (In=44,Out=41,WaitTime=46), (In=48,Out=29,WaitTime=44), (In=5,Out=5,WaitTime=43)] [(In=5,Out=49,WaitTime=2), (In=6,Out=24,WaitTime=2), (In=29,Out=29,WaitTime=2)]
Distance             =              12            1265              28
------------------------------------------------------------------------------
Elevator ID          =              28              29              30
Direction            =               0               0               1
Current Floor        =               1               1               9
Total Capacity       =              20              20              20
Current Capacity     =              20              20              19
Number of stops      =               0               0              18
Stops in floors      =              []              [] [(In=12,Out=19,WaitTime=2), (In=17,Out=13,WaitTime=2), (In=19,Out=47,WaitTime=2), (In=19,Out=49,WaitTime=2), (In=21,Out=48,WaitTime=2), (In=32,Out=34,WaitTime=1), (In=33,Out=40,WaitTime=2), (In=33,Out=33,WaitTime=3), (In=35,Out=25,WaitTime=2), (In=39,Out=20,WaitTime=1), (In=41,Out=47,WaitTime=2), (In=42,Out=24,WaitTime=2), (In=43,Out=6,WaitTime=1), (In=44,Out=8,WaitTime=2), (In=46,Out=32,WaitTime=1), (In=46,Out=45,WaitTime=2), (In=47,Out=34,WaitTime=2), (In=48,Out=17,WaitTime=1)]
Distance             =               0               0              65
------------------------------------------------------------------------------
Elevator ID          =              31              32              33
Direction            =               1               0               1
Current Floor        =              35               1              28
Total Capacity       =              20              20              20
Current Capacity     =              15              20              12
Number of stops      =              14               0              23
Stops in floors      = [(In=36,Out=36,WaitTime=19), (In=15,Out=15,WaitTime=1), (In=37,Out=5,WaitTime=31), (In=15,Out=15,WaitTime=14), (In=39,Out=39,WaitTime=23), (In=39,Out=29,WaitTime=31), (In=39,Out=8,WaitTime=31), (In=41,Out=11,WaitTime=31), (In=42,Out=42,WaitTime=22), (In=42,Out=25,WaitTime=31), (In=42,Out=44,WaitTime=31), (In=43,Out=26,WaitTime=31), (In=43,Out=15,WaitTime=31), (In=49,Out=19,WaitTime=31)]              [] [(In=29,Out=6,WaitTime=15), (In=32,Out=32,WaitTime=16), (In=25,Out=25,WaitTime=3), (In=34,Out=39,WaitTime=22), (In=20,Out=20,WaitTime=6), (In=36,Out=36,WaitTime=10), (In=36,Out=2,WaitTime=15), (In=37,Out=37,WaitTime=15), (In=37,Out=38,WaitTime=15), (In=38,Out=18,WaitTime=15), (In=38,Out=38,WaitTime=17), (In=38,Out=35,WaitTime=22), (In=38,Out=2,WaitTime=22), (In=39,Out=29,WaitTime=15), (In=41,Out=27,WaitTime=15), (In=41,Out=49,WaitTime=15), (In=41,Out=26,WaitTime=16), (In=44,Out=43,WaitTime=22), (In=45,Out=24,WaitTime=22), (In=46,Out=46,WaitTime=23), (In=47,Out=7,WaitTime=15), (In=49,Out=41,WaitTime=15), (In=49,Out=49,WaitTime=22)]
Distance             =             702               0             486
------------------------------------------------------------------------------
Elevator ID          =              34              35              36
Direction            =              -1               0               0
Current Floor        =              14               1               1
Total Capacity       =              20              20              20
Current Capacity     =              15              20              20
Number of stops      =              28               0               0
Stops in floors      = [(In=5,Out=5,WaitTime=26), (In=22,Out=37,WaitTime=25), (In=23,Out=25,WaitTime=25), (In=24,Out=46,WaitTime=17), (In=24,Out=32,WaitTime=17), (In=25,Out=46,WaitTime=25), (In=26,Out=16,WaitTime=17), (In=26,Out=31,WaitTime=25), (In=26,Out=23,WaitTime=25), (In=27,Out=13,WaitTime=33), (In=27,Out=18,WaitTime=33), (In=31,Out=22,WaitTime=25), (In=32,Out=25,WaitTime=17), (In=32,Out=3,WaitTime=17), (In=33,Out=45,WaitTime=33), (In=35,Out=7,WaitTime=17), (In=35,Out=18,WaitTime=17), (In=36,Out=36,WaitTime=18), (In=36,Out=36,WaitTime=18), (In=38,Out=38,WaitTime=8), (In=38,Out=14,WaitTime=33), (In=40,Out=29,WaitTime=17), (In=41,Out=5,WaitTime=17), (In=44,Out=32,WaitTime=17), (In=45,Out=44,WaitTime=25), (In=46,Out=31,WaitTime=17), (In=47,Out=47,WaitTime=17), (In=48,Out=11,WaitTime=17)]              []              []
Distance             =             553               0               0
------------------------------------------------------------------------------
Elevator ID          =              37              38              39
Direction            =               1               0               0
Current Floor        =              20               1               1
Total Capacity       =              20              20              20
Current Capacity     =              15              20              20
Number of stops      =              17               0               0
Stops in floors      = [(In=21,Out=2,WaitTime=18), (In=1,Out=1,WaitTime=13), (In=27,Out=39,WaitTime=18), (In=27,Out=4,WaitTime=18), (In=28,Out=18,WaitTime=13), (In=28,Out=28,WaitTime=19), (In=29,Out=29,WaitTime=2), (In=30,Out=26,WaitTime=13), (In=30,Out=5,WaitTime=13), (In=35,Out=15,WaitTime=13), (In=36,Out=35,WaitTime=13), (In=38,Out=38,WaitTime=8), (In=40,Out=11,WaitTime=13), (In=41,Out=28,WaitTime=13), (In=43,Out=22,WaitTime=13), (In=48,Out=3,WaitTime=13), (In=49,Out=49,WaitTime=9)]              []              []
Distance             =             326               0               0
------------------------------------------------------------------------------
Elevator ID          =              40              41              42
Direction            =               1               1               1
Current Floor        =              14              12              18
Total Capacity       =              20              20              20
Current Capacity     =              10              16              16
Number of stops      =              28              20              14
Stops in floors      = [(In=17,Out=33,WaitTime=29), (In=19,Out=19,WaitTime=23), (In=20,Out=20,WaitTime=26), (In=21,Out=43,WaitTime=27), (In=8,Out=8,WaitTime=4), (In=23,Out=23,WaitTime=4), (In=23,Out=20,WaitTime=27), (In=24,Out=44,WaitTime=27), (In=24,Out=44,WaitTime=27), (In=27,Out=27,WaitTime=4), (In=27,Out=15,WaitTime=27), (In=27,Out=49,WaitTime=29), (In=29,Out=29,WaitTime=30), (In=31,Out=22,WaitTime=28), (In=32,Out=37,WaitTime=28), (In=34,Out=42,WaitTime=28), (In=35,Out=49,WaitTime=27), (In=35,Out=4,WaitTime=27), (In=37,Out=35,WaitTime=27), (In=40,Out=10,WaitTime=27), (In=40,Out=28,WaitTime=27), (In=40,Out=7,WaitTime=27), (In=40,Out=2,WaitTime=28), (In=42,Out=42,WaitTime=25), (In=45,Out=45,WaitTime=4), (In=45,Out=17,WaitTime=27), (In=46,Out=46,WaitTime=27), (In=48,Out=48,WaitTime=29)] [(In=15,Out=1,WaitTime=7), (In=16,Out=10,WaitTime=10), (In=9,Out=9,WaitTime=1), (In=17,Out=10,WaitTime=7), (In=17,Out=38,WaitTime=8), (In=18,Out=46,WaitTime=9), (In=23,Out=5,WaitTime=9), (In=24,Out=24,WaitTime=2), (In=31,Out=9,WaitTime=7), (In=33,Out=21,WaitTime=7), (In=36,Out=25,WaitTime=7), (In=39,Out=29,WaitTime=7), (In=39,Out=22,WaitTime=7), (In=40,Out=3,WaitTime=7), (In=41,Out=21,WaitTime=7), (In=42,Out=15,WaitTime=7), (In=42,Out=42,WaitTime=12), (In=43,Out=23,WaitTime=8), (In=43,Out=6,WaitTime=9), (In=1,Out=1,WaitTime=9)] [(In=19,Out=19,WaitTime=14), (In=23,Out=48,WaitTime=16), (In=26,Out=13,WaitTime=12), (In=8,Out=8,WaitTime=10), (In=27,Out=3,WaitTime=12), (In=27,Out=41,WaitTime=16), (In=31,Out=31,WaitTime=10), (In=33,Out=21,WaitTime=12), (In=34,Out=8,WaitTime=12), (In=35,Out=35,WaitTime=3), (In=35,Out=2,WaitTime=12), (In=35,Out=4,WaitTime=12), (In=36,Out=29,WaitTime=12), (In=45,Out=4,WaitTime=12)]
Distance             =             793             236             255
------------------------------------------------------------------------------
Elevator ID          =              43              44              45
Direction            =               1               1               0
Current Floor        =               2              24               1
Total Capacity       =              20              20              20
Current Capacity     =              20              18              20
Number of stops      =               1               6               0
Stops in floors      = [(In=4,Out=10,WaitTime=1)] [(In=26,Out=49,WaitTime=4), (In=27,Out=30,WaitTime=22), (In=28,Out=47,WaitTime=22), (In=30,Out=7,WaitTime=4), (In=32,Out=32,WaitTime=23), (In=8,Out=8,WaitTime=5)]              []
Distance             =               3             188               0
------------------------------------------------------------------------------
Elevator ID          =              46              47              48
Direction            =               0               0              -1
Current Floor        =               1               1              16
Total Capacity       =              20              20              20
Current Capacity     =              20              20              14
Number of stops      =               0               0              17
Stops in floors      =              []              [] [(In=2,Out=2,WaitTime=13), (In=22,Out=30,WaitTime=20), (In=4,Out=4,WaitTime=14), (In=25,Out=25,WaitTime=18), (In=25,Out=25,WaitTime=22), (In=32,Out=8,WaitTime=21), (In=33,Out=45,WaitTime=21), (In=35,Out=37,WaitTime=20), (In=36,Out=48,WaitTime=21), (In=42,Out=35,WaitTime=21), (In=43,Out=43,WaitTime=18), (In=44,Out=45,WaitTime=20), (In=44,Out=44,WaitTime=22), (In=45,Out=44,WaitTime=21), (In=47,Out=48,WaitTime=20), (In=47,Out=38,WaitTime=21), (In=49,Out=46,WaitTime=20)]
Distance             =               0               0             273
##############################################################################

