SOLUCION FINAL:
Num elevators = 50
Num floors = 50
Cost = 9928
------------------------------------------------------------------------------
Elevator ID          =               1               2               3
Direction            =              -1               1               1
Current Floor        =              27              11              23
Total Capacity       =              20              20              20
Current Capacity     =              11              17              16
Number of stops      =              28               7              15
Stops in floors      = [(In=7,Out=7,WaitTime=1), (In=1,Out=1,WaitTime=1), (In=28,Out=28,WaitTime=15), (In=28,Out=31,WaitTime=48), (In=29,Out=37,WaitTime=50), (In=31,Out=45,WaitTime=49), (In=31,Out=11,WaitTime=49), (In=31,Out=38,WaitTime=50), (In=32,Out=32,WaitTime=3), (In=32,Out=32,WaitTime=11), (In=34,Out=8,WaitTime=48), (In=35,Out=22,WaitTime=48), (In=36,Out=39,WaitTime=48), (In=38,Out=38,WaitTime=9), (In=38,Out=43,WaitTime=48), (In=38,Out=11,WaitTime=48), (In=38,Out=9,WaitTime=49), (In=39,Out=2,WaitTime=48), (In=41,Out=18,WaitTime=48), (In=42,Out=42,WaitTime=2), (In=42,Out=34,WaitTime=48), (In=42,Out=30,WaitTime=49), (In=43,Out=17,WaitTime=50), (In=45,Out=45,WaitTime=50), (In=46,Out=24,WaitTime=48), (In=46,Out=12,WaitTime=50), (In=48,Out=48,WaitTime=8), (In=49,Out=8,WaitTime=48)] [(In=13,Out=27,WaitTime=6), (In=19,Out=33,WaitTime=6), (In=20,Out=20,WaitTime=8), (In=2,Out=2,WaitTime=4), (In=22,Out=41,WaitTime=6), (In=22,Out=22,WaitTime=7), (In=23,Out=10,WaitTime=6)] [(In=26,Out=26,WaitTime=25), (In=26,Out=19,WaitTime=39), (In=28,Out=19,WaitTime=39), (In=30,Out=30,WaitTime=1), (In=32,Out=32,WaitTime=31), (In=35,Out=41,WaitTime=30), (In=36,Out=4,WaitTime=39), (In=36,Out=9,WaitTime=39), (In=40,Out=42,WaitTime=30), (In=41,Out=44,WaitTime=30), (In=42,Out=17,WaitTime=39), (In=43,Out=45,WaitTime=39), (In=47,Out=48,WaitTime=39), (In=47,Out=47,WaitTime=40), (In=49,Out=33,WaitTime=39)]
Distance             =            1684              80             710
------------------------------------------------------------------------------
Elevator ID          =               4               5               6
Direction            =               1              -1               0
Current Floor        =              17              16               1
Total Capacity       =              20              20              20
Current Capacity     =              17              17              20
Number of stops      =              22              12               0
Stops in floors      = [(In=20,Out=18,WaitTime=7), (In=21,Out=33,WaitTime=8), (In=23,Out=26,WaitTime=7), (In=26,Out=15,WaitTime=14), (In=27,Out=11,WaitTime=14), (In=29,Out=12,WaitTime=8), (In=30,Out=38,WaitTime=14), (In=33,Out=40,WaitTime=7), (In=34,Out=34,WaitTime=5), (In=35,Out=33,WaitTime=7), (In=36,Out=24,WaitTime=8), (In=37,Out=30,WaitTime=7), (In=37,Out=19,WaitTime=14), (In=37,Out=47,WaitTime=14), (In=37,Out=37,WaitTime=15), (In=41,Out=41,WaitTime=3), (In=41,Out=8,WaitTime=14), (In=42,Out=21,WaitTime=14), (In=43,Out=39,WaitTime=14), (In=48,Out=3,WaitTime=7), (In=48,Out=38,WaitTime=7), (In=48,Out=29,WaitTime=14)] [(In=10,Out=10,WaitTime=6), (In=12,Out=12,WaitTime=4), (In=20,Out=20,WaitTime=9), (In=20,Out=1,WaitTime=21), (In=22,Out=42,WaitTime=21), (In=26,Out=49,WaitTime=21), (In=28,Out=16,WaitTime=21), (In=31,Out=45,WaitTime=21), (In=38,Out=26,WaitTime=21), (In=41,Out=45,WaitTime=21), (In=41,Out=11,WaitTime=21), (In=41,Out=30,WaitTime=21)]              []
Distance             =             232             267               0
------------------------------------------------------------------------------
Elevator ID          =               7               8               9
Direction            =               1               0              -1
Current Floor        =              12               1               9
Total Capacity       =              20              20              20
Current Capacity     =              12              20              12
Number of stops      =              22               0              24
Stops in floors      = [(In=19,Out=19,WaitTime=12), (In=19,Out=19,WaitTime=12), (In=19,Out=41,WaitTime=44), (In=19,Out=2,WaitTime=45), (In=19,Out=44,WaitTime=45), (In=21,Out=21,WaitTime=47), (In=22,Out=5,WaitTime=45), (In=23,Out=49,WaitTime=44), (In=23,Out=44,WaitTime=45), (In=25,Out=48,WaitTime=44), (In=27,Out=27,WaitTime=6), (In=30,Out=21,WaitTime=45), (In=31,Out=31,WaitTime=7), (In=32,Out=32,WaitTime=14), (In=32,Out=3,WaitTime=44), (In=34,Out=34,WaitTime=14), (In=34,Out=29,WaitTime=44), (In=34,Out=2,WaitTime=44), (In=37,Out=30,WaitTime=44), (In=38,Out=12,WaitTime=44), (In=40,Out=35,WaitTime=44), (In=42,Out=42,WaitTime=7)]              [] [(In=5,Out=5,WaitTime=11), (In=17,Out=17,WaitTime=21), (In=17,Out=24,WaitTime=22), (In=22,Out=3,WaitTime=19), (In=23,Out=23,WaitTime=16), (In=25,Out=19,WaitTime=19), (In=25,Out=22,WaitTime=22), (In=29,Out=29,WaitTime=18), (In=30,Out=30,WaitTime=23), (In=36,Out=11,WaitTime=19), (In=36,Out=1,WaitTime=22), (In=37,Out=45,WaitTime=19), (In=37,Out=37,WaitTime=20), (In=39,Out=1,WaitTime=18), (In=39,Out=14,WaitTime=18), (In=39,Out=16,WaitTime=22), (In=39,Out=22,WaitTime=22), (In=42,Out=49,WaitTime=18), (In=45,Out=45,WaitTime=8), (In=45,Out=15,WaitTime=22), (In=46,Out=24,WaitTime=22), (In=47,Out=33,WaitTime=22), (In=49,Out=49,WaitTime=11), (In=49,Out=26,WaitTime=22)]
Distance             =            1013               0             386
------------------------------------------------------------------------------
Elevator ID          =              10              11              12
Direction            =              -1               0               0
Current Floor        =              31               1               1
Total Capacity       =              20              20              20
Current Capacity     =              14              20              20
Number of stops      =              18               0               0
Stops in floors      = [(In=15,Out=15,WaitTime=6), (In=34,Out=34,WaitTime=4), (In=35,Out=10,WaitTime=32), (In=10,Out=10,WaitTime=21), (In=36,Out=36,WaitTime=11), (In=36,Out=12,WaitTime=32), (In=36,Out=5,WaitTime=32), (In=37,Out=37,WaitTime=18), (In=37,Out=4,WaitTime=20), (In=38,Out=29,WaitTime=20), (In=38,Out=7,WaitTime=20), (In=40,Out=19,WaitTime=20), (In=40,Out=38,WaitTime=32), (In=42,Out=42,WaitTime=33), (In=43,Out=45,WaitTime=20), (In=43,Out=22,WaitTime=32), (In=45,Out=36,WaitTime=20), (In=49,Out=2,WaitTime=20)]              []              []
Distance             =             589               0               0
------------------------------------------------------------------------------
Elevator ID          =              13              14              15
Direction            =              -1               0               0
Current Floor        =              19               3               1
Total Capacity       =              20              20              20
Current Capacity     =              12              20              20
Number of stops      =              19               0               0
Stops in floors      = [(In=9,Out=9,WaitTime=1), (In=4,Out=4,WaitTime=1), (In=22,Out=7,WaitTime=13), (In=22,Out=15,WaitTime=13), (In=24,Out=24,WaitTime=7), (In=25,Out=8,WaitTime=15), (In=27,Out=49,WaitTime=13), (In=30,Out=30,WaitTime=16), (In=34,Out=16,WaitTime=13), (In=34,Out=34,WaitTime=14), (In=37,Out=37,WaitTime=11), (In=40,Out=33,WaitTime=13), (In=41,Out=4,WaitTime=13), (In=42,Out=24,WaitTime=13), (In=42,Out=10,WaitTime=15), (In=45,Out=45,WaitTime=4), (In=46,Out=46,WaitTime=7), (In=47,Out=7,WaitTime=13), (In=49,Out=37,WaitTime=13)]              []              []
Distance             =             350               2               0
------------------------------------------------------------------------------
Elevator ID          =              16              17              18
Direction            =               0               0               0
Current Floor        =               1               1               1
Total Capacity       =              20              20              20
Current Capacity     =              20              20              20
Number of stops      =               0               0               0
Stops in floors      =              []              []              []
Distance             =               0               0               0
------------------------------------------------------------------------------
Elevator ID          =              19              20              21
Direction            =              -1              -1               1
Current Floor        =              15              21              20
Total Capacity       =              20              20              20
Current Capacity     =              18              12              19
Number of stops      =              19              21               8
Stops in floors      = [(In=10,Out=10,WaitTime=6), (In=24,Out=47,WaitTime=9), (In=24,Out=41,WaitTime=10), (In=25,Out=20,WaitTime=9), (In=25,Out=38,WaitTime=10), (In=26,Out=3,WaitTime=9), (In=28,Out=32,WaitTime=9), (In=28,Out=46,WaitTime=10), (In=33,Out=33,WaitTime=10), (In=35,Out=17,WaitTime=9), (In=36,Out=26,WaitTime=9), (In=36,Out=9,WaitTime=10), (In=38,Out=10,WaitTime=9), (In=40,Out=6,WaitTime=9), (In=41,Out=19,WaitTime=9), (In=42,Out=46,WaitTime=9), (In=45,Out=28,WaitTime=10), (In=46,Out=1,WaitTime=9), (In=48,Out=19,WaitTime=9)] [(In=1,Out=1,WaitTime=15), (In=36,Out=36,WaitTime=32), (In=36,Out=36,WaitTime=46), (In=36,Out=11,WaitTime=47), (In=38,Out=37,WaitTime=46), (In=38,Out=32,WaitTime=47), (In=39,Out=39,WaitTime=39), (In=39,Out=39,WaitTime=48), (In=40,Out=33,WaitTime=17), (In=40,Out=5,WaitTime=47), (In=41,Out=32,WaitTime=31), (In=42,Out=5,WaitTime=17), (In=43,Out=43,WaitTime=22), (In=44,Out=47,WaitTime=17), (In=45,Out=6,WaitTime=46), (In=47,Out=47,WaitTime=20), (In=47,Out=16,WaitTime=31), (In=47,Out=48,WaitTime=31), (In=47,Out=40,WaitTime=46), (In=49,Out=42,WaitTime=17), (In=49,Out=49,WaitTime=18)] [(In=34,Out=46,WaitTime=5), (In=35,Out=19,WaitTime=5), (In=37,Out=25,WaitTime=5), (In=40,Out=49,WaitTime=5), (In=41,Out=41,WaitTime=6), (In=43,Out=16,WaitTime=5), (In=44,Out=7,WaitTime=5), (In=44,Out=1,WaitTime=5)]
Distance             =             150             688              86
------------------------------------------------------------------------------
Elevator ID          =              22              23              24
Direction            =               0               1               1
Current Floor        =               1              24               1
Total Capacity       =              20              20              20
Current Capacity     =              20              15              19
Number of stops      =               0              17               1
Stops in floors      =              [] [(In=25,Out=36,WaitTime=17), (In=28,Out=13,WaitTime=16), (In=32,Out=19,WaitTime=16), (In=3,Out=3,WaitTime=12), (In=33,Out=33,WaitTime=10), (In=33,Out=33,WaitTime=14), (In=33,Out=15,WaitTime=16), (In=35,Out=26,WaitTime=16), (In=36,Out=14,WaitTime=16), (In=36,Out=20,WaitTime=16), (In=37,Out=37,WaitTime=12), (In=37,Out=20,WaitTime=16), (In=41,Out=41,WaitTime=17), (In=42,Out=29,WaitTime=16), (In=44,Out=3,WaitTime=16), (In=47,Out=31,WaitTime=16), (In=48,Out=42,WaitTime=16)] [(In=5,Out=5,WaitTime=1)]
Distance             =               0             236               4
------------------------------------------------------------------------------
Elevator ID          =              25              26              27
Direction            =              -1              -1               1
Current Floor        =               8              23               6
Total Capacity       =              20              20              20
Current Capacity     =              13              14              16
Number of stops      =              19              13              22
Stops in floors      = [(In=3,Out=3,WaitTime=24), (In=29,Out=29,WaitTime=41), (In=29,Out=42,WaitTime=41), (In=30,Out=12,WaitTime=41), (In=30,Out=44,WaitTime=43), (In=31,Out=31,WaitTime=24), (In=31,Out=12,WaitTime=41), (In=31,Out=42,WaitTime=42), (In=31,Out=33,WaitTime=43), (In=32,Out=21,WaitTime=43), (In=32,Out=5,WaitTime=43), (In=36,Out=34,WaitTime=41), (In=38,Out=38,WaitTime=38), (In=38,Out=38,WaitTime=40), (In=42,Out=39,WaitTime=43), (In=43,Out=43,WaitTime=35), (In=46,Out=20,WaitTime=42), (In=47,Out=30,WaitTime=40), (In=49,Out=49,WaitTime=20)] [(In=1,Out=1,WaitTime=5), (In=29,Out=25,WaitTime=6), (In=29,Out=29,WaitTime=29), (In=31,Out=10,WaitTime=6), (In=32,Out=32,WaitTime=5), (In=32,Out=32,WaitTime=21), (In=34,Out=46,WaitTime=6), (In=37,Out=7,WaitTime=6), (In=38,Out=38,WaitTime=7), (In=40,Out=40,WaitTime=13), (In=43,Out=34,WaitTime=6), (In=44,Out=5,WaitTime=6), (In=47,Out=13,WaitTime=6)] [(In=9,Out=9,WaitTime=2), (In=16,Out=16,WaitTime=2), (In=16,Out=31,WaitTime=5), (In=17,Out=18,WaitTime=5), (In=19,Out=6,WaitTime=1), (In=20,Out=40,WaitTime=1), (In=20,Out=39,WaitTime=5), (In=21,Out=43,WaitTime=1), (In=21,Out=13,WaitTime=5), (In=23,Out=36,WaitTime=5), (In=24,Out=5,WaitTime=1), (In=25,Out=16,WaitTime=5), (In=26,Out=13,WaitTime=1), (In=30,Out=46,WaitTime=1), (In=31,Out=31,WaitTime=6), (In=38,Out=27,WaitTime=1), (In=44,Out=24,WaitTime=1), (In=45,Out=2,WaitTime=1), (In=45,Out=40,WaitTime=1), (In=46,Out=7,WaitTime=2), (In=48,Out=4,WaitTime=1), (In=48,Out=48,WaitTime=3)]
Distance             =             598             354              86
------------------------------------------------------------------------------
Elevator ID          =              28              29              30
Direction            =               0               0               1
Current Floor        =               1               1               5
Total Capacity       =              20              20              20
Current Capacity     =              20              20              17
Number of stops      =               0               0              18
Stops in floors      =              []              [] [(In=7,Out=41,WaitTime=4), (In=11,Out=35,WaitTime=4), (In=13,Out=13,WaitTime=2), (In=16,Out=3,WaitTime=4), (In=17,Out=15,WaitTime=4), (In=17,Out=2,WaitTime=4), (In=20,Out=8,WaitTime=4), (In=20,Out=25,WaitTime=4), (In=28,Out=23,WaitTime=4), (In=28,Out=34,WaitTime=4), (In=29,Out=47,WaitTime=4), (In=32,Out=18,WaitTime=4), (In=33,Out=31,WaitTime=4), (In=43,Out=43,WaitTime=4), (In=45,Out=9,WaitTime=4), (In=47,Out=36,WaitTime=4), (In=48,Out=26,WaitTime=4), (In=48,Out=48,WaitTime=5)]
Distance             =               0               0              84
------------------------------------------------------------------------------
Elevator ID          =              31              32              33
Direction            =               1               1               0
Current Floor        =               7              14               1
Total Capacity       =              20              20              20
Current Capacity     =              18              18              20
Number of stops      =              15              17               0
Stops in floors      = [(In=15,Out=44,WaitTime=3), (In=18,Out=18,WaitTime=2), (In=23,Out=13,WaitTime=3), (In=24,Out=14,WaitTime=3), (In=25,Out=37,WaitTime=3), (In=27,Out=22,WaitTime=3), (In=27,Out=47,WaitTime=3), (In=30,Out=30,WaitTime=4), (In=32,Out=27,WaitTime=3), (In=34,Out=40,WaitTime=3), (In=37,Out=2,WaitTime=3), (In=44,Out=5,WaitTime=3), (In=45,Out=8,WaitTime=3), (In=45,Out=31,WaitTime=3), (In=48,Out=47,WaitTime=3)] [(In=17,Out=39,WaitTime=11), (In=17,Out=45,WaitTime=12), (In=20,Out=43,WaitTime=11), (In=20,Out=33,WaitTime=12), (In=27,Out=27,WaitTime=8), (In=27,Out=15,WaitTime=11), (In=27,Out=14,WaitTime=12), (In=28,Out=8,WaitTime=12), (In=32,Out=8,WaitTime=12), (In=34,Out=1,WaitTime=11), (In=36,Out=4,WaitTime=11), (In=39,Out=12,WaitTime=11), (In=43,Out=8,WaitTime=11), (In=45,Out=46,WaitTime=11), (In=46,Out=9,WaitTime=11), (In=47,Out=46,WaitTime=11), (In=47,Out=47,WaitTime=13)]              []
Distance             =              65             110               0
------------------------------------------------------------------------------
Elevator ID          =              34              35              36
Direction            =               0               0               1
Current Floor        =               1               1              34
Total Capacity       =              20              20              20
Current Capacity     =              20              20               9
Number of stops      =               0               0              24
Stops in floors      =              []              [] [(In=35,Out=35,WaitTime=15), (In=19,Out=19,WaitTime=2), (In=37,Out=37,WaitTime=18), (In=21,Out=21,WaitTime=2), (In=38,Out=38,WaitTime=30), (In=38,Out=45,WaitTime=35), (In=38,Out=42,WaitTime=37), (In=39,Out=39,WaitTime=11), (In=43,Out=22,WaitTime=35), (In=43,Out=41,WaitTime=36), (In=44,Out=37,WaitTime=36), (In=44,Out=12,WaitTime=36), (In=45,Out=45,WaitTime=14), (In=45,Out=45,WaitTime=20), (In=45,Out=45,WaitTime=21), (In=45,Out=45,WaitTime=26), (In=45,Out=21,WaitTime=36), (In=46,Out=47,WaitTime=35), (In=47,Out=47,WaitTime=19), (In=47,Out=41,WaitTime=35), (In=47,Out=41,WaitTime=36), (In=47,Out=37,WaitTime=36), (In=49,Out=39,WaitTime=35), (In=49,Out=42,WaitTime=37)]
Distance             =               0               0            1062
------------------------------------------------------------------------------
Elevator ID          =              37              38              39
Direction            =               1               1               0
Current Floor        =              14               3               1
Total Capacity       =              20              20              20
Current Capacity     =              16              19              20
Number of stops      =              25               4               0
Stops in floors      = [(In=24,Out=44,WaitTime=26), (In=14,Out=14,WaitTime=15), (In=26,Out=34,WaitTime=26), (In=26,Out=27,WaitTime=28), (In=27,Out=13,WaitTime=26), (In=27,Out=21,WaitTime=26), (In=27,Out=21,WaitTime=28), (In=29,Out=47,WaitTime=26), (In=29,Out=29,WaitTime=29), (In=30,Out=47,WaitTime=26), (In=30,Out=22,WaitTime=28), (In=34,Out=42,WaitTime=26), (In=35,Out=35,WaitTime=28), (In=37,Out=7,WaitTime=28), (In=38,Out=47,WaitTime=26), (In=39,Out=5,WaitTime=26), (In=40,Out=44,WaitTime=26), (In=40,Out=42,WaitTime=26), (In=40,Out=6,WaitTime=26), (In=40,Out=37,WaitTime=27), (In=42,Out=41,WaitTime=27), (In=42,Out=4,WaitTime=28), (In=43,Out=43,WaitTime=13), (In=43,Out=6,WaitTime=26), (In=45,Out=32,WaitTime=28)] [(In=5,Out=41,WaitTime=1), (In=13,Out=27,WaitTime=1), (In=15,Out=17,WaitTime=1), (In=17,Out=17,WaitTime=3)]              []
Distance             =             588              18               0
------------------------------------------------------------------------------
Elevator ID          =              40              41              42
Direction            =               0               0               0
Current Floor        =               1               6               1
Total Capacity       =              20              20              20
Current Capacity     =              20              20              20
Number of stops      =               0               0               0
Stops in floors      =              []              []              []
Distance             =               0               5               0
------------------------------------------------------------------------------
Elevator ID          =              43              44              45
Direction            =               0              -1               0
Current Floor        =               1               6               1
Total Capacity       =              20              20              20
Current Capacity     =              20              16              20
Number of stops      =               0              19               0
Stops in floors      =              [] [(In=5,Out=5,WaitTime=12), (In=18,Out=18,WaitTime=26), (In=2,Out=2,WaitTime=21), (In=19,Out=49,WaitTime=25), (In=19,Out=49,WaitTime=25), (In=20,Out=14,WaitTime=25), (In=23,Out=6,WaitTime=25), (In=23,Out=13,WaitTime=25), (In=30,Out=47,WaitTime=25), (In=31,Out=42,WaitTime=25), (In=32,Out=47,WaitTime=25), (In=33,Out=5,WaitTime=25), (In=34,Out=36,WaitTime=25), (In=38,Out=13,WaitTime=25), (In=39,Out=18,WaitTime=25), (In=41,Out=25,WaitTime=25), (In=44,Out=44,WaitTime=18), (In=44,Out=16,WaitTime=25), (In=49,Out=15,WaitTime=25)]              []
Distance             =               0             367               0
------------------------------------------------------------------------------
Elevator ID          =              46              47              48
Direction            =               1               0               0
Current Floor        =              14               1               1
Total Capacity       =              20              20              20
Current Capacity     =              11              20              20
Number of stops      =              30               0               0
Stops in floors      = [(In=21,Out=23,WaitTime=34), (In=21,Out=21,WaitTime=37), (In=22,Out=45,WaitTime=23), (In=22,Out=3,WaitTime=34), (In=23,Out=42,WaitTime=34), (In=25,Out=3,WaitTime=23), (In=28,Out=14,WaitTime=23), (In=28,Out=16,WaitTime=23), (In=28,Out=38,WaitTime=34), (In=30,Out=29,WaitTime=24), (In=31,Out=31,WaitTime=19), (In=31,Out=31,WaitTime=28), (In=32,Out=32,WaitTime=30), (In=33,Out=33,WaitTime=22), (In=33,Out=11,WaitTime=23), (In=34,Out=17,WaitTime=23), (In=35,Out=35,WaitTime=28), (In=36,Out=41,WaitTime=23), (In=36,Out=27,WaitTime=34), (In=38,Out=3,WaitTime=23), (In=38,Out=5,WaitTime=34), (In=39,Out=39,WaitTime=25), (In=39,Out=39,WaitTime=33), (In=40,Out=43,WaitTime=23), (In=43,Out=1,WaitTime=23), (In=43,Out=43,WaitTime=31), (In=43,Out=17,WaitTime=34), (In=44,Out=40,WaitTime=23), (In=45,Out=33,WaitTime=23), (In=49,Out=4,WaitTime=24)]              []              []
Distance             =             414               0               0
##############################################################################

