SOLUCION FINAL:
Num elevators = 50
Num floors = 50
Cost = 6992
------------------------------------------------------------------------------
Elevator ID          =               1               2               3
Direction            =               1               1               1
Current Floor        =              27              15              17
Total Capacity       =              20              20              20
Current Capacity     =              17              17              16
Number of stops      =              17              19              15
Stops in floors      = [(In=39,Out=39,WaitTime=22), (In=9,Out=32,WaitTime=34), (In=14,Out=39,WaitTime=34), (In=11,Out=35,WaitTime=34), (In=20,Out=31,WaitTime=34), (In=8,Out=43,WaitTime=34), (In=21,Out=23,WaitTime=34), (In=22,Out=3,WaitTime=34), (In=23,Out=42,WaitTime=34), (In=23,Out=23,WaitTime=50), (In=3,Out=42,WaitTime=34), (In=28,Out=38,WaitTime=34), (In=32,Out=32,WaitTime=35), (In=6,Out=7,WaitTime=34), (In=36,Out=27,WaitTime=34), (In=38,Out=5,WaitTime=34), (In=43,Out=17,WaitTime=34)] [(In=20,Out=20,WaitTime=22), (In=13,Out=13,WaitTime=12), (In=3,Out=35,WaitTime=29), (In=14,Out=30,WaitTime=29), (In=2,Out=29,WaitTime=29), (In=24,Out=34,WaitTime=29), (In=24,Out=10,WaitTime=29), (In=11,Out=27,WaitTime=29), (In=26,Out=18,WaitTime=29), (In=26,Out=33,WaitTime=29), (In=30,Out=29,WaitTime=29), (In=38,Out=47,WaitTime=29), (In=39,Out=24,WaitTime=29), (In=40,Out=39,WaitTime=29), (In=43,Out=25,WaitTime=29), (In=45,Out=34,WaitTime=29), (In=48,Out=48,WaitTime=30), (In=16,Out=24,WaitTime=29), (In=49,Out=33,WaitTime=29)] [(In=22,Out=22,WaitTime=7), (In=15,Out=15,WaitTime=24), (In=30,Out=34,WaitTime=32), (In=15,Out=10,WaitTime=32), (In=32,Out=32,WaitTime=27), (In=35,Out=10,WaitTime=32), (In=15,Out=17,WaitTime=32), (In=36,Out=12,WaitTime=32), (In=36,Out=5,WaitTime=32), (In=38,Out=38,WaitTime=33), (In=13,Out=14,WaitTime=32), (In=40,Out=38,WaitTime=32), (In=43,Out=22,WaitTime=32), (In=43,Out=17,WaitTime=50), (In=13,Out=32,WaitTime=32)]
Distance             =             236             342             418
------------------------------------------------------------------------------
Elevator ID          =               4               5               6
Direction            =              -1              -1              -1
Current Floor        =              41              39              14
Total Capacity       =              20              20              20
Current Capacity     =              16              19              19
Number of stops      =              17               1              10
Stops in floors      = [(In=40,Out=49,WaitTime=5), (In=37,Out=25,WaitTime=5), (In=35,Out=19,WaitTime=5), (In=34,Out=46,WaitTime=5), (In=25,Out=16,WaitTime=5), (In=23,Out=36,WaitTime=5), (In=21,Out=13,WaitTime=5), (In=20,Out=39,WaitTime=5), (In=17,Out=18,WaitTime=5), (In=16,Out=16,WaitTime=3), (In=16,Out=31,WaitTime=5), (In=12,Out=12,WaitTime=6), (In=7,Out=7,WaitTime=4), (In=5,Out=9,WaitTime=5), (In=4,Out=48,WaitTime=5), (In=1,Out=1,WaitTime=4), (In=1,Out=48,WaitTime=5)] [(In=1,Out=1,WaitTime=25)] [(In=2,Out=17,WaitTime=19), (In=22,Out=3,WaitTime=19), (In=13,Out=49,WaitTime=19), (In=25,Out=19,WaitTime=19), (In=15,Out=41,WaitTime=19), (In=1,Out=6,WaitTime=19), (In=36,Out=11,WaitTime=19), (In=37,Out=45,WaitTime=19), (In=45,Out=45,WaitTime=20), (In=1,Out=14,WaitTime=19)]
Distance             =              95              75              30
------------------------------------------------------------------------------
Elevator ID          =               7               8               9
Direction            =              -1              -1              -1
Current Floor        =              19              49              28
Total Capacity       =              20              20              20
Current Capacity     =              19              16              18
Number of stops      =               8              18               6
Stops in floors      = [(In=6,Out=34,WaitTime=17), (In=32,Out=31,WaitTime=17), (In=37,Out=37,WaitTime=23), (In=25,Out=36,WaitTime=17), (In=40,Out=33,WaitTime=17), (In=42,Out=5,WaitTime=17), (In=44,Out=47,WaitTime=17), (In=49,Out=42,WaitTime=17)] [(In=2,Out=2,WaitTime=1), (In=38,Out=7,WaitTime=20), (In=37,Out=4,WaitTime=20), (In=23,Out=36,WaitTime=20), (In=38,Out=29,WaitTime=20), (In=19,Out=18,WaitTime=20), (In=40,Out=19,WaitTime=20), (In=18,Out=37,WaitTime=20), (In=45,Out=36,WaitTime=20), (In=8,Out=19,WaitTime=20), (In=8,Out=41,WaitTime=20), (In=7,Out=22,WaitTime=20), (In=43,Out=45,WaitTime=20), (In=3,Out=16,WaitTime=20), (In=3,Out=3,WaitTime=43), (In=38,Out=38,WaitTime=21), (In=42,Out=42,WaitTime=26), (In=1,Out=17,WaitTime=20)] [(In=25,Out=38,WaitTime=10), (In=24,Out=41,WaitTime=10), (In=9,Out=9,WaitTime=9), (In=46,Out=46,WaitTime=1), (In=4,Out=20,WaitTime=10), (In=45,Out=28,WaitTime=10)]
Distance             =              40             448              96
------------------------------------------------------------------------------
Elevator ID          =              10              11              12
Direction            =               1              -1              -1
Current Floor        =              27              15              34
Total Capacity       =              20              20              20
Current Capacity     =              18              18              18
Number of stops      =              24               3               2
Stops in floors      = [(In=47,Out=36,WaitTime=4), (In=28,Out=23,WaitTime=4), (In=28,Out=34,WaitTime=4), (In=32,Out=18,WaitTime=4), (In=20,Out=8,WaitTime=4), (In=20,Out=25,WaitTime=4), (In=33,Out=31,WaitTime=4), (In=19,Out=4,WaitTime=15), (In=48,Out=26,WaitTime=4), (In=17,Out=15,WaitTime=4), (In=17,Out=2,WaitTime=4), (In=45,Out=9,WaitTime=4), (In=16,Out=3,WaitTime=4), (In=13,Out=24,WaitTime=15), (In=29,Out=47,WaitTime=4), (In=11,Out=35,WaitTime=4), (In=9,Out=37,WaitTime=15), (In=42,Out=10,WaitTime=15), (In=46,Out=24,WaitTime=48), (In=8,Out=8,WaitTime=5), (In=8,Out=8,WaitTime=16), (In=7,Out=41,WaitTime=4), (In=4,Out=13,WaitTime=4), (In=2,Out=43,WaitTime=4)] [(In=7,Out=7,WaitTime=23), (In=38,Out=43,WaitTime=48), (In=2,Out=2,WaitTime=42)] [(In=11,Out=11,WaitTime=20), (In=30,Out=30,WaitTime=9)]
Distance             =             143             100              80
------------------------------------------------------------------------------
Elevator ID          =              13              14              15
Direction            =              -1              -1              -1
Current Floor        =              26              29              35
Total Capacity       =              20              20              20
Current Capacity     =              19              18              18
Number of stops      =               1               2               3
Stops in floors      = [(In=9,Out=9,WaitTime=13)] [(In=11,Out=11,WaitTime=12), (In=2,Out=2,WaitTime=11)] [(In=34,Out=34,WaitTime=8), (In=49,Out=8,WaitTime=48), (In=22,Out=22,WaitTime=15)]
Distance             =              36             103             139
------------------------------------------------------------------------------
Elevator ID          =              16              17              18
Direction            =               1              -1              -1
Current Floor        =              37              32              24
Total Capacity       =              20              20              20
Current Capacity     =              18              17              19
Number of stops      =              19              10               1
Stops in floors      = [(In=45,Out=8,WaitTime=3), (In=34,Out=40,WaitTime=3), (In=48,Out=47,WaitTime=3), (In=32,Out=27,WaitTime=3), (In=37,Out=2,WaitTime=3), (In=29,Out=12,WaitTime=8), (In=45,Out=31,WaitTime=3), (In=27,Out=22,WaitTime=3), (In=27,Out=47,WaitTime=3), (In=44,Out=5,WaitTime=3), (In=25,Out=37,WaitTime=3), (In=24,Out=14,WaitTime=3), (In=24,Out=24,WaitTime=4), (In=23,Out=13,WaitTime=3), (In=21,Out=33,WaitTime=8), (In=18,Out=18,WaitTime=9), (In=15,Out=44,WaitTime=3), (In=6,Out=18,WaitTime=3), (In=1,Out=17,WaitTime=3)] [(In=30,Out=30,WaitTime=6), (In=23,Out=26,WaitTime=7), (In=20,Out=18,WaitTime=7), (In=15,Out=41,WaitTime=7), (In=40,Out=40,WaitTime=2), (In=13,Out=34,WaitTime=7), (In=48,Out=3,WaitTime=7), (In=8,Out=2,WaitTime=7), (In=5,Out=5,WaitTime=9), (In=48,Out=38,WaitTime=7)] [(In=11,Out=11,WaitTime=13)]
Distance             =             134              95              34
------------------------------------------------------------------------------
Elevator ID          =              19              20              21
Direction            =              -1              -1              -1
Current Floor        =              27              35               4
Total Capacity       =              20              20              20
Current Capacity     =              15              16              18
Number of stops      =              14               4              16
Stops in floors      = [(In=21,Out=21,WaitTime=15), (In=39,Out=39,WaitTime=16), (In=39,Out=39,WaitTime=37), (In=43,Out=41,WaitTime=36), (In=12,Out=12,WaitTime=32), (In=44,Out=37,WaitTime=36), (In=44,Out=12,WaitTime=36), (In=10,Out=18,WaitTime=36), (In=45,Out=45,WaitTime=26), (In=45,Out=21,WaitTime=36), (In=45,Out=6,WaitTime=46), (In=11,Out=31,WaitTime=36), (In=47,Out=41,WaitTime=36), (In=47,Out=37,WaitTime=36)] [(In=13,Out=13,WaitTime=26), (In=42,Out=42,WaitTime=8), (In=44,Out=44,WaitTime=7), (In=47,Out=47,WaitTime=18)] [(In=3,Out=3,WaitTime=22), (In=28,Out=14,WaitTime=23), (In=28,Out=16,WaitTime=23), (In=33,Out=11,WaitTime=23), (In=34,Out=17,WaitTime=23), (In=36,Out=41,WaitTime=23), (In=22,Out=45,WaitTime=23), (In=38,Out=3,WaitTime=23), (In=1,Out=30,WaitTime=23), (In=40,Out=43,WaitTime=23), (In=43,Out=1,WaitTime=23), (In=21,Out=9,WaitTime=23), (In=44,Out=40,WaitTime=23), (In=44,Out=44,WaitTime=24), (In=2,Out=6,WaitTime=23), (In=45,Out=33,WaitTime=23)]
Distance             =             401             190              38
------------------------------------------------------------------------------
Elevator ID          =              22              23              24
Direction            =              -1              -1              -1
Current Floor        =               6              47              13
Total Capacity       =              20              20              20
Current Capacity     =              19              19              14
Number of stops      =              17               1              13
Stops in floors      = [(In=1,Out=6,WaitTime=22), (In=6,Out=29,WaitTime=22), (In=10,Out=12,WaitTime=22), (In=4,Out=37,WaitTime=22), (In=16,Out=45,WaitTime=22), (In=3,Out=17,WaitTime=22), (In=25,Out=22,WaitTime=22), (In=17,Out=24,WaitTime=22), (In=30,Out=30,WaitTime=23), (In=13,Out=5,WaitTime=22), (In=36,Out=1,WaitTime=22), (In=39,Out=16,WaitTime=22), (In=39,Out=22,WaitTime=22), (In=45,Out=15,WaitTime=22), (In=46,Out=24,WaitTime=22), (In=47,Out=33,WaitTime=22), (In=49,Out=26,WaitTime=22)] [(In=40,Out=40,WaitTime=1)] [(In=1,Out=1,WaitTime=21), (In=31,Out=31,WaitTime=18), (In=32,Out=49,WaitTime=31), (In=5,Out=29,WaitTime=31), (In=38,Out=38,WaitTime=23), (In=40,Out=40,WaitTime=29), (In=41,Out=32,WaitTime=31), (In=15,Out=14,WaitTime=31), (In=42,Out=42,WaitTime=32), (In=3,Out=13,WaitTime=31), (In=43,Out=43,WaitTime=20), (In=47,Out=16,WaitTime=31), (In=47,Out=48,WaitTime=31)]
Distance             =              44              79             190
------------------------------------------------------------------------------
Elevator ID          =              25              26              27
Direction            =              -1              -1               1
Current Floor        =              29              38              45
Total Capacity       =              20              20              20
Current Capacity     =              18              15              18
Number of stops      =               4              20              16
Stops in floors      = [(In=19,Out=19,WaitTime=15), (In=42,Out=42,WaitTime=10), (In=49,Out=42,WaitTime=37), (In=2,Out=21,WaitTime=37)] [(In=13,Out=13,WaitTime=3), (In=18,Out=18,WaitTime=2), (In=41,Out=25,WaitTime=25), (In=23,Out=6,WaitTime=25), (In=34,Out=36,WaitTime=25), (In=47,Out=47,WaitTime=11), (In=49,Out=49,WaitTime=22), (In=49,Out=15,WaitTime=25), (In=23,Out=13,WaitTime=25), (In=32,Out=47,WaitTime=25), (In=20,Out=14,WaitTime=25), (In=33,Out=5,WaitTime=25), (In=19,Out=49,WaitTime=25), (In=31,Out=42,WaitTime=25), (In=17,Out=5,WaitTime=25), (In=13,Out=16,WaitTime=25), (In=11,Out=44,WaitTime=25), (In=8,Out=2,WaitTime=25), (In=2,Out=2,WaitTime=28), (In=44,Out=16,WaitTime=25)] [(In=46,Out=1,WaitTime=9), (In=42,Out=46,WaitTime=9), (In=48,Out=19,WaitTime=9), (In=38,Out=10,WaitTime=9), (In=41,Out=19,WaitTime=9), (In=36,Out=26,WaitTime=9), (In=35,Out=17,WaitTime=9), (In=40,Out=6,WaitTime=9), (In=28,Out=32,WaitTime=9), (In=26,Out=3,WaitTime=9), (In=25,Out=20,WaitTime=9), (In=24,Out=47,WaitTime=9), (In=14,Out=18,WaitTime=9), (In=5,Out=22,WaitTime=9), (In=1,Out=1,WaitTime=13), (In=37,Out=37,WaitTime=10)]
Distance             =             170             480              74
------------------------------------------------------------------------------
Elevator ID          =              28              29              30
Direction            =               1               0               1
Current Floor        =              30              29              10
Total Capacity       =              20              20              20
Current Capacity     =              19              20              18
Number of stops      =               5               0              12
Stops in floors      = [(In=40,Out=37,WaitTime=27), (In=16,Out=14,WaitTime=27), (In=42,Out=41,WaitTime=27), (In=44,Out=44,WaitTime=28), (In=4,Out=5,WaitTime=27)]              [] [(In=18,Out=18,WaitTime=10), (In=20,Out=10,WaitTime=33), (In=21,Out=35,WaitTime=33), (In=22,Out=30,WaitTime=33), (In=22,Out=39,WaitTime=33), (In=34,Out=38,WaitTime=33), (In=11,Out=37,WaitTime=33), (In=40,Out=7,WaitTime=33), (In=42,Out=13,WaitTime=33), (In=43,Out=43,WaitTime=29), (In=43,Out=30,WaitTime=33), (In=45,Out=31,WaitTime=33)]
Distance             =              24               4             296
------------------------------------------------------------------------------
Elevator ID          =              31              32              33
Direction            =              -1               1              -1
Current Floor        =              44              16              18
Total Capacity       =              20              20              20
Current Capacity     =              16              15              18
Number of stops      =              22              12              15
Stops in floors      = [(In=29,Out=29,WaitTime=3), (In=3,Out=3,WaitTime=1), (In=47,Out=31,WaitTime=16), (In=36,Out=20,WaitTime=16), (In=36,Out=14,WaitTime=16), (In=35,Out=26,WaitTime=16), (In=37,Out=20,WaitTime=16), (In=32,Out=19,WaitTime=16), (In=33,Out=15,WaitTime=16), (In=48,Out=42,WaitTime=16), (In=29,Out=29,WaitTime=17), (In=30,Out=21,WaitTime=45), (In=28,Out=13,WaitTime=16), (In=15,Out=33,WaitTime=16), (In=13,Out=3,WaitTime=16), (In=13,Out=37,WaitTime=16), (In=11,Out=33,WaitTime=16), (In=7,Out=18,WaitTime=16), (In=5,Out=5,WaitTime=25), (In=49,Out=4,WaitTime=24), (In=4,Out=30,WaitTime=16), (In=3,Out=37,WaitTime=16)] [(In=27,Out=27,WaitTime=8), (In=29,Out=45,WaitTime=35), (In=33,Out=29,WaitTime=35), (In=38,Out=38,WaitTime=32), (In=38,Out=45,WaitTime=35), (In=38,Out=38,WaitTime=36), (In=43,Out=22,WaitTime=35), (In=45,Out=45,WaitTime=22), (In=45,Out=45,WaitTime=28), (In=46,Out=47,WaitTime=35), (In=47,Out=41,WaitTime=35), (In=49,Out=39,WaitTime=35)] [(In=11,Out=32,WaitTime=39), (In=11,Out=18,WaitTime=39), (In=13,Out=13,WaitTime=37), (In=14,Out=21,WaitTime=39), (In=17,Out=26,WaitTime=39), (In=23,Out=30,WaitTime=39), (In=26,Out=19,WaitTime=39), (In=28,Out=19,WaitTime=39), (In=36,Out=4,WaitTime=39), (In=36,Out=9,WaitTime=39), (In=38,Out=38,WaitTime=40), (In=42,Out=17,WaitTime=39), (In=43,Out=45,WaitTime=39), (In=47,Out=48,WaitTime=39), (In=49,Out=33,WaitTime=39)]
Distance             =             404             332             362
------------------------------------------------------------------------------
Elevator ID          =              34              35              36
Direction            =               1              -1               1
Current Floor        =              43              20              29
Total Capacity       =              20              20              20
Current Capacity     =              19              19              15
Number of stops      =              11              17              15
Stops in floors      = [(In=47,Out=46,WaitTime=11), (In=43,Out=8,WaitTime=11), (In=36,Out=4,WaitTime=11), (In=45,Out=46,WaitTime=11), (In=34,Out=1,WaitTime=11), (In=46,Out=9,WaitTime=11), (In=27,Out=15,WaitTime=11), (In=20,Out=43,WaitTime=11), (In=17,Out=39,WaitTime=11), (In=2,Out=2,WaitTime=12), (In=39,Out=12,WaitTime=11)] [(In=7,Out=12,WaitTime=13), (In=13,Out=46,WaitTime=13), (In=16,Out=45,WaitTime=13), (In=19,Out=9,WaitTime=13), (In=2,Out=47,WaitTime=13), (In=27,Out=49,WaitTime=13), (In=22,Out=7,WaitTime=13), (In=22,Out=15,WaitTime=13), (In=16,Out=10,WaitTime=13), (In=33,Out=33,WaitTime=14), (In=12,Out=33,WaitTime=13), (In=34,Out=16,WaitTime=13), (In=40,Out=33,WaitTime=13), (In=41,Out=4,WaitTime=13), (In=42,Out=24,WaitTime=13), (In=47,Out=7,WaitTime=13), (In=49,Out=37,WaitTime=13)] [(In=30,Out=47,WaitTime=26), (In=13,Out=13,WaitTime=19), (In=34,Out=34,WaitTime=20), (In=34,Out=42,WaitTime=26), (In=38,Out=47,WaitTime=26), (In=39,Out=5,WaitTime=26), (In=13,Out=17,WaitTime=26), (In=40,Out=44,WaitTime=26), (In=40,Out=42,WaitTime=26), (In=40,Out=6,WaitTime=26), (In=41,Out=41,WaitTime=27), (In=3,Out=18,WaitTime=26), (In=43,Out=6,WaitTime=26), (In=44,Out=44,WaitTime=22), (In=47,Out=47,WaitTime=17)]
Distance             =              33              30             162
------------------------------------------------------------------------------
Elevator ID          =              37              38              39
Direction            =               1               1               1
Current Floor        =              45              31              11
Total Capacity       =              20              20              20
Current Capacity     =              17              18              17
Number of stops      =               3               2              12
Stops in floors      = [(In=48,Out=48,WaitTime=21), (In=49,Out=49,WaitTime=23), (In=3,Out=3,WaitTime=14)] [(In=36,Out=36,WaitTime=35), (In=47,Out=47,WaitTime=8)] [(In=14,Out=14,WaitTime=3), (In=18,Out=43,WaitTime=28), (In=18,Out=18,WaitTime=42), (In=20,Out=21,WaitTime=28), (In=26,Out=27,WaitTime=28), (In=27,Out=21,WaitTime=28), (In=30,Out=22,WaitTime=28), (In=31,Out=31,WaitTime=30), (In=37,Out=7,WaitTime=28), (In=40,Out=35,WaitTime=44), (In=42,Out=4,WaitTime=28), (In=45,Out=32,WaitTime=28)]
Distance             =              90             120             363
------------------------------------------------------------------------------
Elevator ID          =              40              41              42
Direction            =               1               1               1
Current Floor        =              31              34              41
Total Capacity       =              20              20              20
Current Capacity     =              19              17              18
Number of stops      =               2              14               3
Stops in floors      = [(In=38,Out=12,WaitTime=44), (In=29,Out=29,WaitTime=12)] [(In=42,Out=42,WaitTime=19), (In=17,Out=10,WaitTime=21), (In=25,Out=25,WaitTime=22), (In=14,Out=20,WaitTime=21), (In=26,Out=49,WaitTime=21), (In=28,Out=16,WaitTime=21), (In=31,Out=45,WaitTime=21), (In=32,Out=21,WaitTime=43), (In=20,Out=1,WaitTime=21), (In=38,Out=26,WaitTime=21), (In=41,Out=45,WaitTime=21), (In=41,Out=11,WaitTime=21), (In=41,Out=30,WaitTime=21), (In=12,Out=12,WaitTime=16)] [(In=47,Out=47,WaitTime=40), (In=47,Out=30,WaitTime=40), (In=49,Out=49,WaitTime=15)]
Distance             =             122             114              75
------------------------------------------------------------------------------
Elevator ID          =              43              44              45
Direction            =               1              -1               0
Current Floor        =              40              42              26
Total Capacity       =              20              20              20
Current Capacity     =              19              19              20
Number of stops      =              18               1               0
Stops in floors      = [(In=48,Out=4,WaitTime=1), (In=45,Out=2,WaitTime=1), (In=44,Out=24,WaitTime=1), (In=45,Out=40,WaitTime=1), (In=39,Out=39,WaitTime=3), (In=46,Out=7,WaitTime=2), (In=38,Out=27,WaitTime=1), (In=30,Out=46,WaitTime=1), (In=26,Out=13,WaitTime=1), (In=24,Out=5,WaitTime=1), (In=21,Out=43,WaitTime=1), (In=20,Out=40,WaitTime=1), (In=19,Out=6,WaitTime=1), (In=15,Out=17,WaitTime=1), (In=13,Out=27,WaitTime=1), (In=5,Out=41,WaitTime=1), (In=5,Out=16,WaitTime=2), (In=1,Out=5,WaitTime=1)] [(In=12,Out=12,WaitTime=12)]              []
Distance             =              44              58              16
------------------------------------------------------------------------------
Elevator ID          =              46              47              48
Direction            =              -1               1               1
Current Floor        =              30              40              43
Total Capacity       =              20              20              20
Current Capacity     =              16              17              20
Number of stops      =              13              17               1
Stops in floors      = [(In=5,Out=5,WaitTime=3), (In=15,Out=15,WaitTime=9), (In=4,Out=16,WaitTime=14), (In=37,Out=19,WaitTime=14), (In=37,Out=47,WaitTime=14), (In=27,Out=11,WaitTime=14), (In=38,Out=38,WaitTime=5), (In=41,Out=8,WaitTime=14), (In=42,Out=21,WaitTime=14), (In=43,Out=39,WaitTime=14), (In=44,Out=44,WaitTime=15), (In=9,Out=16,WaitTime=14), (In=48,Out=29,WaitTime=14)] [(In=47,Out=13,WaitTime=6), (In=44,Out=5,WaitTime=6), (In=37,Out=7,WaitTime=6), (In=43,Out=34,WaitTime=6), (In=34,Out=46,WaitTime=6), (In=34,Out=34,WaitTime=7), (In=43,Out=43,WaitTime=31), (In=31,Out=10,WaitTime=6), (In=29,Out=25,WaitTime=6), (In=27,Out=32,WaitTime=6), (In=23,Out=10,WaitTime=6), (In=22,Out=41,WaitTime=6), (In=19,Out=33,WaitTime=6), (In=13,Out=27,WaitTime=6), (In=12,Out=12,WaitTime=13), (In=4,Out=30,WaitTime=6), (In=1,Out=31,WaitTime=6)] [(In=46,Out=20,WaitTime=42)]
Distance             =             201             122               0
##############################################################################

