SOLUCION FINAL:
Num elevators = 50
Num floors = 50
Cost = 10297
------------------------------------------------------------------------------
Elevator ID          =               1               2               3
Direction            =              -1               1               1
Current Floor        =              27              30               3
Total Capacity       =              20              20              20
Current Capacity     =              11              11              19
Number of stops      =              28              16               3
Stops in floors      = [(In=7,Out=7,WaitTime=1), (In=1,Out=1,WaitTime=1), (In=28,Out=28,WaitTime=15), (In=28,Out=31,WaitTime=48), (In=29,Out=37,WaitTime=50), (In=31,Out=45,WaitTime=49), (In=31,Out=11,WaitTime=49), (In=31,Out=38,WaitTime=50), (In=32,Out=32,WaitTime=3), (In=32,Out=32,WaitTime=11), (In=34,Out=8,WaitTime=48), (In=35,Out=22,WaitTime=48), (In=36,Out=39,WaitTime=48), (In=38,Out=38,WaitTime=9), (In=38,Out=43,WaitTime=48), (In=38,Out=11,WaitTime=48), (In=38,Out=9,WaitTime=49), (In=39,Out=2,WaitTime=48), (In=41,Out=18,WaitTime=48), (In=42,Out=42,WaitTime=2), (In=42,Out=34,WaitTime=48), (In=42,Out=30,WaitTime=49), (In=43,Out=17,WaitTime=50), (In=45,Out=45,WaitTime=50), (In=46,Out=24,WaitTime=48), (In=46,Out=12,WaitTime=50), (In=48,Out=48,WaitTime=8), (In=49,Out=8,WaitTime=48)] [(In=35,Out=35,WaitTime=28), (In=22,Out=22,WaitTime=1), (In=36,Out=9,WaitTime=10), (In=21,Out=21,WaitTime=4), (In=37,Out=7,WaitTime=28), (In=13,Out=13,WaitTime=10), (In=38,Out=38,WaitTime=6), (In=40,Out=37,WaitTime=27), (In=14,Out=14,WaitTime=15), (In=41,Out=41,WaitTime=7), (In=42,Out=41,WaitTime=27), (In=42,Out=4,WaitTime=28), (In=43,Out=43,WaitTime=13), (In=45,Out=28,WaitTime=10), (In=45,Out=32,WaitTime=28), (In=46,Out=46,WaitTime=3)] [(In=5,Out=41,WaitTime=1), (In=13,Out=27,WaitTime=1), (In=17,Out=17,WaitTime=3)]
Distance             =            1684             647              18
------------------------------------------------------------------------------
Elevator ID          =               4               5               6
Direction            =               1               0               1
Current Floor        =              27               1               7
Total Capacity       =              20              20              20
Current Capacity     =              13              20              18
Number of stops      =              20               0              15
Stops in floors      = [(In=30,Out=30,WaitTime=2), (In=30,Out=30,WaitTime=6), (In=30,Out=47,WaitTime=46), (In=34,Out=38,WaitTime=33), (In=35,Out=35,WaitTime=29), (In=35,Out=1,WaitTime=46), (In=36,Out=11,WaitTime=47), (In=12,Out=12,WaitTime=34), (In=38,Out=37,WaitTime=46), (In=38,Out=32,WaitTime=47), (In=39,Out=39,WaitTime=6), (In=39,Out=39,WaitTime=48), (In=40,Out=7,WaitTime=33), (In=40,Out=5,WaitTime=47), (In=42,Out=13,WaitTime=33), (In=42,Out=42,WaitTime=34), (In=43,Out=30,WaitTime=33), (In=45,Out=31,WaitTime=33), (In=45,Out=6,WaitTime=46), (In=47,Out=40,WaitTime=46)]              [] [(In=15,Out=44,WaitTime=3), (In=18,Out=18,WaitTime=2), (In=23,Out=13,WaitTime=3), (In=24,Out=14,WaitTime=3), (In=25,Out=37,WaitTime=3), (In=27,Out=22,WaitTime=3), (In=27,Out=47,WaitTime=3), (In=30,Out=30,WaitTime=4), (In=32,Out=27,WaitTime=3), (In=34,Out=40,WaitTime=3), (In=37,Out=2,WaitTime=3), (In=44,Out=5,WaitTime=3), (In=45,Out=8,WaitTime=3), (In=45,Out=31,WaitTime=3), (In=48,Out=47,WaitTime=3)]
Distance             =             913               0              65
------------------------------------------------------------------------------
Elevator ID          =               7               8               9
Direction            =               0               1               0
Current Floor        =               1               6               1
Total Capacity       =              20              20              20
Current Capacity     =              20              16              20
Number of stops      =               0              20               0
Stops in floors      =              [] [(In=9,Out=9,WaitTime=2), (In=15,Out=17,WaitTime=1), (In=16,Out=16,WaitTime=2), (In=17,Out=18,WaitTime=5), (In=19,Out=6,WaitTime=1), (In=20,Out=40,WaitTime=1), (In=20,Out=39,WaitTime=5), (In=21,Out=43,WaitTime=1), (In=21,Out=13,WaitTime=5), (In=24,Out=5,WaitTime=1), (In=26,Out=13,WaitTime=1), (In=30,Out=46,WaitTime=1), (In=31,Out=31,WaitTime=6), (In=38,Out=27,WaitTime=1), (In=44,Out=24,WaitTime=1), (In=45,Out=2,WaitTime=1), (In=45,Out=40,WaitTime=1), (In=46,Out=7,WaitTime=2), (In=48,Out=4,WaitTime=1), (In=48,Out=48,WaitTime=3)]              []
Distance             =               0              74               0
------------------------------------------------------------------------------
Elevator ID          =              10              11              12
Direction            =               0               1               1
Current Floor        =               1              34              17
Total Capacity       =              20              20              20
Current Capacity     =              20               9              17
Number of stops      =               0              24              15
Stops in floors      =              [] [(In=35,Out=35,WaitTime=15), (In=19,Out=19,WaitTime=2), (In=37,Out=37,WaitTime=18), (In=21,Out=21,WaitTime=2), (In=38,Out=38,WaitTime=30), (In=38,Out=45,WaitTime=35), (In=38,Out=42,WaitTime=37), (In=39,Out=39,WaitTime=11), (In=43,Out=22,WaitTime=35), (In=43,Out=41,WaitTime=36), (In=44,Out=37,WaitTime=36), (In=44,Out=12,WaitTime=36), (In=45,Out=45,WaitTime=14), (In=45,Out=45,WaitTime=20), (In=45,Out=45,WaitTime=21), (In=45,Out=45,WaitTime=26), (In=45,Out=21,WaitTime=36), (In=46,Out=47,WaitTime=35), (In=47,Out=47,WaitTime=19), (In=47,Out=41,WaitTime=35), (In=47,Out=41,WaitTime=36), (In=47,Out=37,WaitTime=36), (In=49,Out=39,WaitTime=35), (In=49,Out=42,WaitTime=37)] [(In=20,Out=18,WaitTime=7), (In=21,Out=33,WaitTime=8), (In=23,Out=26,WaitTime=7), (In=27,Out=11,WaitTime=14), (In=29,Out=12,WaitTime=8), (In=33,Out=40,WaitTime=7), (In=34,Out=34,WaitTime=5), (In=36,Out=24,WaitTime=8), (In=37,Out=30,WaitTime=7), (In=37,Out=47,WaitTime=14), (In=37,Out=37,WaitTime=15), (In=4,Out=30,WaitTime=16), (In=6,Out=34,WaitTime=17), (In=6,Out=6,WaitTime=19), (In=7,Out=18,WaitTime=16)]
Distance             =               0            1050             188
------------------------------------------------------------------------------
Elevator ID          =              13              14              15
Direction            =               1               1              -1
Current Floor        =              22              11               6
Total Capacity       =              20              20              20
Current Capacity     =              15              17               7
Number of stops      =              41              15              29
Stops in floors      = [(In=23,Out=6,WaitTime=25), (In=23,Out=13,WaitTime=25), (In=24,Out=44,WaitTime=26), (In=25,Out=38,WaitTime=31), (In=26,Out=34,WaitTime=26), (In=27,Out=13,WaitTime=26), (In=27,Out=21,WaitTime=26), (In=27,Out=1,WaitTime=31), (In=28,Out=43,WaitTime=31), (In=29,Out=47,WaitTime=26), (In=30,Out=47,WaitTime=25), (In=30,Out=47,WaitTime=26), (In=30,Out=31,WaitTime=31), (In=31,Out=42,WaitTime=25), (In=32,Out=47,WaitTime=25), (In=32,Out=49,WaitTime=31), (In=33,Out=5,WaitTime=25), (In=34,Out=36,WaitTime=25), (In=34,Out=42,WaitTime=26), (In=35,Out=41,WaitTime=30), (In=36,Out=36,WaitTime=32), (In=37,Out=37,WaitTime=30), (In=38,Out=13,WaitTime=25), (In=38,Out=47,WaitTime=26), (In=39,Out=18,WaitTime=25), (In=39,Out=5,WaitTime=26), (In=40,Out=44,WaitTime=26), (In=40,Out=42,WaitTime=26), (In=40,Out=6,WaitTime=26), (In=40,Out=42,WaitTime=30), (In=41,Out=25,WaitTime=25), (In=41,Out=44,WaitTime=30), (In=41,Out=32,WaitTime=31), (In=43,Out=43,WaitTime=23), (In=43,Out=6,WaitTime=26), (In=44,Out=16,WaitTime=25), (In=47,Out=16,WaitTime=31), (In=47,Out=48,WaitTime=31), (In=49,Out=49,WaitTime=22), (In=49,Out=49,WaitTime=22), (In=49,Out=15,WaitTime=25)] [(In=13,Out=27,WaitTime=6), (In=19,Out=33,WaitTime=6), (In=20,Out=20,WaitTime=8), (In=2,Out=2,WaitTime=4), (In=22,Out=41,WaitTime=6), (In=22,Out=22,WaitTime=7), (In=23,Out=10,WaitTime=6), (In=27,Out=32,WaitTime=6), (In=29,Out=25,WaitTime=6), (In=31,Out=10,WaitTime=6), (In=34,Out=46,WaitTime=6), (In=37,Out=7,WaitTime=6), (In=43,Out=34,WaitTime=6), (In=44,Out=5,WaitTime=6), (In=47,Out=13,WaitTime=6)] [(In=3,Out=3,WaitTime=17), (In=23,Out=23,WaitTime=18), (In=23,Out=42,WaitTime=34), (In=24,Out=24,WaitTime=23), (In=24,Out=34,WaitTime=29), (In=24,Out=10,WaitTime=29), (In=26,Out=26,WaitTime=20), (In=26,Out=18,WaitTime=29), (In=26,Out=33,WaitTime=29), (In=27,Out=27,WaitTime=28), (In=28,Out=38,WaitTime=34), (In=30,Out=30,WaitTime=25), (In=30,Out=29,WaitTime=29), (In=31,Out=31,WaitTime=19), (In=31,Out=31,WaitTime=28), (In=32,Out=32,WaitTime=30), (In=35,Out=35,WaitTime=28), (In=36,Out=27,WaitTime=34), (In=38,Out=47,WaitTime=29), (In=38,Out=5,WaitTime=34), (In=39,Out=39,WaitTime=25), (In=39,Out=24,WaitTime=29), (In=39,Out=39,WaitTime=33), (In=40,Out=39,WaitTime=29), (In=43,Out=25,WaitTime=29), (In=43,Out=43,WaitTime=31), (In=43,Out=17,WaitTime=34), (In=45,Out=34,WaitTime=29), (In=49,Out=33,WaitTime=29)]
Distance             =             472             120             559
------------------------------------------------------------------------------
Elevator ID          =              16              17              18
Direction            =               1              -1               0
Current Floor        =              20              22               1
Total Capacity       =              20              20              20
Current Capacity     =              18               9              20
Number of stops      =              11              21               0
Stops in floors      = [(In=23,Out=36,WaitTime=5), (In=25,Out=16,WaitTime=5), (In=31,Out=31,WaitTime=5), (In=34,Out=46,WaitTime=5), (In=35,Out=19,WaitTime=5), (In=37,Out=25,WaitTime=5), (In=40,Out=49,WaitTime=5), (In=41,Out=41,WaitTime=6), (In=43,Out=16,WaitTime=5), (In=44,Out=7,WaitTime=5), (In=44,Out=1,WaitTime=5)] [(In=2,Out=2,WaitTime=4), (In=5,Out=5,WaitTime=1), (In=23,Out=49,WaitTime=44), (In=23,Out=44,WaitTime=45), (In=25,Out=48,WaitTime=44), (In=27,Out=27,WaitTime=6), (In=30,Out=21,WaitTime=45), (In=31,Out=31,WaitTime=7), (In=32,Out=32,WaitTime=14), (In=32,Out=3,WaitTime=44), (In=34,Out=34,WaitTime=14), (In=34,Out=29,WaitTime=44), (In=34,Out=2,WaitTime=44), (In=36,Out=36,WaitTime=5), (In=36,Out=36,WaitTime=45), (In=37,Out=30,WaitTime=44), (In=38,Out=12,WaitTime=44), (In=39,Out=39,WaitTime=12), (In=40,Out=35,WaitTime=44), (In=41,Out=41,WaitTime=4), (In=44,Out=44,WaitTime=4)]              []
Distance             =              86            1198               0
------------------------------------------------------------------------------
Elevator ID          =              19              20              21
Direction            =               0               1              -1
Current Floor        =               1              15               8
Total Capacity       =              20              20              20
Current Capacity     =              20              15              13
Number of stops      =               0              27              19
Stops in floors      =              [] [(In=23,Out=23,WaitTime=31), (In=23,Out=30,WaitTime=39), (In=25,Out=3,WaitTime=23), (In=26,Out=26,WaitTime=25), (In=26,Out=19,WaitTime=39), (In=28,Out=14,WaitTime=23), (In=28,Out=16,WaitTime=23), (In=28,Out=19,WaitTime=39), (In=30,Out=29,WaitTime=24), (In=32,Out=32,WaitTime=31), (In=33,Out=11,WaitTime=23), (In=34,Out=17,WaitTime=23), (In=36,Out=41,WaitTime=23), (In=36,Out=4,WaitTime=39), (In=36,Out=9,WaitTime=39), (In=38,Out=3,WaitTime=23), (In=40,Out=43,WaitTime=23), (In=42,Out=17,WaitTime=39), (In=43,Out=1,WaitTime=23), (In=43,Out=45,WaitTime=39), (In=44,Out=40,WaitTime=23), (In=45,Out=45,WaitTime=20), (In=45,Out=33,WaitTime=23), (In=47,Out=48,WaitTime=39), (In=47,Out=47,WaitTime=40), (In=49,Out=4,WaitTime=24), (In=49,Out=33,WaitTime=39)] [(In=3,Out=3,WaitTime=24), (In=29,Out=29,WaitTime=41), (In=29,Out=42,WaitTime=41), (In=30,Out=12,WaitTime=41), (In=30,Out=44,WaitTime=43), (In=31,Out=31,WaitTime=24), (In=31,Out=12,WaitTime=41), (In=31,Out=42,WaitTime=42), (In=31,Out=33,WaitTime=43), (In=32,Out=21,WaitTime=43), (In=32,Out=5,WaitTime=43), (In=36,Out=34,WaitTime=41), (In=38,Out=38,WaitTime=38), (In=38,Out=38,WaitTime=40), (In=42,Out=39,WaitTime=43), (In=43,Out=43,WaitTime=35), (In=46,Out=20,WaitTime=42), (In=47,Out=30,WaitTime=40), (In=49,Out=49,WaitTime=20)]
Distance             =               0             412             598
------------------------------------------------------------------------------
Elevator ID          =              22              23              24
Direction            =              -1               1               0
Current Floor        =              16              24               1
Total Capacity       =              20              20              20
Current Capacity     =              17              16              20
Number of stops      =              12              21               0
Stops in floors      = [(In=10,Out=10,WaitTime=6), (In=12,Out=12,WaitTime=4), (In=20,Out=20,WaitTime=9), (In=20,Out=1,WaitTime=21), (In=22,Out=42,WaitTime=21), (In=26,Out=49,WaitTime=21), (In=28,Out=16,WaitTime=21), (In=31,Out=45,WaitTime=21), (In=38,Out=26,WaitTime=21), (In=41,Out=45,WaitTime=21), (In=41,Out=11,WaitTime=21), (In=41,Out=30,WaitTime=21)] [(In=25,Out=36,WaitTime=17), (In=28,Out=13,WaitTime=16), (In=3,Out=3,WaitTime=12), (In=32,Out=19,WaitTime=16), (In=32,Out=31,WaitTime=17), (In=33,Out=33,WaitTime=10), (In=33,Out=33,WaitTime=14), (In=33,Out=15,WaitTime=16), (In=35,Out=26,WaitTime=16), (In=36,Out=14,WaitTime=16), (In=36,Out=20,WaitTime=16), (In=37,Out=37,WaitTime=12), (In=37,Out=20,WaitTime=16), (In=40,Out=33,WaitTime=17), (In=42,Out=29,WaitTime=16), (In=42,Out=5,WaitTime=17), (In=44,Out=3,WaitTime=16), (In=44,Out=47,WaitTime=17), (In=47,Out=31,WaitTime=16), (In=48,Out=42,WaitTime=16), (In=49,Out=42,WaitTime=17)]              []
Distance             =             267             244               0
------------------------------------------------------------------------------
Elevator ID          =              25              26              27
Direction            =               1               0               0
Current Floor        =              31               1               1
Total Capacity       =              20              20              20
Current Capacity     =              18              20              20
Number of stops      =               2               0               0
Stops in floors      = [(In=32,Out=32,WaitTime=21), (In=40,Out=40,WaitTime=13)]              []              []
Distance             =             204               0               0
------------------------------------------------------------------------------
Elevator ID          =              28              29              30
Direction            =               0               0               0
Current Floor        =               1               1               1
Total Capacity       =              20              20              20
Current Capacity     =              20              20              20
Number of stops      =               0               0               0
Stops in floors      =              []              []              []
Distance             =               0               0               0
------------------------------------------------------------------------------
Elevator ID          =              31              32              33
Direction            =              -1               1               0
Current Floor        =              31               1               1
Total Capacity       =              20              20              20
Current Capacity     =              15              19              20
Number of stops      =              17               1               0
Stops in floors      = [(In=15,Out=15,WaitTime=6), (In=34,Out=34,WaitTime=4), (In=35,Out=10,WaitTime=32), (In=10,Out=10,WaitTime=21), (In=36,Out=36,WaitTime=11), (In=36,Out=12,WaitTime=32), (In=36,Out=5,WaitTime=32), (In=37,Out=4,WaitTime=20), (In=38,Out=29,WaitTime=20), (In=38,Out=7,WaitTime=20), (In=40,Out=19,WaitTime=20), (In=40,Out=38,WaitTime=32), (In=42,Out=42,WaitTime=33), (In=43,Out=45,WaitTime=20), (In=43,Out=22,WaitTime=32), (In=45,Out=36,WaitTime=20), (In=49,Out=2,WaitTime=20)] [(In=5,Out=5,WaitTime=1)]              []
Distance             =             573               4               0
------------------------------------------------------------------------------
Elevator ID          =              34              35              36
Direction            =               0               1               1
Current Floor        =               3              21              24
Total Capacity       =              20              20              20
Current Capacity     =              20              18              17
Number of stops      =               0              17              11
Stops in floors      =              [] [(In=24,Out=47,WaitTime=9), (In=25,Out=20,WaitTime=9), (In=26,Out=3,WaitTime=9), (In=28,Out=32,WaitTime=9), (In=33,Out=33,WaitTime=10), (In=35,Out=33,WaitTime=7), (In=35,Out=17,WaitTime=9), (In=36,Out=26,WaitTime=9), (In=38,Out=10,WaitTime=9), (In=40,Out=6,WaitTime=9), (In=41,Out=41,WaitTime=7), (In=41,Out=19,WaitTime=9), (In=42,Out=46,WaitTime=9), (In=46,Out=1,WaitTime=9), (In=48,Out=3,WaitTime=7), (In=48,Out=38,WaitTime=7), (In=48,Out=19,WaitTime=9)] [(In=39,Out=1,WaitTime=18), (In=39,Out=14,WaitTime=18), (In=41,Out=41,WaitTime=19), (In=8,Out=19,WaitTime=20), (In=11,Out=44,WaitTime=25), (In=2,Out=2,WaitTime=21), (In=13,Out=16,WaitTime=25), (In=13,Out=17,WaitTime=26), (In=17,Out=5,WaitTime=25), (In=18,Out=37,WaitTime=20), (In=18,Out=18,WaitTime=26)]
Distance             =               2              92             170
------------------------------------------------------------------------------
Elevator ID          =              37              38              39
Direction            =              -1               0              -1
Current Floor        =              13               1               9
Total Capacity       =              20              20              20
Current Capacity     =              15              20              13
Number of stops      =              25               0              21
Stops in floors      = [(In=10,Out=10,WaitTime=4), (In=19,Out=9,WaitTime=13), (In=19,Out=4,WaitTime=15), (In=22,Out=7,WaitTime=13), (In=22,Out=15,WaitTime=13), (In=24,Out=24,WaitTime=7), (In=25,Out=8,WaitTime=15), (In=26,Out=15,WaitTime=14), (In=27,Out=49,WaitTime=13), (In=30,Out=38,WaitTime=14), (In=34,Out=16,WaitTime=13), (In=37,Out=37,WaitTime=11), (In=37,Out=19,WaitTime=14), (In=40,Out=33,WaitTime=13), (In=41,Out=4,WaitTime=13), (In=41,Out=8,WaitTime=14), (In=42,Out=24,WaitTime=13), (In=42,Out=21,WaitTime=14), (In=42,Out=10,WaitTime=15), (In=43,Out=39,WaitTime=14), (In=45,Out=45,WaitTime=4), (In=46,Out=46,WaitTime=7), (In=47,Out=7,WaitTime=13), (In=48,Out=29,WaitTime=14), (In=49,Out=37,WaitTime=13)]              [] [(In=5,Out=5,WaitTime=11), (In=17,Out=17,WaitTime=21), (In=17,Out=24,WaitTime=22), (In=22,Out=3,WaitTime=19), (In=25,Out=19,WaitTime=19), (In=25,Out=22,WaitTime=22), (In=29,Out=29,WaitTime=18), (In=30,Out=30,WaitTime=23), (In=36,Out=11,WaitTime=19), (In=36,Out=1,WaitTime=22), (In=37,Out=45,WaitTime=19), (In=37,Out=37,WaitTime=20), (In=39,Out=16,WaitTime=22), (In=39,Out=22,WaitTime=22), (In=42,Out=49,WaitTime=18), (In=45,Out=45,WaitTime=8), (In=45,Out=15,WaitTime=22), (In=46,Out=24,WaitTime=22), (In=47,Out=33,WaitTime=22), (In=49,Out=49,WaitTime=11), (In=49,Out=26,WaitTime=22)]
Distance             =             315               0             356
------------------------------------------------------------------------------
Elevator ID          =              40              41              42
Direction            =               0               1               0
Current Floor        =               1              14               1
Total Capacity       =              20              20              20
Current Capacity     =              20              18              20
Number of stops      =               0              17               0
Stops in floors      =              [] [(In=17,Out=39,WaitTime=11), (In=17,Out=45,WaitTime=12), (In=20,Out=43,WaitTime=11), (In=20,Out=33,WaitTime=12), (In=27,Out=27,WaitTime=8), (In=27,Out=15,WaitTime=11), (In=27,Out=14,WaitTime=12), (In=28,Out=8,WaitTime=12), (In=32,Out=8,WaitTime=12), (In=34,Out=1,WaitTime=11), (In=36,Out=4,WaitTime=11), (In=39,Out=12,WaitTime=11), (In=43,Out=8,WaitTime=11), (In=45,Out=46,WaitTime=11), (In=46,Out=9,WaitTime=11), (In=47,Out=46,WaitTime=11), (In=47,Out=47,WaitTime=13)]              []
Distance             =               0             110               0
------------------------------------------------------------------------------
Elevator ID          =              43              44              45
Direction            =               0               0               1
Current Floor        =               1               1               5
Total Capacity       =              20              20              20
Current Capacity     =              20              20              17
Number of stops      =               0               0              18
Stops in floors      =              []              [] [(In=7,Out=41,WaitTime=4), (In=11,Out=35,WaitTime=4), (In=13,Out=13,WaitTime=2), (In=16,Out=3,WaitTime=4), (In=17,Out=15,WaitTime=4), (In=17,Out=2,WaitTime=4), (In=20,Out=8,WaitTime=4), (In=20,Out=25,WaitTime=4), (In=28,Out=23,WaitTime=4), (In=28,Out=34,WaitTime=4), (In=29,Out=47,WaitTime=4), (In=32,Out=18,WaitTime=4), (In=33,Out=31,WaitTime=4), (In=43,Out=43,WaitTime=4), (In=45,Out=9,WaitTime=4), (In=47,Out=36,WaitTime=4), (In=48,Out=26,WaitTime=4), (In=48,Out=48,WaitTime=5)]
Distance             =               0               0              84
------------------------------------------------------------------------------
Elevator ID          =              46              47              48
Direction            =               0               0               0
Current Floor        =               1               1               1
Total Capacity       =              20              20              20
Current Capacity     =              20              20              20
Number of stops      =               0               0               0
Stops in floors      =              []              []              []
Distance             =               0               0               0
##############################################################################

